---------------------------------------------------------------
[ 2020-08-25T10:25:58+08:00 ] 127.0.0.1 GET /
[ info ] ccc.tp51.cn/ [运行时间：0.064513s][吞吐率：15.50req/s] [内存消耗：1,486.44kb] [文件加载：64]
[ info ] [ LANG ] D:\phpstudy_pro\WWW\tp5.1\thinkphp/lang/zh-cn.php
[ info ] [ ROUTE ] array (
)
[ info ] [ HEADER ] array (
  'cookie' => 'pgv_pvi=3933973504; thinkphp_show_page_trace=0|0',
  'accept-language' => 'zh-CN,zh;q=0.9',
  'accept-encoding' => 'gzip, deflate',
  'accept' => 'text/html,application/xhtml+xml,application/xml;q=0.9,image/webp,image/apng,*/*;q=0.8,application/signed-exchange;v=b3;q=0.9',
  'user-agent' => 'Mozilla/5.0 (Windows NT 10.0; Win64; x64) AppleWebKit/537.36 (KHTML, like Gecko) Chrome/81.0.4044.122 Safari/537.36',
  'upgrade-insecure-requests' => '1',
  'connection' => 'close',
  'host' => 'ccc.tp51.cn',
)
[ info ] [ PARAM ] array (
)
[ info ] [ VIEW ] D:\phpstudy_pro\WWW\tp5.1\application/index/view\.\index.html [ array (
) ]
[ info ] [ CACHE ] INIT File
[ info ] [ LOG ] INIT File
[ error ] [8]未定义变量: name[D:\phpstudy_pro\WWW\tp5.1\runtime\temp\7b250f34f23e24f21fd3684010c89bda.php:7]
---------------------------------------------------------------
[ 2020-08-25T10:53:25+08:00 ] 127.0.0.1 GET /index/index/pdossc
[ info ] ccc.tp51.cn/index/index/pdossc [运行时间：0.048247s][吞吐率：20.73req/s] [内存消耗：1,487.82kb] [文件加载：62]
[ info ] [ LANG ] D:\phpstudy_pro\WWW\tp5.1\thinkphp/lang/zh-cn.php
[ info ] [ ROUTE ] array (
)
[ info ] [ HEADER ] array (
  'cookie' => 'thinkphp_show_page_trace=0|0; pgv_pvi=3933973504; thinkphp_show_page_trace=0|0',
  'accept-language' => 'zh-CN,zh;q=0.9',
  'accept-encoding' => 'gzip, deflate',
  'accept' => 'text/html,application/xhtml+xml,application/xml;q=0.9,image/webp,image/apng,*/*;q=0.8,application/signed-exchange;v=b3;q=0.9',
  'user-agent' => 'Mozilla/5.0 (Windows NT 10.0; Win64; x64) AppleWebKit/537.36 (KHTML, like Gecko) Chrome/81.0.4044.122 Safari/537.36',
  'upgrade-insecure-requests' => '1',
  'cache-control' => 'max-age=0',
  'connection' => 'close',
  'host' => 'ccc.tp51.cn',
)
[ info ] [ PARAM ] array (
)
[ info ] [ CACHE ] INIT File
[ info ] [ LOG ] INIT File
[ error ] [0]致命错误: Call to a member function lpush() on bool[D:\phpstudy_pro\WWW\tp5.1\application\index\controller\Index.php:29]
---------------------------------------------------------------
[ 2020-08-25T11:03:11+08:00 ] 127.0.0.1 GET /index/index/pdossc
[ info ] ccc.tp51.cn/index/index/pdossc [运行时间：0.041719s][吞吐率：23.97req/s] [内存消耗：1,487.79kb] [文件加载：62]
[ info ] [ LANG ] D:\phpstudy_pro\WWW\tp5.1\thinkphp/lang/zh-cn.php
[ info ] [ ROUTE ] array (
)
[ info ] [ HEADER ] array (
  'cookie' => 'thinkphp_show_page_trace=0|0; pgv_pvi=3933973504; thinkphp_show_page_trace=0|0',
  'accept-language' => 'zh-CN,zh;q=0.9',
  'accept-encoding' => 'gzip, deflate',
  'accept' => 'text/html,application/xhtml+xml,application/xml;q=0.9,image/webp,image/apng,*/*;q=0.8,application/signed-exchange;v=b3;q=0.9',
  'user-agent' => 'Mozilla/5.0 (Windows NT 10.0; Win64; x64) AppleWebKit/537.36 (KHTML, like Gecko) Chrome/81.0.4044.122 Safari/537.36',
  'upgrade-insecure-requests' => '1',
  'cache-control' => 'max-age=0',
  'connection' => 'close',
  'host' => 'ccc.tp51.cn',
)
[ info ] [ PARAM ] array (
)
[ info ] [ CACHE ] INIT File
[ info ] [ LOG ] INIT File
[ error ] [0]致命错误: Call to a member function set() on bool[D:\phpstudy_pro\WWW\tp5.1\application\index\controller\Index.php:29]
---------------------------------------------------------------
[ 2020-08-25T11:03:35+08:00 ] 127.0.0.1 GET /index/index/pdossc
[ info ] ccc.tp51.cn/index/index/pdossc [运行时间：0.039656s][吞吐率：25.22req/s] [内存消耗：1,487.90kb] [文件加载：62]
[ info ] [ LANG ] D:\phpstudy_pro\WWW\tp5.1\thinkphp/lang/zh-cn.php
[ info ] [ ROUTE ] array (
)
[ info ] [ HEADER ] array (
  'cookie' => 'thinkphp_show_page_trace=0|0; pgv_pvi=3933973504; thinkphp_show_page_trace=0|0',
  'accept-language' => 'zh-CN,zh;q=0.9',
  'accept-encoding' => 'gzip, deflate',
  'accept' => 'text/html,application/xhtml+xml,application/xml;q=0.9,image/webp,image/apng,*/*;q=0.8,application/signed-exchange;v=b3;q=0.9',
  'user-agent' => 'Mozilla/5.0 (Windows NT 10.0; Win64; x64) AppleWebKit/537.36 (KHTML, like Gecko) Chrome/81.0.4044.122 Safari/537.36',
  'upgrade-insecure-requests' => '1',
  'cache-control' => 'max-age=0',
  'connection' => 'close',
  'host' => 'ccc.tp51.cn',
)
[ info ] [ PARAM ] array (
)
[ info ] [ CACHE ] INIT File
[ info ] [ LOG ] INIT File
[ error ] [0]致命错误: Class 'app\index\controller\Redis' not found[D:\phpstudy_pro\WWW\tp5.1\application\index\controller\Index.php:27]
---------------------------------------------------------------
[ 2020-08-25T11:03:43+08:00 ] 127.0.0.1 GET /index/index/pdossc
[ info ] ccc.tp51.cn/index/index/pdossc [运行时间：0.038050s][吞吐率：26.28req/s] [内存消耗：1,487.79kb] [文件加载：62]
[ info ] [ LANG ] D:\phpstudy_pro\WWW\tp5.1\thinkphp/lang/zh-cn.php
[ info ] [ ROUTE ] array (
)
[ info ] [ HEADER ] array (
  'cookie' => 'thinkphp_show_page_trace=0|0; pgv_pvi=3933973504; thinkphp_show_page_trace=0|0',
  'accept-language' => 'zh-CN,zh;q=0.9',
  'accept-encoding' => 'gzip, deflate',
  'accept' => 'text/html,application/xhtml+xml,application/xml;q=0.9,image/webp,image/apng,*/*;q=0.8,application/signed-exchange;v=b3;q=0.9',
  'user-agent' => 'Mozilla/5.0 (Windows NT 10.0; Win64; x64) AppleWebKit/537.36 (KHTML, like Gecko) Chrome/81.0.4044.122 Safari/537.36',
  'upgrade-insecure-requests' => '1',
  'cache-control' => 'max-age=0',
  'connection' => 'close',
  'host' => 'ccc.tp51.cn',
)
[ info ] [ PARAM ] array (
)
[ info ] [ CACHE ] INIT File
[ info ] [ LOG ] INIT File
[ error ] [0]致命错误: Call to a member function set() on bool[D:\phpstudy_pro\WWW\tp5.1\application\index\controller\Index.php:29]
---------------------------------------------------------------
[ 2020-08-25T11:04:07+08:00 ] 127.0.0.1 GET /index/index/pdossc
[ info ] ccc.tp51.cn/index/index/pdossc [运行时间：0.053563s][吞吐率：18.67req/s] [内存消耗：1,488.04kb] [文件加载：62]
[ info ] [ LANG ] D:\phpstudy_pro\WWW\tp5.1\thinkphp/lang/zh-cn.php
[ info ] [ ROUTE ] array (
)
[ info ] [ HEADER ] array (
  'cookie' => 'thinkphp_show_page_trace=0|0; pgv_pvi=3933973504; thinkphp_show_page_trace=0|0',
  'accept-language' => 'zh-CN,zh;q=0.9',
  'accept-encoding' => 'gzip, deflate',
  'accept' => 'text/html,application/xhtml+xml,application/xml;q=0.9,image/webp,image/apng,*/*;q=0.8,application/signed-exchange;v=b3;q=0.9',
  'user-agent' => 'Mozilla/5.0 (Windows NT 10.0; Win64; x64) AppleWebKit/537.36 (KHTML, like Gecko) Chrome/81.0.4044.122 Safari/537.36',
  'upgrade-insecure-requests' => '1',
  'cache-control' => 'max-age=0',
  'connection' => 'close',
  'host' => 'ccc.tp51.cn',
)
[ info ] [ PARAM ] array (
)
[ info ] [ CACHE ] INIT File
[ info ] [ LOG ] INIT File
[ error ] [0]致命错误: Call to a member function set() on bool[D:\phpstudy_pro\WWW\tp5.1\application\index\controller\Index.php:30]
---------------------------------------------------------------
[ 2020-08-25T11:05:42+08:00 ] 127.0.0.1 GET /index/index/pdossc
[ info ] ccc.tp51.cn/index/index/pdossc [运行时间：0.036110s][吞吐率：27.69req/s] [内存消耗：1,487.66kb] [文件加载：62]
[ info ] [ LANG ] D:\phpstudy_pro\WWW\tp5.1\thinkphp/lang/zh-cn.php
[ info ] [ ROUTE ] array (
)
[ info ] [ HEADER ] array (
  'cookie' => 'thinkphp_show_page_trace=0|0; pgv_pvi=3933973504; thinkphp_show_page_trace=0|0',
  'accept-language' => 'zh-CN,zh;q=0.9',
  'accept-encoding' => 'gzip, deflate',
  'accept' => 'text/html,application/xhtml+xml,application/xml;q=0.9,image/webp,image/apng,*/*;q=0.8,application/signed-exchange;v=b3;q=0.9',
  'user-agent' => 'Mozilla/5.0 (Windows NT 10.0; Win64; x64) AppleWebKit/537.36 (KHTML, like Gecko) Chrome/81.0.4044.122 Safari/537.36',
  'upgrade-insecure-requests' => '1',
  'cache-control' => 'max-age=0',
  'connection' => 'close',
  'host' => 'ccc.tp51.cn',
)
[ info ] [ PARAM ] array (
)
[ info ] [ CACHE ] INIT File
[ info ] [ LOG ] INIT File
[ error ] [0]致命错误: Call to a member function ping() on bool[D:\phpstudy_pro\WWW\tp5.1\application\index\controller\Index.php:29]
---------------------------------------------------------------
[ 2020-08-25T11:05:58+08:00 ] 127.0.0.1 GET /index/index/pdossc
[ info ] ccc.tp51.cn/index/index/pdossc [运行时间：0.036294s][吞吐率：27.55req/s] [内存消耗：1,487.70kb] [文件加载：62]
[ info ] [ LANG ] D:\phpstudy_pro\WWW\tp5.1\thinkphp/lang/zh-cn.php
[ info ] [ ROUTE ] array (
)
[ info ] [ HEADER ] array (
  'cookie' => 'thinkphp_show_page_trace=0|0; pgv_pvi=3933973504; thinkphp_show_page_trace=0|0',
  'accept-language' => 'zh-CN,zh;q=0.9',
  'accept-encoding' => 'gzip, deflate',
  'accept' => 'text/html,application/xhtml+xml,application/xml;q=0.9,image/webp,image/apng,*/*;q=0.8,application/signed-exchange;v=b3;q=0.9',
  'user-agent' => 'Mozilla/5.0 (Windows NT 10.0; Win64; x64) AppleWebKit/537.36 (KHTML, like Gecko) Chrome/81.0.4044.122 Safari/537.36',
  'upgrade-insecure-requests' => '1',
  'cache-control' => 'max-age=0',
  'connection' => 'close',
  'host' => 'ccc.tp51.cn',
)
[ info ] [ PARAM ] array (
)
[ info ] [ CACHE ] INIT File
[ info ] [ LOG ] INIT File
[ error ] [0]致命错误: Call to a member function get() on bool[D:\phpstudy_pro\WWW\tp5.1\application\index\controller\Index.php:29]
---------------------------------------------------------------
[ 2020-08-25T11:06:08+08:00 ] 127.0.0.1 GET /index/index/pdossc
[ info ] ccc.tp51.cn/index/index/pdossc [运行时间：0.042283s][吞吐率：23.65req/s] [内存消耗：1,487.70kb] [文件加载：62]
[ info ] [ LANG ] D:\phpstudy_pro\WWW\tp5.1\thinkphp/lang/zh-cn.php
[ info ] [ ROUTE ] array (
)
[ info ] [ HEADER ] array (
  'cookie' => 'thinkphp_show_page_trace=0|0; pgv_pvi=3933973504; thinkphp_show_page_trace=0|0',
  'accept-language' => 'zh-CN,zh;q=0.9',
  'accept-encoding' => 'gzip, deflate',
  'accept' => 'text/html,application/xhtml+xml,application/xml;q=0.9,image/webp,image/apng,*/*;q=0.8,application/signed-exchange;v=b3;q=0.9',
  'user-agent' => 'Mozilla/5.0 (Windows NT 10.0; Win64; x64) AppleWebKit/537.36 (KHTML, like Gecko) Chrome/81.0.4044.122 Safari/537.36',
  'upgrade-insecure-requests' => '1',
  'cache-control' => 'max-age=0',
  'connection' => 'close',
  'host' => 'ccc.tp51.cn',
)
[ info ] [ PARAM ] array (
)
[ info ] [ CACHE ] INIT File
[ info ] [ LOG ] INIT File
[ error ] [0]致命错误: Class name must be a valid object or a string[D:\phpstudy_pro\WWW\tp5.1\application\index\controller\Index.php:29]
---------------------------------------------------------------
[ 2020-08-25T11:13:42+08:00 ] 127.0.0.1 GET /index/index/pdossc
[ info ] ccc.tp51.cn/index/index/pdossc [运行时间：0.033487s][吞吐率：29.86req/s] [内存消耗：1,487.70kb] [文件加载：62]
[ info ] [ LANG ] D:\phpstudy_pro\WWW\tp5.1\thinkphp/lang/zh-cn.php
[ info ] [ ROUTE ] array (
)
[ info ] [ HEADER ] array (
  'cookie' => 'thinkphp_show_page_trace=0|0; pgv_pvi=3933973504; thinkphp_show_page_trace=0|0',
  'accept-language' => 'zh-CN,zh;q=0.9',
  'accept-encoding' => 'gzip, deflate',
  'accept' => 'text/html,application/xhtml+xml,application/xml;q=0.9,image/webp,image/apng,*/*;q=0.8,application/signed-exchange;v=b3;q=0.9',
  'user-agent' => 'Mozilla/5.0 (Windows NT 10.0; Win64; x64) AppleWebKit/537.36 (KHTML, like Gecko) Chrome/81.0.4044.122 Safari/537.36',
  'upgrade-insecure-requests' => '1',
  'cache-control' => 'max-age=0',
  'connection' => 'close',
  'host' => 'ccc.tp51.cn',
)
[ info ] [ PARAM ] array (
)
[ info ] [ CACHE ] INIT File
[ info ] [ LOG ] INIT File
[ error ] [0]致命错误: Call to a member function get() on bool[D:\phpstudy_pro\WWW\tp5.1\application\index\controller\Index.php:29]
---------------------------------------------------------------
[ 2020-08-25T11:14:40+08:00 ] 127.0.0.1 GET /index/index/pdos
[ info ] ccc.tp51.cn/index/index/pdos [运行时间：0.033682s][吞吐率：29.69req/s] [内存消耗：1,482.55kb] [文件加载：61]
[ info ] [ LANG ] D:\phpstudy_pro\WWW\tp5.1\thinkphp/lang/zh-cn.php
[ info ] [ ROUTE ] array (
)
[ info ] [ HEADER ] array (
  'cookie' => 'thinkphp_show_page_trace=0|0; pgv_pvi=3933973504; thinkphp_show_page_trace=0|0',
  'accept-language' => 'zh-CN,zh;q=0.9',
  'accept-encoding' => 'gzip, deflate',
  'accept' => 'text/html,application/xhtml+xml,application/xml;q=0.9,image/webp,image/apng,*/*;q=0.8,application/signed-exchange;v=b3;q=0.9',
  'user-agent' => 'Mozilla/5.0 (Windows NT 10.0; Win64; x64) AppleWebKit/537.36 (KHTML, like Gecko) Chrome/81.0.4044.122 Safari/537.36',
  'upgrade-insecure-requests' => '1',
  'connection' => 'close',
  'host' => 'ccc.tp51.cn',
)
[ info ] [ PARAM ] array (
)
[ info ] [ CACHE ] INIT File
[ info ] [ LOG ] INIT File
[ error ] [42S02]SQLSTATE[42S02]: Base table or view not found: 1146 Table 'myku.sasda' doesn't exist[D:\phpstudy_pro\WWW\tp5.1\application\index\controller\Index.php:23]
---------------------------------------------------------------
[ 2020-08-25T11:14:52+08:00 ] 127.0.0.1 GET /index/index/pdos
[ info ] ccc.tp51.cn/index/index/pdos [运行时间：0.033380s][吞吐率：29.96req/s] [内存消耗：1,374.34kb] [文件加载：58]
[ info ] [ LANG ] D:\phpstudy_pro\WWW\tp5.1\thinkphp/lang/zh-cn.php
[ info ] [ ROUTE ] array (
)
[ info ] [ HEADER ] array (
  'cookie' => 'thinkphp_show_page_trace=0|0; pgv_pvi=3933973504; thinkphp_show_page_trace=0|0',
  'accept-language' => 'zh-CN,zh;q=0.9',
  'accept-encoding' => 'gzip, deflate',
  'accept' => 'text/html,application/xhtml+xml,application/xml;q=0.9,image/webp,image/apng,*/*;q=0.8,application/signed-exchange;v=b3;q=0.9',
  'user-agent' => 'Mozilla/5.0 (Windows NT 10.0; Win64; x64) AppleWebKit/537.36 (KHTML, like Gecko) Chrome/81.0.4044.122 Safari/537.36',
  'upgrade-insecure-requests' => '1',
  'cache-control' => 'max-age=0',
  'connection' => 'close',
  'host' => 'ccc.tp51.cn',
)
[ info ] [ PARAM ] array (
)
[ info ] [ CACHE ] INIT File
[ info ] [ LOG ] INIT File
---------------------------------------------------------------
[ 2020-08-25T11:19:34+08:00 ] 127.0.0.1 GET /index/index/pdos
[ info ] ccc.tp51.cn/index/index/pdos [运行时间：0.044299s][吞吐率：22.57req/s] [内存消耗：1,374.61kb] [文件加载：58]
[ info ] [ LANG ] D:\phpstudy_pro\WWW\tp5.1\thinkphp/lang/zh-cn.php
[ info ] [ ROUTE ] array (
)
[ info ] [ HEADER ] array (
  'cookie' => 'thinkphp_show_page_trace=0|0; pgv_pvi=3933973504; thinkphp_show_page_trace=0|0',
  'accept-language' => 'zh-CN,zh;q=0.9',
  'accept-encoding' => 'gzip, deflate',
  'accept' => 'text/html,application/xhtml+xml,application/xml;q=0.9,image/webp,image/apng,*/*;q=0.8,application/signed-exchange;v=b3;q=0.9',
  'user-agent' => 'Mozilla/5.0 (Windows NT 10.0; Win64; x64) AppleWebKit/537.36 (KHTML, like Gecko) Chrome/81.0.4044.122 Safari/537.36',
  'upgrade-insecure-requests' => '1',
  'cache-control' => 'max-age=0',
  'connection' => 'close',
  'host' => 'ccc.tp51.cn',
)
[ info ] [ PARAM ] array (
)
[ info ] [ CACHE ] INIT File
[ info ] [ LOG ] INIT File
---------------------------------------------------------------
[ 2020-08-25T11:20:32+08:00 ] 127.0.0.1 GET /index/index/pdos
[ info ] ccc.tp51.cn/index/index/pdos [运行时间：0.039625s][吞吐率：25.24req/s] [内存消耗：1,482.99kb] [文件加载：61]
[ info ] [ LANG ] D:\phpstudy_pro\WWW\tp5.1\thinkphp/lang/zh-cn.php
[ info ] [ ROUTE ] array (
)
[ info ] [ HEADER ] array (
  'cookie' => 'thinkphp_show_page_trace=0|0; pgv_pvi=3933973504; thinkphp_show_page_trace=0|0',
  'accept-language' => 'zh-CN,zh;q=0.9',
  'accept-encoding' => 'gzip, deflate',
  'accept' => 'text/html,application/xhtml+xml,application/xml;q=0.9,image/webp,image/apng,*/*;q=0.8,application/signed-exchange;v=b3;q=0.9',
  'user-agent' => 'Mozilla/5.0 (Windows NT 10.0; Win64; x64) AppleWebKit/537.36 (KHTML, like Gecko) Chrome/81.0.4044.122 Safari/537.36',
  'upgrade-insecure-requests' => '1',
  'cache-control' => 'max-age=0',
  'connection' => 'close',
  'host' => 'ccc.tp51.cn',
)
[ info ] [ PARAM ] array (
)
[ info ] [ CACHE ] INIT File
[ info ] [ LOG ] INIT File
[ error ] [42S02]SQLSTATE[42S02]: Base table or view not found: 1146 Table 'myku.stafc' doesn't exist[D:\phpstudy_pro\WWW\tp5.1\application\index\controller\Index.php:24]
---------------------------------------------------------------
[ 2020-08-25T11:21:38+08:00 ] 127.0.0.1 GET /index/index/pdos
[ info ] ccc.tp51.cn/index/index/pdos [运行时间：0.044202s][吞吐率：22.62req/s] [内存消耗：1,489.75kb] [文件加载：63]
[ info ] [ LANG ] D:\phpstudy_pro\WWW\tp5.1\thinkphp/lang/zh-cn.php
[ info ] [ ROUTE ] array (
)
[ info ] [ HEADER ] array (
  'cookie' => 'thinkphp_show_page_trace=0|0; pgv_pvi=3933973504; thinkphp_show_page_trace=0|0',
  'accept-language' => 'zh-CN,zh;q=0.9',
  'accept-encoding' => 'gzip, deflate',
  'accept' => 'text/html,application/xhtml+xml,application/xml;q=0.9,image/webp,image/apng,*/*;q=0.8,application/signed-exchange;v=b3;q=0.9',
  'user-agent' => 'Mozilla/5.0 (Windows NT 10.0; Win64; x64) AppleWebKit/537.36 (KHTML, like Gecko) Chrome/81.0.4044.122 Safari/537.36',
  'upgrade-insecure-requests' => '1',
  'cache-control' => 'max-age=0',
  'connection' => 'close',
  'host' => 'ccc.tp51.cn',
)
[ info ] [ PARAM ] array (
)
[ info ] [ CACHE ] INIT File
[ info ] [ LOG ] INIT File
[ error ] [2]Use of undefined constant void - assumed 'void' (this will throw an Error in a future version of PHP)[D:\phpstudy_pro\WWW\tp5.1\application\index\controller\Index.php:22]
---------------------------------------------------------------
[ 2020-08-25T11:21:50+08:00 ] 127.0.0.1 GET /index/index/pdos
[ info ] ccc.tp51.cn/index/index/pdos [运行时间：0.048342s][吞吐率：20.69req/s] [内存消耗：1,489.32kb] [文件加载：63]
[ info ] [ LANG ] D:\phpstudy_pro\WWW\tp5.1\thinkphp/lang/zh-cn.php
[ info ] [ ROUTE ] array (
)
[ info ] [ HEADER ] array (
  'cookie' => 'thinkphp_show_page_trace=0|0; pgv_pvi=3933973504; thinkphp_show_page_trace=0|0',
  'accept-language' => 'zh-CN,zh;q=0.9',
  'accept-encoding' => 'gzip, deflate',
  'accept' => 'text/html,application/xhtml+xml,application/xml;q=0.9,image/webp,image/apng,*/*;q=0.8,application/signed-exchange;v=b3;q=0.9',
  'user-agent' => 'Mozilla/5.0 (Windows NT 10.0; Win64; x64) AppleWebKit/537.36 (KHTML, like Gecko) Chrome/81.0.4044.122 Safari/537.36',
  'upgrade-insecure-requests' => '1',
  'cache-control' => 'max-age=0',
  'connection' => 'close',
  'host' => 'ccc.tp51.cn',
)
[ info ] [ PARAM ] array (
)
[ info ] [ CACHE ] INIT File
[ info ] [ LOG ] INIT File
[ error ] [2]PDO::beginTransaction() expects exactly 0 parameters, 1 given[D:\phpstudy_pro\WWW\tp5.1\application\index\controller\Index.php:22]
---------------------------------------------------------------
[ 2020-08-25T11:23:36+08:00 ] 127.0.0.1 GET /index/index/pdos
[ info ] ccc.tp51.cn/index/index/pdos [运行时间：0.049073s][吞吐率：20.38req/s] [内存消耗：1,482.99kb] [文件加载：61]
[ info ] [ LANG ] D:\phpstudy_pro\WWW\tp5.1\thinkphp/lang/zh-cn.php
[ info ] [ ROUTE ] array (
)
[ info ] [ HEADER ] array (
  'cookie' => 'thinkphp_show_page_trace=0|0; pgv_pvi=3933973504; thinkphp_show_page_trace=0|0',
  'accept-language' => 'zh-CN,zh;q=0.9',
  'accept-encoding' => 'gzip, deflate',
  'accept' => 'text/html,application/xhtml+xml,application/xml;q=0.9,image/webp,image/apng,*/*;q=0.8,application/signed-exchange;v=b3;q=0.9',
  'user-agent' => 'Mozilla/5.0 (Windows NT 10.0; Win64; x64) AppleWebKit/537.36 (KHTML, like Gecko) Chrome/81.0.4044.122 Safari/537.36',
  'upgrade-insecure-requests' => '1',
  'cache-control' => 'max-age=0',
  'connection' => 'close',
  'host' => 'ccc.tp51.cn',
)
[ info ] [ PARAM ] array (
)
[ info ] [ CACHE ] INIT File
[ info ] [ LOG ] INIT File
[ error ] [42S02]SQLSTATE[42S02]: Base table or view not found: 1146 Table 'myku.stafc' doesn't exist[D:\phpstudy_pro\WWW\tp5.1\application\index\controller\Index.php:24]
---------------------------------------------------------------
[ 2020-08-25T11:24:01+08:00 ] 127.0.0.1 GET /index/index/pdos
[ info ] ccc.tp51.cn/index/index/pdos [运行时间：0.050195s][吞吐率：19.92req/s] [内存消耗：1,482.99kb] [文件加载：61]
[ info ] [ LANG ] D:\phpstudy_pro\WWW\tp5.1\thinkphp/lang/zh-cn.php
[ info ] [ ROUTE ] array (
)
[ info ] [ HEADER ] array (
  'cookie' => 'thinkphp_show_page_trace=0|0; pgv_pvi=3933973504; thinkphp_show_page_trace=0|0',
  'accept-language' => 'zh-CN,zh;q=0.9',
  'accept-encoding' => 'gzip, deflate',
  'accept' => 'text/html,application/xhtml+xml,application/xml;q=0.9,image/webp,image/apng,*/*;q=0.8,application/signed-exchange;v=b3;q=0.9',
  'user-agent' => 'Mozilla/5.0 (Windows NT 10.0; Win64; x64) AppleWebKit/537.36 (KHTML, like Gecko) Chrome/81.0.4044.122 Safari/537.36',
  'upgrade-insecure-requests' => '1',
  'cache-control' => 'max-age=0',
  'connection' => 'close',
  'host' => 'ccc.tp51.cn',
)
[ info ] [ PARAM ] array (
)
[ info ] [ CACHE ] INIT File
[ info ] [ LOG ] INIT File
[ error ] [42S02]SQLSTATE[42S02]: Base table or view not found: 1146 Table 'myku.stafc' doesn't exist[D:\phpstudy_pro\WWW\tp5.1\application\index\controller\Index.php:24]
---------------------------------------------------------------
[ 2020-08-25T11:24:20+08:00 ] 127.0.0.1 GET /index/index/pdos
[ info ] ccc.tp51.cn/index/index/pdos [运行时间：0.041015s][吞吐率：24.38req/s] [内存消耗：1,483.24kb] [文件加载：61]
[ info ] [ LANG ] D:\phpstudy_pro\WWW\tp5.1\thinkphp/lang/zh-cn.php
[ info ] [ ROUTE ] array (
)
[ info ] [ HEADER ] array (
  'cookie' => 'thinkphp_show_page_trace=0|0; pgv_pvi=3933973504; thinkphp_show_page_trace=0|0',
  'accept-language' => 'zh-CN,zh;q=0.9',
  'accept-encoding' => 'gzip, deflate',
  'accept' => 'text/html,application/xhtml+xml,application/xml;q=0.9,image/webp,image/apng,*/*;q=0.8,application/signed-exchange;v=b3;q=0.9',
  'user-agent' => 'Mozilla/5.0 (Windows NT 10.0; Win64; x64) AppleWebKit/537.36 (KHTML, like Gecko) Chrome/81.0.4044.122 Safari/537.36',
  'upgrade-insecure-requests' => '1',
  'cache-control' => 'max-age=0',
  'connection' => 'close',
  'host' => 'ccc.tp51.cn',
)
[ info ] [ PARAM ] array (
)
[ info ] [ CACHE ] INIT File
[ info ] [ LOG ] INIT File
[ error ] [42S02]SQLSTATE[42S02]: Base table or view not found: 1146 Table 'myku.stafc' doesn't exist[D:\phpstudy_pro\WWW\tp5.1\application\index\controller\Index.php:24]
---------------------------------------------------------------
[ 2020-08-25T11:24:21+08:00 ] 127.0.0.1 GET /index/index/pdos
[ info ] ccc.tp51.cn/index/index/pdos [运行时间：0.053934s][吞吐率：18.54req/s] [内存消耗：1,483.24kb] [文件加载：61]
[ info ] [ LANG ] D:\phpstudy_pro\WWW\tp5.1\thinkphp/lang/zh-cn.php
[ info ] [ ROUTE ] array (
)
[ info ] [ HEADER ] array (
  'cookie' => 'thinkphp_show_page_trace=0|0; pgv_pvi=3933973504; thinkphp_show_page_trace=0|0',
  'accept-language' => 'zh-CN,zh;q=0.9',
  'accept-encoding' => 'gzip, deflate',
  'accept' => 'text/html,application/xhtml+xml,application/xml;q=0.9,image/webp,image/apng,*/*;q=0.8,application/signed-exchange;v=b3;q=0.9',
  'user-agent' => 'Mozilla/5.0 (Windows NT 10.0; Win64; x64) AppleWebKit/537.36 (KHTML, like Gecko) Chrome/81.0.4044.122 Safari/537.36',
  'upgrade-insecure-requests' => '1',
  'cache-control' => 'max-age=0',
  'connection' => 'close',
  'host' => 'ccc.tp51.cn',
)
[ info ] [ PARAM ] array (
)
[ info ] [ CACHE ] INIT File
[ info ] [ LOG ] INIT File
[ error ] [42S02]SQLSTATE[42S02]: Base table or view not found: 1146 Table 'myku.stafc' doesn't exist[D:\phpstudy_pro\WWW\tp5.1\application\index\controller\Index.php:24]
---------------------------------------------------------------
[ 2020-08-25T11:24:21+08:00 ] 127.0.0.1 GET /index/index/pdos
[ info ] ccc.tp51.cn/index/index/pdos [运行时间：0.031457s][吞吐率：31.79req/s] [内存消耗：1,483.24kb] [文件加载：61]
[ info ] [ LANG ] D:\phpstudy_pro\WWW\tp5.1\thinkphp/lang/zh-cn.php
[ info ] [ ROUTE ] array (
)
[ info ] [ HEADER ] array (
  'cookie' => 'thinkphp_show_page_trace=0|0; pgv_pvi=3933973504; thinkphp_show_page_trace=0|0',
  'accept-language' => 'zh-CN,zh;q=0.9',
  'accept-encoding' => 'gzip, deflate',
  'accept' => 'text/html,application/xhtml+xml,application/xml;q=0.9,image/webp,image/apng,*/*;q=0.8,application/signed-exchange;v=b3;q=0.9',
  'user-agent' => 'Mozilla/5.0 (Windows NT 10.0; Win64; x64) AppleWebKit/537.36 (KHTML, like Gecko) Chrome/81.0.4044.122 Safari/537.36',
  'upgrade-insecure-requests' => '1',
  'cache-control' => 'max-age=0',
  'connection' => 'close',
  'host' => 'ccc.tp51.cn',
)
[ info ] [ PARAM ] array (
)
[ info ] [ CACHE ] INIT File
[ info ] [ LOG ] INIT File
[ error ] [42S02]SQLSTATE[42S02]: Base table or view not found: 1146 Table 'myku.stafc' doesn't exist[D:\phpstudy_pro\WWW\tp5.1\application\index\controller\Index.php:24]
---------------------------------------------------------------
[ 2020-08-25T11:24:22+08:00 ] 127.0.0.1 GET /index/index/pdos
[ info ] ccc.tp51.cn/index/index/pdos [运行时间：0.027950s][吞吐率：35.78req/s] [内存消耗：1,483.24kb] [文件加载：61]
[ info ] [ LANG ] D:\phpstudy_pro\WWW\tp5.1\thinkphp/lang/zh-cn.php
[ info ] [ ROUTE ] array (
)
[ info ] [ HEADER ] array (
  'cookie' => 'thinkphp_show_page_trace=0|0; pgv_pvi=3933973504; thinkphp_show_page_trace=0|0',
  'accept-language' => 'zh-CN,zh;q=0.9',
  'accept-encoding' => 'gzip, deflate',
  'accept' => 'text/html,application/xhtml+xml,application/xml;q=0.9,image/webp,image/apng,*/*;q=0.8,application/signed-exchange;v=b3;q=0.9',
  'user-agent' => 'Mozilla/5.0 (Windows NT 10.0; Win64; x64) AppleWebKit/537.36 (KHTML, like Gecko) Chrome/81.0.4044.122 Safari/537.36',
  'upgrade-insecure-requests' => '1',
  'cache-control' => 'max-age=0',
  'connection' => 'close',
  'host' => 'ccc.tp51.cn',
)
[ info ] [ PARAM ] array (
)
[ info ] [ CACHE ] INIT File
[ info ] [ LOG ] INIT File
[ error ] [42S02]SQLSTATE[42S02]: Base table or view not found: 1146 Table 'myku.stafc' doesn't exist[D:\phpstudy_pro\WWW\tp5.1\application\index\controller\Index.php:24]
---------------------------------------------------------------
[ 2020-08-25T11:24:22+08:00 ] 127.0.0.1 GET /index/index/pdos
[ info ] ccc.tp51.cn/index/index/pdos [运行时间：0.036975s][吞吐率：27.05req/s] [内存消耗：1,483.24kb] [文件加载：61]
[ info ] [ LANG ] D:\phpstudy_pro\WWW\tp5.1\thinkphp/lang/zh-cn.php
[ info ] [ ROUTE ] array (
)
[ info ] [ HEADER ] array (
  'cookie' => 'thinkphp_show_page_trace=0|0; pgv_pvi=3933973504; thinkphp_show_page_trace=0|0',
  'accept-language' => 'zh-CN,zh;q=0.9',
  'accept-encoding' => 'gzip, deflate',
  'accept' => 'text/html,application/xhtml+xml,application/xml;q=0.9,image/webp,image/apng,*/*;q=0.8,application/signed-exchange;v=b3;q=0.9',
  'user-agent' => 'Mozilla/5.0 (Windows NT 10.0; Win64; x64) AppleWebKit/537.36 (KHTML, like Gecko) Chrome/81.0.4044.122 Safari/537.36',
  'upgrade-insecure-requests' => '1',
  'cache-control' => 'max-age=0',
  'connection' => 'close',
  'host' => 'ccc.tp51.cn',
)
[ info ] [ PARAM ] array (
)
[ info ] [ CACHE ] INIT File
[ info ] [ LOG ] INIT File
[ error ] [42S02]SQLSTATE[42S02]: Base table or view not found: 1146 Table 'myku.stafc' doesn't exist[D:\phpstudy_pro\WWW\tp5.1\application\index\controller\Index.php:24]
---------------------------------------------------------------
[ 2020-08-25T11:24:28+08:00 ] 127.0.0.1 GET /index/index/pdos
[ info ] ccc.tp51.cn/index/index/pdos [运行时间：0.046356s][吞吐率：21.57req/s] [内存消耗：1,483.04kb] [文件加载：61]
[ info ] [ LANG ] D:\phpstudy_pro\WWW\tp5.1\thinkphp/lang/zh-cn.php
[ info ] [ ROUTE ] array (
)
[ info ] [ HEADER ] array (
  'cookie' => 'thinkphp_show_page_trace=0|0; pgv_pvi=3933973504; thinkphp_show_page_trace=0|0',
  'accept-language' => 'zh-CN,zh;q=0.9',
  'accept-encoding' => 'gzip, deflate',
  'accept' => 'text/html,application/xhtml+xml,application/xml;q=0.9,image/webp,image/apng,*/*;q=0.8,application/signed-exchange;v=b3;q=0.9',
  'user-agent' => 'Mozilla/5.0 (Windows NT 10.0; Win64; x64) AppleWebKit/537.36 (KHTML, like Gecko) Chrome/81.0.4044.122 Safari/537.36',
  'upgrade-insecure-requests' => '1',
  'cache-control' => 'max-age=0',
  'connection' => 'close',
  'host' => 'ccc.tp51.cn',
)
[ info ] [ PARAM ] array (
)
[ info ] [ CACHE ] INIT File
[ info ] [ LOG ] INIT File
[ error ] [0]There is no active transaction[D:\phpstudy_pro\WWW\tp5.1\application\index\controller\Index.php:26]
---------------------------------------------------------------
[ 2020-08-25T11:24:43+08:00 ] 127.0.0.1 GET /index/index/pdos
[ info ] ccc.tp51.cn/index/index/pdos [运行时间：0.043588s][吞吐率：22.94req/s] [内存消耗：1,483.04kb] [文件加载：61]
[ info ] [ LANG ] D:\phpstudy_pro\WWW\tp5.1\thinkphp/lang/zh-cn.php
[ info ] [ ROUTE ] array (
)
[ info ] [ HEADER ] array (
  'cookie' => 'thinkphp_show_page_trace=0|0; pgv_pvi=3933973504; thinkphp_show_page_trace=0|0',
  'accept-language' => 'zh-CN,zh;q=0.9',
  'accept-encoding' => 'gzip, deflate',
  'accept' => 'text/html,application/xhtml+xml,application/xml;q=0.9,image/webp,image/apng,*/*;q=0.8,application/signed-exchange;v=b3;q=0.9',
  'user-agent' => 'Mozilla/5.0 (Windows NT 10.0; Win64; x64) AppleWebKit/537.36 (KHTML, like Gecko) Chrome/81.0.4044.122 Safari/537.36',
  'upgrade-insecure-requests' => '1',
  'cache-control' => 'max-age=0',
  'connection' => 'close',
  'host' => 'ccc.tp51.cn',
)
[ info ] [ PARAM ] array (
)
[ info ] [ CACHE ] INIT File
[ info ] [ LOG ] INIT File
[ error ] [0]There is no active transaction[D:\phpstudy_pro\WWW\tp5.1\application\index\controller\Index.php:26]
---------------------------------------------------------------
[ 2020-08-25T11:24:44+08:00 ] 127.0.0.1 GET /index/index/pdos
[ info ] ccc.tp51.cn/index/index/pdos [运行时间：0.037771s][吞吐率：26.48req/s] [内存消耗：1,483.04kb] [文件加载：61]
[ info ] [ LANG ] D:\phpstudy_pro\WWW\tp5.1\thinkphp/lang/zh-cn.php
[ info ] [ ROUTE ] array (
)
[ info ] [ HEADER ] array (
  'cookie' => 'thinkphp_show_page_trace=0|0; pgv_pvi=3933973504; thinkphp_show_page_trace=0|0',
  'accept-language' => 'zh-CN,zh;q=0.9',
  'accept-encoding' => 'gzip, deflate',
  'accept' => 'text/html,application/xhtml+xml,application/xml;q=0.9,image/webp,image/apng,*/*;q=0.8,application/signed-exchange;v=b3;q=0.9',
  'user-agent' => 'Mozilla/5.0 (Windows NT 10.0; Win64; x64) AppleWebKit/537.36 (KHTML, like Gecko) Chrome/81.0.4044.122 Safari/537.36',
  'upgrade-insecure-requests' => '1',
  'cache-control' => 'max-age=0',
  'connection' => 'close',
  'host' => 'ccc.tp51.cn',
)
[ info ] [ PARAM ] array (
)
[ info ] [ CACHE ] INIT File
[ info ] [ LOG ] INIT File
[ error ] [0]There is no active transaction[D:\phpstudy_pro\WWW\tp5.1\application\index\controller\Index.php:26]
---------------------------------------------------------------
[ 2020-08-25T11:28:14+08:00 ] 127.0.0.1 GET /index/index/pdos
[ info ] ccc.tp51.cn/index/index/pdos [运行时间：0.052091s][吞吐率：19.20req/s] [内存消耗：1,375.12kb] [文件加载：58]
[ info ] [ LANG ] D:\phpstudy_pro\WWW\tp5.1\thinkphp/lang/zh-cn.php
[ info ] [ ROUTE ] array (
)
[ info ] [ HEADER ] array (
  'cookie' => 'thinkphp_show_page_trace=0|0; pgv_pvi=3933973504; thinkphp_show_page_trace=0|0',
  'accept-language' => 'zh-CN,zh;q=0.9',
  'accept-encoding' => 'gzip, deflate',
  'accept' => 'text/html,application/xhtml+xml,application/xml;q=0.9,image/webp,image/apng,*/*;q=0.8,application/signed-exchange;v=b3;q=0.9',
  'user-agent' => 'Mozilla/5.0 (Windows NT 10.0; Win64; x64) AppleWebKit/537.36 (KHTML, like Gecko) Chrome/81.0.4044.122 Safari/537.36',
  'upgrade-insecure-requests' => '1',
  'cache-control' => 'max-age=0',
  'connection' => 'close',
  'host' => 'ccc.tp51.cn',
)
[ info ] [ PARAM ] array (
)
[ info ] [ CACHE ] INIT File
[ info ] [ LOG ] INIT File
---------------------------------------------------------------
[ 2020-08-25T11:28:34+08:00 ] 127.0.0.1 GET /index/index/pdos
[ info ] ccc.tp51.cn/index/index/pdos [运行时间：0.031700s][吞吐率：31.55req/s] [内存消耗：1,483.42kb] [文件加载：61]
[ info ] [ LANG ] D:\phpstudy_pro\WWW\tp5.1\thinkphp/lang/zh-cn.php
[ info ] [ ROUTE ] array (
)
[ info ] [ HEADER ] array (
  'cookie' => 'thinkphp_show_page_trace=0|0; pgv_pvi=3933973504; thinkphp_show_page_trace=0|0',
  'accept-language' => 'zh-CN,zh;q=0.9',
  'accept-encoding' => 'gzip, deflate',
  'accept' => 'text/html,application/xhtml+xml,application/xml;q=0.9,image/webp,image/apng,*/*;q=0.8,application/signed-exchange;v=b3;q=0.9',
  'user-agent' => 'Mozilla/5.0 (Windows NT 10.0; Win64; x64) AppleWebKit/537.36 (KHTML, like Gecko) Chrome/81.0.4044.122 Safari/537.36',
  'upgrade-insecure-requests' => '1',
  'cache-control' => 'max-age=0',
  'connection' => 'close',
  'host' => 'ccc.tp51.cn',
)
[ info ] [ PARAM ] array (
)
[ info ] [ CACHE ] INIT File
[ info ] [ LOG ] INIT File
[ error ] [42S02]SQLSTATE[42S02]: Base table or view not found: 1146 Table 'myku.stafc' doesn't exist[D:\phpstudy_pro\WWW\tp5.1\application\index\controller\Index.php:26]
---------------------------------------------------------------
[ 2020-08-25T15:19:40+08:00 ] 127.0.0.1 GET /index/index/pdos
[ info ] ccc.tp51.cn/index/index/pdos [运行时间：0.045374s][吞吐率：22.04req/s] [内存消耗：1,374.71kb] [文件加载：58]
[ info ] [ LANG ] D:\phpstudy_pro\WWW\tp5.1\thinkphp/lang/zh-cn.php
[ info ] [ ROUTE ] array (
)
[ info ] [ HEADER ] array (
  'cookie' => 'thinkphp_show_page_trace=0|0; pgv_pvi=3933973504; thinkphp_show_page_trace=0|0',
  'accept-language' => 'zh-CN,zh;q=0.9',
  'accept-encoding' => 'gzip, deflate',
  'accept' => 'text/html,application/xhtml+xml,application/xml;q=0.9,image/webp,image/apng,*/*;q=0.8,application/signed-exchange;v=b3;q=0.9',
  'user-agent' => 'Mozilla/5.0 (Windows NT 10.0; Win64; x64) AppleWebKit/537.36 (KHTML, like Gecko) Chrome/81.0.4044.122 Safari/537.36',
  'upgrade-insecure-requests' => '1',
  'cache-control' => 'max-age=0',
  'connection' => 'close',
  'host' => 'ccc.tp51.cn',
)
[ info ] [ PARAM ] array (
)
[ info ] [ CACHE ] INIT File
[ info ] [ LOG ] INIT File
---------------------------------------------------------------
[ 2020-08-25T15:19:54+08:00 ] 127.0.0.1 GET /index/index/pdos
[ info ] ccc.tp51.cn/index/index/pdos [运行时间：0.033862s][吞吐率：29.53req/s] [内存消耗：1,374.80kb] [文件加载：58]
[ info ] [ LANG ] D:\phpstudy_pro\WWW\tp5.1\thinkphp/lang/zh-cn.php
[ info ] [ ROUTE ] array (
)
[ info ] [ HEADER ] array (
  'cookie' => 'thinkphp_show_page_trace=0|0; pgv_pvi=3933973504; thinkphp_show_page_trace=0|0',
  'accept-language' => 'zh-CN,zh;q=0.9',
  'accept-encoding' => 'gzip, deflate',
  'accept' => 'text/html,application/xhtml+xml,application/xml;q=0.9,image/webp,image/apng,*/*;q=0.8,application/signed-exchange;v=b3;q=0.9',
  'user-agent' => 'Mozilla/5.0 (Windows NT 10.0; Win64; x64) AppleWebKit/537.36 (KHTML, like Gecko) Chrome/81.0.4044.122 Safari/537.36',
  'upgrade-insecure-requests' => '1',
  'cache-control' => 'max-age=0',
  'connection' => 'close',
  'host' => 'ccc.tp51.cn',
)
[ info ] [ PARAM ] array (
)
[ info ] [ CACHE ] INIT File
[ info ] [ LOG ] INIT File
---------------------------------------------------------------
[ 2020-08-25T15:20:21+08:00 ] 127.0.0.1 GET /index/index/pdos
[ info ] ccc.tp51.cn/index/index/pdos [运行时间：0.040480s][吞吐率：24.70req/s] [内存消耗：1,483.42kb] [文件加载：61]
[ info ] [ LANG ] D:\phpstudy_pro\WWW\tp5.1\thinkphp/lang/zh-cn.php
[ info ] [ ROUTE ] array (
)
[ info ] [ HEADER ] array (
  'cookie' => 'thinkphp_show_page_trace=0|0; pgv_pvi=3933973504; thinkphp_show_page_trace=0|0',
  'accept-language' => 'zh-CN,zh;q=0.9',
  'accept-encoding' => 'gzip, deflate',
  'accept' => 'text/html,application/xhtml+xml,application/xml;q=0.9,image/webp,image/apng,*/*;q=0.8,application/signed-exchange;v=b3;q=0.9',
  'user-agent' => 'Mozilla/5.0 (Windows NT 10.0; Win64; x64) AppleWebKit/537.36 (KHTML, like Gecko) Chrome/81.0.4044.122 Safari/537.36',
  'upgrade-insecure-requests' => '1',
  'cache-control' => 'max-age=0',
  'connection' => 'close',
  'host' => 'ccc.tp51.cn',
)
[ info ] [ PARAM ] array (
)
[ info ] [ CACHE ] INIT File
[ info ] [ LOG ] INIT File
[ error ] [42S02]SQLSTATE[42S02]: Base table or view not found: 1146 Table 'myku.stafc' doesn't exist[D:\phpstudy_pro\WWW\tp5.1\application\index\controller\Index.php:26]
---------------------------------------------------------------
[ 2020-08-25T15:20:39+08:00 ] 127.0.0.1 GET /index/index/pdos
[ info ] ccc.tp51.cn/index/index/pdos [运行时间：0.036989s][吞吐率：27.04req/s] [内存消耗：1,483.42kb] [文件加载：61]
[ info ] [ LANG ] D:\phpstudy_pro\WWW\tp5.1\thinkphp/lang/zh-cn.php
[ info ] [ ROUTE ] array (
)
[ info ] [ HEADER ] array (
  'cookie' => 'thinkphp_show_page_trace=0|0; pgv_pvi=3933973504; thinkphp_show_page_trace=0|0',
  'accept-language' => 'zh-CN,zh;q=0.9',
  'accept-encoding' => 'gzip, deflate',
  'accept' => 'text/html,application/xhtml+xml,application/xml;q=0.9,image/webp,image/apng,*/*;q=0.8,application/signed-exchange;v=b3;q=0.9',
  'user-agent' => 'Mozilla/5.0 (Windows NT 10.0; Win64; x64) AppleWebKit/537.36 (KHTML, like Gecko) Chrome/81.0.4044.122 Safari/537.36',
  'upgrade-insecure-requests' => '1',
  'cache-control' => 'max-age=0',
  'connection' => 'close',
  'host' => 'ccc.tp51.cn',
)
[ info ] [ PARAM ] array (
)
[ info ] [ CACHE ] INIT File
[ info ] [ LOG ] INIT File
[ error ] [42S02]SQLSTATE[42S02]: Base table or view not found: 1146 Table 'myku.stafc' doesn't exist[D:\phpstudy_pro\WWW\tp5.1\application\index\controller\Index.php:26]
---------------------------------------------------------------
[ 2020-08-25T15:39:15+08:00 ] 127.0.0.1 GET /index/index/pdos
[ info ] ccc.tp51.cn/index/index/pdos [运行时间：0.034196s][吞吐率：29.24req/s] [内存消耗：1,375.12kb] [文件加载：58]
[ info ] [ LANG ] D:\phpstudy_pro\WWW\tp5.1\thinkphp/lang/zh-cn.php
[ info ] [ ROUTE ] array (
)
[ info ] [ HEADER ] array (
  'cookie' => 'thinkphp_show_page_trace=0|0; pgv_pvi=3933973504; thinkphp_show_page_trace=0|0',
  'accept-language' => 'zh-CN,zh;q=0.9',
  'accept-encoding' => 'gzip, deflate',
  'accept' => 'text/html,application/xhtml+xml,application/xml;q=0.9,image/webp,image/apng,*/*;q=0.8,application/signed-exchange;v=b3;q=0.9',
  'user-agent' => 'Mozilla/5.0 (Windows NT 10.0; Win64; x64) AppleWebKit/537.36 (KHTML, like Gecko) Chrome/81.0.4044.122 Safari/537.36',
  'upgrade-insecure-requests' => '1',
  'cache-control' => 'max-age=0',
  'connection' => 'close',
  'host' => 'ccc.tp51.cn',
)
[ info ] [ PARAM ] array (
)
[ info ] [ CACHE ] INIT File
[ info ] [ LOG ] INIT File
---------------------------------------------------------------
[ 2020-08-25T15:47:00+08:00 ] 127.0.0.1 GET /index/index/pdos
[ info ] ccc.tp51.cn/index/index/pdos [运行时间：0.038777s][吞吐率：25.79req/s] [内存消耗：1,375.12kb] [文件加载：58]
[ info ] [ LANG ] D:\phpstudy_pro\WWW\tp5.1\thinkphp/lang/zh-cn.php
[ info ] [ ROUTE ] array (
)
[ info ] [ HEADER ] array (
  'cookie' => 'thinkphp_show_page_trace=0|0; pgv_pvi=3933973504; thinkphp_show_page_trace=0|0',
  'accept-language' => 'zh-CN,zh;q=0.9',
  'accept-encoding' => 'gzip, deflate',
  'accept' => 'text/html,application/xhtml+xml,application/xml;q=0.9,image/webp,image/apng,*/*;q=0.8,application/signed-exchange;v=b3;q=0.9',
  'user-agent' => 'Mozilla/5.0 (Windows NT 10.0; Win64; x64) AppleWebKit/537.36 (KHTML, like Gecko) Chrome/81.0.4044.122 Safari/537.36',
  'upgrade-insecure-requests' => '1',
  'cache-control' => 'max-age=0',
  'connection' => 'close',
  'host' => 'ccc.tp51.cn',
)
[ info ] [ PARAM ] array (
)
[ info ] [ CACHE ] INIT File
[ info ] [ LOG ] INIT File
---------------------------------------------------------------
[ 2020-08-25T15:47:01+08:00 ] 127.0.0.1 GET /index/index/pdos
[ info ] ccc.tp51.cn/index/index/pdos [运行时间：0.030456s][吞吐率：32.83req/s] [内存消耗：1,375.12kb] [文件加载：58]
[ info ] [ LANG ] D:\phpstudy_pro\WWW\tp5.1\thinkphp/lang/zh-cn.php
[ info ] [ ROUTE ] array (
)
[ info ] [ HEADER ] array (
  'cookie' => 'thinkphp_show_page_trace=0|0; pgv_pvi=3933973504; thinkphp_show_page_trace=0|0',
  'accept-language' => 'zh-CN,zh;q=0.9',
  'accept-encoding' => 'gzip, deflate',
  'accept' => 'text/html,application/xhtml+xml,application/xml;q=0.9,image/webp,image/apng,*/*;q=0.8,application/signed-exchange;v=b3;q=0.9',
  'user-agent' => 'Mozilla/5.0 (Windows NT 10.0; Win64; x64) AppleWebKit/537.36 (KHTML, like Gecko) Chrome/81.0.4044.122 Safari/537.36',
  'upgrade-insecure-requests' => '1',
  'cache-control' => 'max-age=0',
  'connection' => 'close',
  'host' => 'ccc.tp51.cn',
)
[ info ] [ PARAM ] array (
)
[ info ] [ CACHE ] INIT File
[ info ] [ LOG ] INIT File
---------------------------------------------------------------
[ 2020-08-25T15:47:05+08:00 ] 127.0.0.1 GET /index/index/pdos
[ info ] ccc.tp51.cn/index/index/pdos [运行时间：0.032999s][吞吐率：30.30req/s] [内存消耗：1,375.12kb] [文件加载：58]
[ info ] [ LANG ] D:\phpstudy_pro\WWW\tp5.1\thinkphp/lang/zh-cn.php
[ info ] [ ROUTE ] array (
)
[ info ] [ HEADER ] array (
  'cookie' => 'thinkphp_show_page_trace=0|0; pgv_pvi=3933973504; thinkphp_show_page_trace=0|0',
  'accept-language' => 'zh-CN,zh;q=0.9',
  'accept-encoding' => 'gzip, deflate',
  'accept' => 'text/html,application/xhtml+xml,application/xml;q=0.9,image/webp,image/apng,*/*;q=0.8,application/signed-exchange;v=b3;q=0.9',
  'user-agent' => 'Mozilla/5.0 (Windows NT 10.0; Win64; x64) AppleWebKit/537.36 (KHTML, like Gecko) Chrome/81.0.4044.122 Safari/537.36',
  'upgrade-insecure-requests' => '1',
  'cache-control' => 'max-age=0',
  'connection' => 'close',
  'host' => 'ccc.tp51.cn',
)
[ info ] [ PARAM ] array (
)
[ info ] [ CACHE ] INIT File
[ info ] [ LOG ] INIT File
---------------------------------------------------------------
[ 2020-08-25T15:47:06+08:00 ] 127.0.0.1 GET /index/index/pdos
[ info ] ccc.tp51.cn/index/index/pdos [运行时间：0.030103s][吞吐率：33.22req/s] [内存消耗：1,375.12kb] [文件加载：58]
[ info ] [ LANG ] D:\phpstudy_pro\WWW\tp5.1\thinkphp/lang/zh-cn.php
[ info ] [ ROUTE ] array (
)
[ info ] [ HEADER ] array (
  'cookie' => 'thinkphp_show_page_trace=0|0; pgv_pvi=3933973504; thinkphp_show_page_trace=0|0',
  'accept-language' => 'zh-CN,zh;q=0.9',
  'accept-encoding' => 'gzip, deflate',
  'accept' => 'text/html,application/xhtml+xml,application/xml;q=0.9,image/webp,image/apng,*/*;q=0.8,application/signed-exchange;v=b3;q=0.9',
  'user-agent' => 'Mozilla/5.0 (Windows NT 10.0; Win64; x64) AppleWebKit/537.36 (KHTML, like Gecko) Chrome/81.0.4044.122 Safari/537.36',
  'upgrade-insecure-requests' => '1',
  'cache-control' => 'max-age=0',
  'connection' => 'close',
  'host' => 'ccc.tp51.cn',
)
[ info ] [ PARAM ] array (
)
[ info ] [ CACHE ] INIT File
[ info ] [ LOG ] INIT File
---------------------------------------------------------------
[ 2020-08-25T15:47:06+08:00 ] 127.0.0.1 GET /index/index/pdos
[ info ] ccc.tp51.cn/index/index/pdos [运行时间：0.030373s][吞吐率：32.92req/s] [内存消耗：1,375.12kb] [文件加载：58]
[ info ] [ LANG ] D:\phpstudy_pro\WWW\tp5.1\thinkphp/lang/zh-cn.php
[ info ] [ ROUTE ] array (
)
[ info ] [ HEADER ] array (
  'cookie' => 'thinkphp_show_page_trace=0|0; pgv_pvi=3933973504; thinkphp_show_page_trace=0|0',
  'accept-language' => 'zh-CN,zh;q=0.9',
  'accept-encoding' => 'gzip, deflate',
  'accept' => 'text/html,application/xhtml+xml,application/xml;q=0.9,image/webp,image/apng,*/*;q=0.8,application/signed-exchange;v=b3;q=0.9',
  'user-agent' => 'Mozilla/5.0 (Windows NT 10.0; Win64; x64) AppleWebKit/537.36 (KHTML, like Gecko) Chrome/81.0.4044.122 Safari/537.36',
  'upgrade-insecure-requests' => '1',
  'cache-control' => 'max-age=0',
  'connection' => 'close',
  'host' => 'ccc.tp51.cn',
)
[ info ] [ PARAM ] array (
)
[ info ] [ CACHE ] INIT File
[ info ] [ LOG ] INIT File
---------------------------------------------------------------
[ 2020-08-25T15:47:16+08:00 ] 127.0.0.1 GET /index/index/pdos
[ info ] ccc.tp51.cn/index/index/pdos [运行时间：0.029741s][吞吐率：33.62req/s] [内存消耗：1,375.12kb] [文件加载：58]
[ info ] [ LANG ] D:\phpstudy_pro\WWW\tp5.1\thinkphp/lang/zh-cn.php
[ info ] [ ROUTE ] array (
)
[ info ] [ HEADER ] array (
  'cookie' => 'thinkphp_show_page_trace=0|0; pgv_pvi=3933973504; thinkphp_show_page_trace=0|0',
  'accept-language' => 'zh-CN,zh;q=0.9',
  'accept-encoding' => 'gzip, deflate',
  'accept' => 'text/html,application/xhtml+xml,application/xml;q=0.9,image/webp,image/apng,*/*;q=0.8,application/signed-exchange;v=b3;q=0.9',
  'user-agent' => 'Mozilla/5.0 (Windows NT 10.0; Win64; x64) AppleWebKit/537.36 (KHTML, like Gecko) Chrome/81.0.4044.122 Safari/537.36',
  'upgrade-insecure-requests' => '1',
  'cache-control' => 'max-age=0',
  'connection' => 'close',
  'host' => 'ccc.tp51.cn',
)
[ info ] [ PARAM ] array (
)
[ info ] [ CACHE ] INIT File
[ info ] [ LOG ] INIT File
---------------------------------------------------------------
[ 2020-08-25T15:47:16+08:00 ] 127.0.0.1 GET /index/index/pdos
[ info ] ccc.tp51.cn/index/index/pdos [运行时间：0.033596s][吞吐率：29.77req/s] [内存消耗：1,375.12kb] [文件加载：58]
[ info ] [ LANG ] D:\phpstudy_pro\WWW\tp5.1\thinkphp/lang/zh-cn.php
[ info ] [ ROUTE ] array (
)
[ info ] [ HEADER ] array (
  'cookie' => 'thinkphp_show_page_trace=0|0; pgv_pvi=3933973504; thinkphp_show_page_trace=0|0',
  'accept-language' => 'zh-CN,zh;q=0.9',
  'accept-encoding' => 'gzip, deflate',
  'accept' => 'text/html,application/xhtml+xml,application/xml;q=0.9,image/webp,image/apng,*/*;q=0.8,application/signed-exchange;v=b3;q=0.9',
  'user-agent' => 'Mozilla/5.0 (Windows NT 10.0; Win64; x64) AppleWebKit/537.36 (KHTML, like Gecko) Chrome/81.0.4044.122 Safari/537.36',
  'upgrade-insecure-requests' => '1',
  'cache-control' => 'max-age=0',
  'connection' => 'close',
  'host' => 'ccc.tp51.cn',
)
[ info ] [ PARAM ] array (
)
[ info ] [ CACHE ] INIT File
[ info ] [ LOG ] INIT File
---------------------------------------------------------------
[ 2020-08-25T16:20:22+08:00 ] 127.0.0.1 GET /index/index/pdos
[ info ] ccc.tp51.cn/index/index/pdos [运行时间：0.033863s][吞吐率：29.53req/s] [内存消耗：1,375.12kb] [文件加载：58]
[ info ] [ LANG ] D:\phpstudy_pro\WWW\tp5.1\thinkphp/lang/zh-cn.php
[ info ] [ ROUTE ] array (
)
[ info ] [ HEADER ] array (
  'cookie' => 'thinkphp_show_page_trace=0|0; pgv_pvi=3933973504; thinkphp_show_page_trace=0|0',
  'accept-language' => 'zh-CN,zh;q=0.9',
  'accept-encoding' => 'gzip, deflate',
  'accept' => 'text/html,application/xhtml+xml,application/xml;q=0.9,image/webp,image/apng,*/*;q=0.8,application/signed-exchange;v=b3;q=0.9',
  'user-agent' => 'Mozilla/5.0 (Windows NT 10.0; Win64; x64) AppleWebKit/537.36 (KHTML, like Gecko) Chrome/81.0.4044.122 Safari/537.36',
  'upgrade-insecure-requests' => '1',
  'cache-control' => 'max-age=0',
  'connection' => 'close',
  'host' => 'ccc.tp51.cn',
)
[ info ] [ PARAM ] array (
)
[ info ] [ CACHE ] INIT File
[ info ] [ LOG ] INIT File
---------------------------------------------------------------
[ 2020-08-25T18:59:06+08:00 ] 127.0.0.1 GET /index/index/pdos
[ info ] ccc.tp51.cn/index/index/pdos [运行时间：0.039724s][吞吐率：25.17req/s] [内存消耗：1,375.12kb] [文件加载：58]
[ info ] [ LANG ] D:\phpstudy_pro\WWW\tp5.1\thinkphp/lang/zh-cn.php
[ info ] [ ROUTE ] array (
)
[ info ] [ HEADER ] array (
  'cookie' => 'thinkphp_show_page_trace=0|0; pgv_pvi=3933973504; thinkphp_show_page_trace=0|0',
  'accept-language' => 'zh-CN,zh;q=0.9',
  'accept-encoding' => 'gzip, deflate',
  'accept' => 'text/html,application/xhtml+xml,application/xml;q=0.9,image/webp,image/apng,*/*;q=0.8,application/signed-exchange;v=b3;q=0.9',
  'user-agent' => 'Mozilla/5.0 (Windows NT 10.0; Win64; x64) AppleWebKit/537.36 (KHTML, like Gecko) Chrome/81.0.4044.122 Safari/537.36',
  'upgrade-insecure-requests' => '1',
  'cache-control' => 'max-age=0',
  'connection' => 'close',
  'host' => 'ccc.tp51.cn',
)
[ info ] [ PARAM ] array (
)
[ info ] [ CACHE ] INIT File
[ info ] [ LOG ] INIT File
---------------------------------------------------------------
[ 2020-08-25T19:10:53+08:00 ] 127.0.0.1 GET /index/index/pdos
[ info ] ccc.tp51.cn/index/index/pdos [运行时间：0.037927s][吞吐率：26.37req/s] [内存消耗：1,375.12kb] [文件加载：58]
[ info ] [ LANG ] D:\phpstudy_pro\WWW\tp5.1\thinkphp/lang/zh-cn.php
[ info ] [ ROUTE ] array (
)
[ info ] [ HEADER ] array (
  'cookie' => 'thinkphp_show_page_trace=0|0; pgv_pvi=3933973504; thinkphp_show_page_trace=0|0',
  'accept-language' => 'zh-CN,zh;q=0.9',
  'accept-encoding' => 'gzip, deflate',
  'accept' => 'text/html,application/xhtml+xml,application/xml;q=0.9,image/webp,image/apng,*/*;q=0.8,application/signed-exchange;v=b3;q=0.9',
  'user-agent' => 'Mozilla/5.0 (Windows NT 10.0; Win64; x64) AppleWebKit/537.36 (KHTML, like Gecko) Chrome/81.0.4044.122 Safari/537.36',
  'upgrade-insecure-requests' => '1',
  'cache-control' => 'max-age=0',
  'connection' => 'close',
  'host' => 'ccc.tp51.cn',
)
[ info ] [ PARAM ] array (
)
[ info ] [ CACHE ] INIT File
[ info ] [ LOG ] INIT File
---------------------------------------------------------------
[ 2020-08-25T19:11:03+08:00 ] 127.0.0.1 GET /index/index/pdos
[ info ] ccc.tp51.cn/index/index/pdos [运行时间：0.046376s][吞吐率：21.56req/s] [内存消耗：1,483.42kb] [文件加载：61]
[ info ] [ LANG ] D:\phpstudy_pro\WWW\tp5.1\thinkphp/lang/zh-cn.php
[ info ] [ ROUTE ] array (
)
[ info ] [ HEADER ] array (
  'cookie' => 'thinkphp_show_page_trace=0|0; pgv_pvi=3933973504; thinkphp_show_page_trace=0|0',
  'accept-language' => 'zh-CN,zh;q=0.9',
  'accept-encoding' => 'gzip, deflate',
  'accept' => 'text/html,application/xhtml+xml,application/xml;q=0.9,image/webp,image/apng,*/*;q=0.8,application/signed-exchange;v=b3;q=0.9',
  'user-agent' => 'Mozilla/5.0 (Windows NT 10.0; Win64; x64) AppleWebKit/537.36 (KHTML, like Gecko) Chrome/81.0.4044.122 Safari/537.36',
  'upgrade-insecure-requests' => '1',
  'cache-control' => 'max-age=0',
  'connection' => 'close',
  'host' => 'ccc.tp51.cn',
)
[ info ] [ PARAM ] array (
)
[ info ] [ CACHE ] INIT File
[ info ] [ LOG ] INIT File
[ error ] [42S02]SQLSTATE[42S02]: Base table or view not found: 1146 Table 'myku.stafc' doesn't exist[D:\phpstudy_pro\WWW\tp5.1\application\index\controller\Index.php:26]
---------------------------------------------------------------
[ 2020-08-25T19:11:23+08:00 ] 127.0.0.1 GET /index/index/pdos
[ info ] ccc.tp51.cn/index/index/pdos [运行时间：0.037672s][吞吐率：26.55req/s] [内存消耗：1,483.42kb] [文件加载：61]
[ info ] [ LANG ] D:\phpstudy_pro\WWW\tp5.1\thinkphp/lang/zh-cn.php
[ info ] [ ROUTE ] array (
)
[ info ] [ HEADER ] array (
  'cookie' => 'thinkphp_show_page_trace=0|0; pgv_pvi=3933973504; thinkphp_show_page_trace=0|0',
  'accept-language' => 'zh-CN,zh;q=0.9',
  'accept-encoding' => 'gzip, deflate',
  'accept' => 'text/html,application/xhtml+xml,application/xml;q=0.9,image/webp,image/apng,*/*;q=0.8,application/signed-exchange;v=b3;q=0.9',
  'user-agent' => 'Mozilla/5.0 (Windows NT 10.0; Win64; x64) AppleWebKit/537.36 (KHTML, like Gecko) Chrome/81.0.4044.122 Safari/537.36',
  'upgrade-insecure-requests' => '1',
  'cache-control' => 'max-age=0',
  'connection' => 'close',
  'host' => 'ccc.tp51.cn',
)
[ info ] [ PARAM ] array (
)
[ info ] [ CACHE ] INIT File
[ info ] [ LOG ] INIT File
[ error ] [42S02]SQLSTATE[42S02]: Base table or view not found: 1146 Table 'myku.stafc' doesn't exist[D:\phpstudy_pro\WWW\tp5.1\application\index\controller\Index.php:26]
---------------------------------------------------------------
[ 2020-08-25T22:46:01+08:00 ] 127.0.0.1 GET /index/index/pdos
[ info ] ccc.tp51.cn/index/index/pdos [运行时间：0.057063s][吞吐率：17.52req/s] [内存消耗：1,483.42kb] [文件加载：61]
[ info ] [ LANG ] D:\phpstudy_pro\WWW\tp5.1\thinkphp/lang/zh-cn.php
[ info ] [ ROUTE ] array (
)
[ info ] [ HEADER ] array (
  'cookie' => 'thinkphp_show_page_trace=0|0; pgv_pvi=3933973504; thinkphp_show_page_trace=0|0',
  'accept-language' => 'zh-CN,zh;q=0.9',
  'accept-encoding' => 'gzip, deflate',
  'accept' => 'text/html,application/xhtml+xml,application/xml;q=0.9,image/webp,image/apng,*/*;q=0.8,application/signed-exchange;v=b3;q=0.9',
  'user-agent' => 'Mozilla/5.0 (Windows NT 10.0; Win64; x64) AppleWebKit/537.36 (KHTML, like Gecko) Chrome/81.0.4044.122 Safari/537.36',
  'upgrade-insecure-requests' => '1',
  'cache-control' => 'max-age=0',
  'connection' => 'close',
  'host' => 'ccc.tp51.cn',
)
[ info ] [ PARAM ] array (
)
[ info ] [ CACHE ] INIT File
[ info ] [ LOG ] INIT File
[ error ] [42S02]SQLSTATE[42S02]: Base table or view not found: 1146 Table 'myku.stafc' doesn't exist[D:\phpstudy_pro\WWW\tp5.1\application\index\controller\Index.php:26]
