---------------------------------------------------------------
[ 2020-05-18T09:05:01+08:00 ] 127.0.0.1 GET /
[ info ] ccc.tp51.cn/ [运行时间：0.037864s][吞吐率：26.41req/s] [内存消耗：977.34kb] [文件加载：45]
[ info ] [ LANG ] D:\phpstudy_pro\WWW\tp5.1\thinkphp/lang/zh-cn.php
[ info ] [ ROUTE ] array (
)
[ info ] [ HEADER ] array (
  'cookie' => 'pgv_pvi=3164481536',
  'accept-language' => 'zh-CN,zh;q=0.9',
  'accept-encoding' => 'gzip, deflate',
  'accept' => 'text/html,application/xhtml+xml,application/xml;q=0.9,image/webp,image/apng,*/*;q=0.8,application/signed-exchange;v=b3;q=0.9',
  'user-agent' => 'Mozilla/5.0 (Windows NT 10.0; Win64; x64) AppleWebKit/537.36 (KHTML, like Gecko) Chrome/81.0.4044.122 Safari/537.36',
  'upgrade-insecure-requests' => '1',
  'connection' => 'close',
  'host' => 'ccc.tp51.cn',
)
[ info ] [ PARAM ] array (
)
[ info ] [ LOG ] INIT File
---------------------------------------------------------------
[ 2020-05-18T09:05:55+08:00 ] 127.0.0.1 GET /admin/Initialize/loginSucceed
[ info ] ccc.tp51.cn/admin/Initialize/loginSucceed [运行时间：0.038158s][吞吐率：26.21req/s] [内存消耗：1,499.48kb] [文件加载：60]
[ info ] [ LANG ] D:\phpstudy_pro\WWW\tp5.1\thinkphp/lang/zh-cn.php
[ info ] [ ROUTE ] array (
)
[ info ] [ HEADER ] array (
  'cookie' => 'pgv_pvi=3164481536; pgv_si=s6278050816',
  'accept-language' => 'zh-CN,zh;q=0.9',
  'accept-encoding' => 'gzip, deflate',
  'accept' => 'text/html,application/xhtml+xml,application/xml;q=0.9,image/webp,image/apng,*/*;q=0.8,application/signed-exchange;v=b3;q=0.9',
  'user-agent' => 'Mozilla/5.0 (Windows NT 10.0; Win64; x64) AppleWebKit/537.36 (KHTML, like Gecko) Chrome/81.0.4044.122 Safari/537.36',
  'upgrade-insecure-requests' => '1',
  'connection' => 'close',
  'host' => 'ccc.tp51.cn',
)
[ info ] [ PARAM ] array (
)
[ info ] [ VIEW ] D:\phpstudy_pro\WWW\tp5.1\application/admin/view\initialize\loginsucceed.html [ array (
) ]
[ info ] [ LOG ] INIT File
[ error ] [8]未定义变量: smarty[D:\phpstudy_pro\WWW\tp5.1\runtime\temp\b7a5dfb69d62ad4a447cfc7055142eac.php:6]
---------------------------------------------------------------
[ 2020-05-18T09:06:36+08:00 ] 127.0.0.1 GET /admin/Initialize/loginSucceed
[ info ] ccc.tp51.cn/admin/Initialize/loginSucceed [运行时间：0.041705s][吞吐率：23.98req/s] [内存消耗：1,500.88kb] [文件加载：57]
[ info ] [ LANG ] D:\phpstudy_pro\WWW\tp5.1\thinkphp/lang/zh-cn.php
[ info ] [ ROUTE ] array (
)
[ info ] [ HEADER ] array (
  'cookie' => 'pgv_pvi=3164481536; pgv_si=s6278050816',
  'accept-language' => 'zh-CN,zh;q=0.9',
  'accept-encoding' => 'gzip, deflate',
  'accept' => 'text/html,application/xhtml+xml,application/xml;q=0.9,image/webp,image/apng,*/*;q=0.8,application/signed-exchange;v=b3;q=0.9',
  'user-agent' => 'Mozilla/5.0 (Windows NT 10.0; Win64; x64) AppleWebKit/537.36 (KHTML, like Gecko) Chrome/81.0.4044.122 Safari/537.36',
  'upgrade-insecure-requests' => '1',
  'cache-control' => 'max-age=0',
  'connection' => 'close',
  'host' => 'ccc.tp51.cn',
)
[ info ] [ PARAM ] array (
)
[ info ] [ VIEW ] D:\phpstudy_pro\WWW\tp5.1\application/admin/view\initialize\loginsucceed.html [ array (
) ]
[ info ] [ LOG ] INIT File
---------------------------------------------------------------
[ 2020-05-18T09:06:36+08:00 ] 127.0.0.1 GET /public/static/jquery/jquery-3.3.1.min.js
[ info ] ccc.tp51.cn/public/static/jquery/jquery-3.3.1.min.js [运行时间：0.039193s][吞吐率：25.51req/s] [内存消耗：1,024.28kb] [文件加载：48]
[ info ] [ LANG ] D:\phpstudy_pro\WWW\tp5.1\thinkphp/lang/zh-cn.php
[ info ] [ ROUTE ] array (
)
[ info ] [ HEADER ] array (
  'cookie' => 'pgv_pvi=3164481536; pgv_si=s6278050816',
  'accept-language' => 'zh-CN,zh;q=0.9',
  'accept-encoding' => 'gzip, deflate',
  'referer' => 'http://ccc.tp51.cn/admin/Initialize/loginSucceed',
  'accept' => '*/*',
  'user-agent' => 'Mozilla/5.0 (Windows NT 10.0; Win64; x64) AppleWebKit/537.36 (KHTML, like Gecko) Chrome/81.0.4044.122 Safari/537.36',
  'connection' => 'close',
  'host' => 'ccc.tp51.cn',
)
[ info ] [ PARAM ] array (
)
[ info ] [ LOG ] INIT File
---------------------------------------------------------------
[ 2020-05-18T09:09:21+08:00 ] 127.0.0.1 GET /admin/Initialize/loginSucceed
[ info ] ccc.tp51.cn/admin/Initialize/loginSucceed [运行时间：0.022927s][吞吐率：43.62req/s] [内存消耗：1,500.88kb] [文件加载：57]
[ info ] [ LANG ] D:\phpstudy_pro\WWW\tp5.1\thinkphp/lang/zh-cn.php
[ info ] [ ROUTE ] array (
)
[ info ] [ HEADER ] array (
  'cookie' => 'pgv_pvi=3164481536; pgv_si=s6278050816',
  'accept-language' => 'zh-CN,zh;q=0.9',
  'accept-encoding' => 'gzip, deflate',
  'accept' => 'text/html,application/xhtml+xml,application/xml;q=0.9,image/webp,image/apng,*/*;q=0.8,application/signed-exchange;v=b3;q=0.9',
  'user-agent' => 'Mozilla/5.0 (Windows NT 10.0; Win64; x64) AppleWebKit/537.36 (KHTML, like Gecko) Chrome/81.0.4044.122 Safari/537.36',
  'upgrade-insecure-requests' => '1',
  'cache-control' => 'max-age=0',
  'connection' => 'close',
  'host' => 'ccc.tp51.cn',
)
[ info ] [ PARAM ] array (
)
[ info ] [ VIEW ] D:\phpstudy_pro\WWW\tp5.1\application/admin/view\initialize\loginsucceed.html [ array (
) ]
[ info ] [ LOG ] INIT File
---------------------------------------------------------------
[ 2020-05-18T09:10:09+08:00 ] 127.0.0.1 GET /admin/Initialize/loginSucceed
[ info ] ccc.tp51.cn/admin/Initialize/loginSucceed [运行时间：0.033865s][吞吐率：29.53req/s] [内存消耗：1,500.88kb] [文件加载：57]
[ info ] [ LANG ] D:\phpstudy_pro\WWW\tp5.1\thinkphp/lang/zh-cn.php
[ info ] [ ROUTE ] array (
)
[ info ] [ HEADER ] array (
  'cookie' => 'pgv_pvi=3164481536; pgv_si=s6278050816',
  'accept-language' => 'zh-CN,zh;q=0.9',
  'accept-encoding' => 'gzip, deflate',
  'accept' => 'text/html,application/xhtml+xml,application/xml;q=0.9,image/webp,image/apng,*/*;q=0.8,application/signed-exchange;v=b3;q=0.9',
  'user-agent' => 'Mozilla/5.0 (Windows NT 10.0; Win64; x64) AppleWebKit/537.36 (KHTML, like Gecko) Chrome/81.0.4044.122 Safari/537.36',
  'upgrade-insecure-requests' => '1',
  'cache-control' => 'max-age=0',
  'connection' => 'close',
  'host' => 'ccc.tp51.cn',
)
[ info ] [ PARAM ] array (
)
[ info ] [ VIEW ] D:\phpstudy_pro\WWW\tp5.1\application/admin/view\initialize\loginsucceed.html [ array (
) ]
[ info ] [ LOG ] INIT File
---------------------------------------------------------------
[ 2020-05-18T09:10:09+08:00 ] 127.0.0.1 GET /public/static/jquery/jquery-3.3.1.min.js
[ info ] ccc.tp51.cn/public/static/jquery/jquery-3.3.1.min.js [运行时间：0.024970s][吞吐率：40.05req/s] [内存消耗：1,024.28kb] [文件加载：48]
[ info ] [ LANG ] D:\phpstudy_pro\WWW\tp5.1\thinkphp/lang/zh-cn.php
[ info ] [ ROUTE ] array (
)
[ info ] [ HEADER ] array (
  'cookie' => 'pgv_pvi=3164481536; pgv_si=s6278050816',
  'accept-language' => 'zh-CN,zh;q=0.9',
  'accept-encoding' => 'gzip, deflate',
  'referer' => 'http://ccc.tp51.cn/admin/Initialize/loginSucceed',
  'accept' => '*/*',
  'user-agent' => 'Mozilla/5.0 (Windows NT 10.0; Win64; x64) AppleWebKit/537.36 (KHTML, like Gecko) Chrome/81.0.4044.122 Safari/537.36',
  'connection' => 'close',
  'host' => 'ccc.tp51.cn',
)
[ info ] [ PARAM ] array (
)
[ info ] [ LOG ] INIT File
---------------------------------------------------------------
[ 2020-05-18T09:10:48+08:00 ] 127.0.0.1 GET /admin/Initialize/loginSucceed
[ info ] ccc.tp51.cn/admin/Initialize/loginSucceed [运行时间：0.038030s][吞吐率：26.30req/s] [内存消耗：1,500.88kb] [文件加载：57]
[ info ] [ LANG ] D:\phpstudy_pro\WWW\tp5.1\thinkphp/lang/zh-cn.php
[ info ] [ ROUTE ] array (
)
[ info ] [ HEADER ] array (
  'cookie' => 'pgv_pvi=3164481536; pgv_si=s6278050816',
  'accept-language' => 'zh-CN,zh;q=0.9',
  'accept-encoding' => 'gzip, deflate',
  'accept' => 'text/html,application/xhtml+xml,application/xml;q=0.9,image/webp,image/apng,*/*;q=0.8,application/signed-exchange;v=b3;q=0.9',
  'user-agent' => 'Mozilla/5.0 (Windows NT 10.0; Win64; x64) AppleWebKit/537.36 (KHTML, like Gecko) Chrome/81.0.4044.122 Safari/537.36',
  'upgrade-insecure-requests' => '1',
  'cache-control' => 'max-age=0',
  'connection' => 'close',
  'host' => 'ccc.tp51.cn',
)
[ info ] [ PARAM ] array (
)
[ info ] [ VIEW ] D:\phpstudy_pro\WWW\tp5.1\application/admin/view\initialize\loginsucceed.html [ array (
) ]
[ info ] [ LOG ] INIT File
---------------------------------------------------------------
[ 2020-05-18T09:10:48+08:00 ] 127.0.0.1 GET /public/static/jquery/jquery-3.3.1.min.js
[ info ] ccc.tp51.cn/public/static/jquery/jquery-3.3.1.min.js [运行时间：0.024727s][吞吐率：40.44req/s] [内存消耗：1,024.28kb] [文件加载：48]
[ info ] [ LANG ] D:\phpstudy_pro\WWW\tp5.1\thinkphp/lang/zh-cn.php
[ info ] [ ROUTE ] array (
)
[ info ] [ HEADER ] array (
  'cookie' => 'pgv_pvi=3164481536; pgv_si=s6278050816',
  'accept-language' => 'zh-CN,zh;q=0.9',
  'accept-encoding' => 'gzip, deflate',
  'referer' => 'http://ccc.tp51.cn/admin/Initialize/loginSucceed',
  'accept' => '*/*',
  'user-agent' => 'Mozilla/5.0 (Windows NT 10.0; Win64; x64) AppleWebKit/537.36 (KHTML, like Gecko) Chrome/81.0.4044.122 Safari/537.36',
  'connection' => 'close',
  'host' => 'ccc.tp51.cn',
)
[ info ] [ PARAM ] array (
)
[ info ] [ LOG ] INIT File
---------------------------------------------------------------
[ 2020-05-18T09:10:53+08:00 ] 127.0.0.1 GET /admin/Initialize/loginSucceed
[ info ] ccc.tp51.cn/admin/Initialize/loginSucceed [运行时间：0.019575s][吞吐率：51.09req/s] [内存消耗：1,292.27kb] [文件加载：55]
[ info ] [ LANG ] D:\phpstudy_pro\WWW\tp5.1\thinkphp/lang/zh-cn.php
[ info ] [ ROUTE ] array (
)
[ info ] [ HEADER ] array (
  'cookie' => 'pgv_pvi=3164481536; pgv_si=s6278050816',
  'accept-language' => 'zh-CN,zh;q=0.9',
  'accept-encoding' => 'gzip, deflate',
  'accept' => 'text/html,application/xhtml+xml,application/xml;q=0.9,image/webp,image/apng,*/*;q=0.8,application/signed-exchange;v=b3;q=0.9',
  'user-agent' => 'Mozilla/5.0 (Windows NT 10.0; Win64; x64) AppleWebKit/537.36 (KHTML, like Gecko) Chrome/81.0.4044.122 Safari/537.36',
  'upgrade-insecure-requests' => '1',
  'cache-control' => 'max-age=0',
  'connection' => 'close',
  'host' => 'ccc.tp51.cn',
)
[ info ] [ PARAM ] array (
)
[ info ] [ VIEW ] D:\phpstudy_pro\WWW\tp5.1\application/admin/view\initialize\loginsucceed.html [ array (
) ]
[ info ] [ LOG ] INIT File
---------------------------------------------------------------
[ 2020-05-18T09:10:53+08:00 ] 127.0.0.1 GET /public/static/jquery/jquery-3.3.1.min.js
[ info ] ccc.tp51.cn/public/static/jquery/jquery-3.3.1.min.js [运行时间：0.031764s][吞吐率：31.48req/s] [内存消耗：1,024.28kb] [文件加载：48]
[ info ] [ LANG ] D:\phpstudy_pro\WWW\tp5.1\thinkphp/lang/zh-cn.php
[ info ] [ ROUTE ] array (
)
[ info ] [ HEADER ] array (
  'cookie' => 'pgv_pvi=3164481536; pgv_si=s6278050816',
  'accept-language' => 'zh-CN,zh;q=0.9',
  'accept-encoding' => 'gzip, deflate',
  'referer' => 'http://ccc.tp51.cn/admin/Initialize/loginSucceed',
  'accept' => '*/*',
  'user-agent' => 'Mozilla/5.0 (Windows NT 10.0; Win64; x64) AppleWebKit/537.36 (KHTML, like Gecko) Chrome/81.0.4044.122 Safari/537.36',
  'connection' => 'close',
  'host' => 'ccc.tp51.cn',
)
[ info ] [ PARAM ] array (
)
[ info ] [ LOG ] INIT File
---------------------------------------------------------------
[ 2020-05-18T09:10:59+08:00 ] 127.0.0.1 GET /admin/Initialize/loginSucceed
[ info ] ccc.tp51.cn/admin/Initialize/loginSucceed [运行时间：0.024103s][吞吐率：41.49req/s] [内存消耗：1,292.27kb] [文件加载：55]
[ info ] [ LANG ] D:\phpstudy_pro\WWW\tp5.1\thinkphp/lang/zh-cn.php
[ info ] [ ROUTE ] array (
)
[ info ] [ HEADER ] array (
  'cookie' => 'pgv_pvi=3164481536; pgv_si=s6278050816',
  'accept-language' => 'zh-CN,zh;q=0.9',
  'accept-encoding' => 'gzip, deflate',
  'accept' => 'text/html,application/xhtml+xml,application/xml;q=0.9,image/webp,image/apng,*/*;q=0.8,application/signed-exchange;v=b3;q=0.9',
  'user-agent' => 'Mozilla/5.0 (Windows NT 10.0; Win64; x64) AppleWebKit/537.36 (KHTML, like Gecko) Chrome/81.0.4044.122 Safari/537.36',
  'upgrade-insecure-requests' => '1',
  'cache-control' => 'max-age=0',
  'connection' => 'close',
  'host' => 'ccc.tp51.cn',
)
[ info ] [ PARAM ] array (
)
[ info ] [ VIEW ] D:\phpstudy_pro\WWW\tp5.1\application/admin/view\initialize\loginsucceed.html [ array (
) ]
[ info ] [ LOG ] INIT File
---------------------------------------------------------------
[ 2020-05-18T09:11:00+08:00 ] 127.0.0.1 GET /public/static/jquery/jquery-3.3.1.min.js
[ info ] ccc.tp51.cn/public/static/jquery/jquery-3.3.1.min.js [运行时间：0.034480s][吞吐率：29.00req/s] [内存消耗：1,024.28kb] [文件加载：48]
[ info ] [ LANG ] D:\phpstudy_pro\WWW\tp5.1\thinkphp/lang/zh-cn.php
[ info ] [ ROUTE ] array (
)
[ info ] [ HEADER ] array (
  'cookie' => 'pgv_pvi=3164481536; pgv_si=s6278050816',
  'accept-language' => 'zh-CN,zh;q=0.9',
  'accept-encoding' => 'gzip, deflate',
  'referer' => 'http://ccc.tp51.cn/admin/Initialize/loginSucceed',
  'accept' => '*/*',
  'user-agent' => 'Mozilla/5.0 (Windows NT 10.0; Win64; x64) AppleWebKit/537.36 (KHTML, like Gecko) Chrome/81.0.4044.122 Safari/537.36',
  'connection' => 'close',
  'host' => 'ccc.tp51.cn',
)
[ info ] [ PARAM ] array (
)
[ info ] [ LOG ] INIT File
---------------------------------------------------------------
[ 2020-05-18T09:11:01+08:00 ] 127.0.0.1 GET /admin/Initialize/loginSucceed
[ info ] ccc.tp51.cn/admin/Initialize/loginSucceed [运行时间：0.019680s][吞吐率：50.81req/s] [内存消耗：1,292.27kb] [文件加载：55]
[ info ] [ LANG ] D:\phpstudy_pro\WWW\tp5.1\thinkphp/lang/zh-cn.php
[ info ] [ ROUTE ] array (
)
[ info ] [ HEADER ] array (
  'cookie' => 'pgv_pvi=3164481536; pgv_si=s6278050816',
  'accept-language' => 'zh-CN,zh;q=0.9',
  'accept-encoding' => 'gzip, deflate',
  'accept' => 'text/html,application/xhtml+xml,application/xml;q=0.9,image/webp,image/apng,*/*;q=0.8,application/signed-exchange;v=b3;q=0.9',
  'user-agent' => 'Mozilla/5.0 (Windows NT 10.0; Win64; x64) AppleWebKit/537.36 (KHTML, like Gecko) Chrome/81.0.4044.122 Safari/537.36',
  'upgrade-insecure-requests' => '1',
  'cache-control' => 'max-age=0',
  'connection' => 'close',
  'host' => 'ccc.tp51.cn',
)
[ info ] [ PARAM ] array (
)
[ info ] [ VIEW ] D:\phpstudy_pro\WWW\tp5.1\application/admin/view\initialize\loginsucceed.html [ array (
) ]
[ info ] [ LOG ] INIT File
---------------------------------------------------------------
[ 2020-05-18T09:11:01+08:00 ] 127.0.0.1 GET /public/static/jquery/jquery-3.3.1.min.js
[ info ] ccc.tp51.cn/public/static/jquery/jquery-3.3.1.min.js [运行时间：0.030063s][吞吐率：33.26req/s] [内存消耗：1,024.28kb] [文件加载：48]
[ info ] [ LANG ] D:\phpstudy_pro\WWW\tp5.1\thinkphp/lang/zh-cn.php
[ info ] [ ROUTE ] array (
)
[ info ] [ HEADER ] array (
  'cookie' => 'pgv_pvi=3164481536; pgv_si=s6278050816',
  'accept-language' => 'zh-CN,zh;q=0.9',
  'accept-encoding' => 'gzip, deflate',
  'referer' => 'http://ccc.tp51.cn/admin/Initialize/loginSucceed',
  'accept' => '*/*',
  'user-agent' => 'Mozilla/5.0 (Windows NT 10.0; Win64; x64) AppleWebKit/537.36 (KHTML, like Gecko) Chrome/81.0.4044.122 Safari/537.36',
  'connection' => 'close',
  'host' => 'ccc.tp51.cn',
)
[ info ] [ PARAM ] array (
)
[ info ] [ LOG ] INIT File
---------------------------------------------------------------
[ 2020-05-18T09:12:36+08:00 ] 127.0.0.1 GET /admin/Initialize/loginSucceed
[ info ] ccc.tp51.cn/admin/Initialize/loginSucceed [运行时间：0.029593s][吞吐率：33.79req/s] [内存消耗：1,500.88kb] [文件加载：57]
[ info ] [ LANG ] D:\phpstudy_pro\WWW\tp5.1\thinkphp/lang/zh-cn.php
[ info ] [ ROUTE ] array (
)
[ info ] [ HEADER ] array (
  'cookie' => 'pgv_pvi=3164481536; pgv_si=s6278050816',
  'accept-language' => 'zh-CN,zh;q=0.9',
  'accept-encoding' => 'gzip, deflate',
  'accept' => 'text/html,application/xhtml+xml,application/xml;q=0.9,image/webp,image/apng,*/*;q=0.8,application/signed-exchange;v=b3;q=0.9',
  'user-agent' => 'Mozilla/5.0 (Windows NT 10.0; Win64; x64) AppleWebKit/537.36 (KHTML, like Gecko) Chrome/81.0.4044.122 Safari/537.36',
  'upgrade-insecure-requests' => '1',
  'cache-control' => 'max-age=0',
  'connection' => 'close',
  'host' => 'ccc.tp51.cn',
)
[ info ] [ PARAM ] array (
)
[ info ] [ VIEW ] D:\phpstudy_pro\WWW\tp5.1\application/admin/view\initialize\loginsucceed.html [ array (
) ]
[ info ] [ LOG ] INIT File
---------------------------------------------------------------
[ 2020-05-18T09:12:36+08:00 ] 127.0.0.1 GET /public/static/jquery/jquery-3.3.1.min.js
[ info ] ccc.tp51.cn/public/static/jquery/jquery-3.3.1.min.js [运行时间：0.035122s][吞吐率：28.47req/s] [内存消耗：1,024.28kb] [文件加载：48]
[ info ] [ LANG ] D:\phpstudy_pro\WWW\tp5.1\thinkphp/lang/zh-cn.php
[ info ] [ ROUTE ] array (
)
[ info ] [ HEADER ] array (
  'cookie' => 'pgv_pvi=3164481536; pgv_si=s6278050816',
  'accept-language' => 'zh-CN,zh;q=0.9',
  'accept-encoding' => 'gzip, deflate',
  'referer' => 'http://ccc.tp51.cn/admin/Initialize/loginSucceed',
  'accept' => '*/*',
  'user-agent' => 'Mozilla/5.0 (Windows NT 10.0; Win64; x64) AppleWebKit/537.36 (KHTML, like Gecko) Chrome/81.0.4044.122 Safari/537.36',
  'connection' => 'close',
  'host' => 'ccc.tp51.cn',
)
[ info ] [ PARAM ] array (
)
[ info ] [ LOG ] INIT File
---------------------------------------------------------------
[ 2020-05-18T09:14:15+08:00 ] 127.0.0.1 GET /admin/Initialize/loginSucceed
[ info ] ccc.tp51.cn/admin/Initialize/loginSucceed [运行时间：0.024606s][吞吐率：40.64req/s] [内存消耗：1,500.63kb] [文件加载：57]
[ info ] [ LANG ] D:\phpstudy_pro\WWW\tp5.1\thinkphp/lang/zh-cn.php
[ info ] [ ROUTE ] array (
)
[ info ] [ HEADER ] array (
  'cookie' => 'pgv_pvi=3164481536; pgv_si=s6278050816',
  'accept-language' => 'zh-CN,zh;q=0.9',
  'accept-encoding' => 'gzip, deflate',
  'accept' => 'text/html,application/xhtml+xml,application/xml;q=0.9,image/webp,image/apng,*/*;q=0.8,application/signed-exchange;v=b3;q=0.9',
  'user-agent' => 'Mozilla/5.0 (Windows NT 10.0; Win64; x64) AppleWebKit/537.36 (KHTML, like Gecko) Chrome/81.0.4044.122 Safari/537.36',
  'upgrade-insecure-requests' => '1',
  'cache-control' => 'max-age=0',
  'connection' => 'close',
  'host' => 'ccc.tp51.cn',
)
[ info ] [ PARAM ] array (
)
[ info ] [ VIEW ] D:\phpstudy_pro\WWW\tp5.1\application/admin/view\initialize\loginsucceed.html [ array (
) ]
[ info ] [ LOG ] INIT File
---------------------------------------------------------------
[ 2020-05-18T09:14:15+08:00 ] 127.0.0.1 GET /admin/Initialize/static/jquery/jquery-3.3.1.min.js
[ info ] ccc.tp51.cn/admin/Initialize/static/jquery/jquery-3.3.1.min.js [运行时间：0.077535s][吞吐率：12.90req/s] [内存消耗：1,273.22kb] [文件加载：55]
[ info ] [ LANG ] D:\phpstudy_pro\WWW\tp5.1\thinkphp/lang/zh-cn.php
[ info ] [ ROUTE ] array (
)
[ info ] [ HEADER ] array (
  'cookie' => 'pgv_pvi=3164481536; pgv_si=s6278050816',
  'accept-language' => 'zh-CN,zh;q=0.9',
  'accept-encoding' => 'gzip, deflate',
  'referer' => 'http://ccc.tp51.cn/admin/Initialize/loginSucceed',
  'accept' => '*/*',
  'user-agent' => 'Mozilla/5.0 (Windows NT 10.0; Win64; x64) AppleWebKit/537.36 (KHTML, like Gecko) Chrome/81.0.4044.122 Safari/537.36',
  'connection' => 'close',
  'host' => 'ccc.tp51.cn',
)
[ info ] [ PARAM ] array (
)
[ info ] [ LOG ] INIT File
---------------------------------------------------------------
[ 2020-05-18T09:14:16+08:00 ] 127.0.0.1 GET /admin/Initialize/loginSucceed
[ info ] ccc.tp51.cn/admin/Initialize/loginSucceed [运行时间：0.020669s][吞吐率：48.38req/s] [内存消耗：1,292.27kb] [文件加载：55]
[ info ] [ LANG ] D:\phpstudy_pro\WWW\tp5.1\thinkphp/lang/zh-cn.php
[ info ] [ ROUTE ] array (
)
[ info ] [ HEADER ] array (
  'cookie' => 'pgv_pvi=3164481536; pgv_si=s6278050816',
  'accept-language' => 'zh-CN,zh;q=0.9',
  'accept-encoding' => 'gzip, deflate',
  'accept' => 'text/html,application/xhtml+xml,application/xml;q=0.9,image/webp,image/apng,*/*;q=0.8,application/signed-exchange;v=b3;q=0.9',
  'user-agent' => 'Mozilla/5.0 (Windows NT 10.0; Win64; x64) AppleWebKit/537.36 (KHTML, like Gecko) Chrome/81.0.4044.122 Safari/537.36',
  'upgrade-insecure-requests' => '1',
  'cache-control' => 'max-age=0',
  'connection' => 'close',
  'host' => 'ccc.tp51.cn',
)
[ info ] [ PARAM ] array (
)
[ info ] [ VIEW ] D:\phpstudy_pro\WWW\tp5.1\application/admin/view\initialize\loginsucceed.html [ array (
) ]
[ info ] [ LOG ] INIT File
---------------------------------------------------------------
[ 2020-05-18T09:14:16+08:00 ] 127.0.0.1 GET /admin/Initialize/static/jquery/jquery-3.3.1.min.js
[ info ] ccc.tp51.cn/admin/Initialize/static/jquery/jquery-3.3.1.min.js [运行时间：0.036890s][吞吐率：27.11req/s] [内存消耗：1,273.22kb] [文件加载：55]
[ info ] [ LANG ] D:\phpstudy_pro\WWW\tp5.1\thinkphp/lang/zh-cn.php
[ info ] [ ROUTE ] array (
)
[ info ] [ HEADER ] array (
  'cookie' => 'pgv_pvi=3164481536; pgv_si=s6278050816',
  'accept-language' => 'zh-CN,zh;q=0.9',
  'accept-encoding' => 'gzip, deflate',
  'referer' => 'http://ccc.tp51.cn/admin/Initialize/loginSucceed',
  'accept' => '*/*',
  'user-agent' => 'Mozilla/5.0 (Windows NT 10.0; Win64; x64) AppleWebKit/537.36 (KHTML, like Gecko) Chrome/81.0.4044.122 Safari/537.36',
  'connection' => 'close',
  'host' => 'ccc.tp51.cn',
)
[ info ] [ PARAM ] array (
)
[ info ] [ LOG ] INIT File
---------------------------------------------------------------
[ 2020-05-18T09:14:29+08:00 ] 127.0.0.1 GET /admin/Initialize/loginSucceed
[ info ] ccc.tp51.cn/admin/Initialize/loginSucceed [运行时间：0.039542s][吞吐率：25.29req/s] [内存消耗：1,292.34kb] [文件加载：55]
[ info ] [ LANG ] D:\phpstudy_pro\WWW\tp5.1\thinkphp/lang/zh-cn.php
[ info ] [ ROUTE ] array (
)
[ info ] [ HEADER ] array (
  'cookie' => 'pgv_pvi=3164481536; pgv_si=s6278050816',
  'accept-language' => 'zh-CN,zh;q=0.9',
  'accept-encoding' => 'gzip, deflate',
  'accept' => 'text/html,application/xhtml+xml,application/xml;q=0.9,image/webp,image/apng,*/*;q=0.8,application/signed-exchange;v=b3;q=0.9',
  'user-agent' => 'Mozilla/5.0 (Windows NT 10.0; Win64; x64) AppleWebKit/537.36 (KHTML, like Gecko) Chrome/81.0.4044.122 Safari/537.36',
  'upgrade-insecure-requests' => '1',
  'cache-control' => 'no-cache',
  'pragma' => 'no-cache',
  'connection' => 'close',
  'host' => 'ccc.tp51.cn',
)
[ info ] [ PARAM ] array (
)
[ info ] [ VIEW ] D:\phpstudy_pro\WWW\tp5.1\application/admin/view\initialize\loginsucceed.html [ array (
) ]
[ info ] [ LOG ] INIT File
---------------------------------------------------------------
[ 2020-05-18T09:14:29+08:00 ] 127.0.0.1 GET /admin/Initialize/static/jquery/jquery-3.3.1.min.js
[ info ] ccc.tp51.cn/admin/Initialize/static/jquery/jquery-3.3.1.min.js [运行时间：0.031459s][吞吐率：31.79req/s] [内存消耗：1,273.93kb] [文件加载：55]
[ info ] [ LANG ] D:\phpstudy_pro\WWW\tp5.1\thinkphp/lang/zh-cn.php
[ info ] [ ROUTE ] array (
)
[ info ] [ HEADER ] array (
  'cookie' => 'pgv_pvi=3164481536; pgv_si=s6278050816',
  'accept-language' => 'zh-CN,zh;q=0.9',
  'accept-encoding' => 'gzip, deflate',
  'referer' => 'http://ccc.tp51.cn/admin/Initialize/loginSucceed',
  'accept' => '*/*',
  'user-agent' => 'Mozilla/5.0 (Windows NT 10.0; Win64; x64) AppleWebKit/537.36 (KHTML, like Gecko) Chrome/81.0.4044.122 Safari/537.36',
  'cache-control' => 'no-cache',
  'pragma' => 'no-cache',
  'connection' => 'close',
  'host' => 'ccc.tp51.cn',
)
[ info ] [ PARAM ] array (
)
[ info ] [ LOG ] INIT File
---------------------------------------------------------------
[ 2020-05-18T09:15:24+08:00 ] 127.0.0.1 GET /admin/Initialize/loginSucceed
[ info ] ccc.tp51.cn/admin/Initialize/loginSucceed [运行时间：0.054482s][吞吐率：18.35req/s] [内存消耗：1,500.95kb] [文件加载：57]
[ info ] [ LANG ] D:\phpstudy_pro\WWW\tp5.1\thinkphp/lang/zh-cn.php
[ info ] [ ROUTE ] array (
)
[ info ] [ HEADER ] array (
  'cookie' => 'pgv_pvi=3164481536; pgv_si=s6278050816',
  'accept-language' => 'zh-CN,zh;q=0.9',
  'accept-encoding' => 'gzip, deflate',
  'accept' => 'text/html,application/xhtml+xml,application/xml;q=0.9,image/webp,image/apng,*/*;q=0.8,application/signed-exchange;v=b3;q=0.9',
  'user-agent' => 'Mozilla/5.0 (Windows NT 10.0; Win64; x64) AppleWebKit/537.36 (KHTML, like Gecko) Chrome/81.0.4044.122 Safari/537.36',
  'upgrade-insecure-requests' => '1',
  'cache-control' => 'no-cache',
  'pragma' => 'no-cache',
  'connection' => 'close',
  'host' => 'ccc.tp51.cn',
)
[ info ] [ PARAM ] array (
)
[ info ] [ VIEW ] D:\phpstudy_pro\WWW\tp5.1\application/admin/view\initialize\loginsucceed.html [ array (
) ]
[ info ] [ LOG ] INIT File
---------------------------------------------------------------
[ 2020-05-18T09:15:24+08:00 ] 127.0.0.1 GET /admin/Initialize/static/jquery/jquery-3.3.1.min.js
[ info ] ccc.tp51.cn/admin/Initialize/static/jquery/jquery-3.3.1.min.js [运行时间：0.038092s][吞吐率：26.25req/s] [内存消耗：1,273.93kb] [文件加载：55]
[ info ] [ LANG ] D:\phpstudy_pro\WWW\tp5.1\thinkphp/lang/zh-cn.php
[ info ] [ ROUTE ] array (
)
[ info ] [ HEADER ] array (
  'cookie' => 'pgv_pvi=3164481536; pgv_si=s6278050816',
  'accept-language' => 'zh-CN,zh;q=0.9',
  'accept-encoding' => 'gzip, deflate',
  'referer' => 'http://ccc.tp51.cn/admin/Initialize/loginSucceed',
  'accept' => '*/*',
  'user-agent' => 'Mozilla/5.0 (Windows NT 10.0; Win64; x64) AppleWebKit/537.36 (KHTML, like Gecko) Chrome/81.0.4044.122 Safari/537.36',
  'cache-control' => 'no-cache',
  'pragma' => 'no-cache',
  'connection' => 'close',
  'host' => 'ccc.tp51.cn',
)
[ info ] [ PARAM ] array (
)
[ info ] [ LOG ] INIT File
---------------------------------------------------------------
[ 2020-05-18T09:15:47+08:00 ] 127.0.0.1 GET /admin/Initialize/loginSucceed
[ info ] ccc.tp51.cn/admin/Initialize/loginSucceed [运行时间：0.042445s][吞吐率：23.56req/s] [内存消耗：1,292.34kb] [文件加载：55]
[ info ] [ LANG ] D:\phpstudy_pro\WWW\tp5.1\thinkphp/lang/zh-cn.php
[ info ] [ ROUTE ] array (
)
[ info ] [ HEADER ] array (
  'cookie' => 'pgv_pvi=3164481536; pgv_si=s6278050816',
  'accept-language' => 'zh-CN,zh;q=0.9',
  'accept-encoding' => 'gzip, deflate',
  'accept' => 'text/html,application/xhtml+xml,application/xml;q=0.9,image/webp,image/apng,*/*;q=0.8,application/signed-exchange;v=b3;q=0.9',
  'user-agent' => 'Mozilla/5.0 (Windows NT 10.0; Win64; x64) AppleWebKit/537.36 (KHTML, like Gecko) Chrome/81.0.4044.122 Safari/537.36',
  'upgrade-insecure-requests' => '1',
  'cache-control' => 'no-cache',
  'pragma' => 'no-cache',
  'connection' => 'close',
  'host' => 'ccc.tp51.cn',
)
[ info ] [ PARAM ] array (
)
[ info ] [ VIEW ] D:\phpstudy_pro\WWW\tp5.1\application/admin/view\initialize\loginsucceed.html [ array (
) ]
[ info ] [ LOG ] INIT File
---------------------------------------------------------------
[ 2020-05-18T09:15:47+08:00 ] 127.0.0.1 GET /admin/Initialize/static/jquery/jquery-3.3.1.min.js
[ info ] ccc.tp51.cn/admin/Initialize/static/jquery/jquery-3.3.1.min.js [运行时间：0.047881s][吞吐率：20.89req/s] [内存消耗：1,273.93kb] [文件加载：55]
[ info ] [ LANG ] D:\phpstudy_pro\WWW\tp5.1\thinkphp/lang/zh-cn.php
[ info ] [ ROUTE ] array (
)
[ info ] [ HEADER ] array (
  'cookie' => 'pgv_pvi=3164481536; pgv_si=s6278050816',
  'accept-language' => 'zh-CN,zh;q=0.9',
  'accept-encoding' => 'gzip, deflate',
  'referer' => 'http://ccc.tp51.cn/admin/Initialize/loginSucceed',
  'accept' => '*/*',
  'user-agent' => 'Mozilla/5.0 (Windows NT 10.0; Win64; x64) AppleWebKit/537.36 (KHTML, like Gecko) Chrome/81.0.4044.122 Safari/537.36',
  'cache-control' => 'no-cache',
  'pragma' => 'no-cache',
  'connection' => 'close',
  'host' => 'ccc.tp51.cn',
)
[ info ] [ PARAM ] array (
)
[ info ] [ LOG ] INIT File
---------------------------------------------------------------
[ 2020-05-18T09:15:50+08:00 ] 127.0.0.1 GET /admin/Initialize/loginSucceed
[ info ] ccc.tp51.cn/admin/Initialize/loginSucceed [运行时间：0.048468s][吞吐率：20.63req/s] [内存消耗：1,292.34kb] [文件加载：55]
[ info ] [ LANG ] D:\phpstudy_pro\WWW\tp5.1\thinkphp/lang/zh-cn.php
[ info ] [ ROUTE ] array (
)
[ info ] [ HEADER ] array (
  'cookie' => 'pgv_pvi=3164481536; pgv_si=s6278050816',
  'accept-language' => 'zh-CN,zh;q=0.9',
  'accept-encoding' => 'gzip, deflate',
  'accept' => 'text/html,application/xhtml+xml,application/xml;q=0.9,image/webp,image/apng,*/*;q=0.8,application/signed-exchange;v=b3;q=0.9',
  'user-agent' => 'Mozilla/5.0 (Windows NT 10.0; Win64; x64) AppleWebKit/537.36 (KHTML, like Gecko) Chrome/81.0.4044.122 Safari/537.36',
  'upgrade-insecure-requests' => '1',
  'cache-control' => 'no-cache',
  'pragma' => 'no-cache',
  'connection' => 'close',
  'host' => 'ccc.tp51.cn',
)
[ info ] [ PARAM ] array (
)
[ info ] [ VIEW ] D:\phpstudy_pro\WWW\tp5.1\application/admin/view\initialize\loginsucceed.html [ array (
) ]
[ info ] [ LOG ] INIT File
---------------------------------------------------------------
[ 2020-05-18T09:15:50+08:00 ] 127.0.0.1 GET /admin/Initialize/static/jquery/jquery-3.3.1.min.js
[ info ] ccc.tp51.cn/admin/Initialize/static/jquery/jquery-3.3.1.min.js [运行时间：0.035336s][吞吐率：28.30req/s] [内存消耗：1,273.93kb] [文件加载：55]
[ info ] [ LANG ] D:\phpstudy_pro\WWW\tp5.1\thinkphp/lang/zh-cn.php
[ info ] [ ROUTE ] array (
)
[ info ] [ HEADER ] array (
  'cookie' => 'pgv_pvi=3164481536; pgv_si=s6278050816',
  'accept-language' => 'zh-CN,zh;q=0.9',
  'accept-encoding' => 'gzip, deflate',
  'referer' => 'http://ccc.tp51.cn/admin/Initialize/loginSucceed',
  'accept' => '*/*',
  'user-agent' => 'Mozilla/5.0 (Windows NT 10.0; Win64; x64) AppleWebKit/537.36 (KHTML, like Gecko) Chrome/81.0.4044.122 Safari/537.36',
  'cache-control' => 'no-cache',
  'pragma' => 'no-cache',
  'connection' => 'close',
  'host' => 'ccc.tp51.cn',
)
[ info ] [ PARAM ] array (
)
[ info ] [ LOG ] INIT File
---------------------------------------------------------------
[ 2020-05-18T09:16:43+08:00 ] 127.0.0.1 GET /admin/Initialize/loginSucceed
[ info ] ccc.tp51.cn/admin/Initialize/loginSucceed [运行时间：0.036236s][吞吐率：27.60req/s] [内存消耗：1,500.95kb] [文件加载：57]
[ info ] [ LANG ] D:\phpstudy_pro\WWW\tp5.1\thinkphp/lang/zh-cn.php
[ info ] [ ROUTE ] array (
)
[ info ] [ HEADER ] array (
  'cookie' => 'pgv_pvi=3164481536; pgv_si=s6278050816',
  'accept-language' => 'zh-CN,zh;q=0.9',
  'accept-encoding' => 'gzip, deflate',
  'accept' => 'text/html,application/xhtml+xml,application/xml;q=0.9,image/webp,image/apng,*/*;q=0.8,application/signed-exchange;v=b3;q=0.9',
  'user-agent' => 'Mozilla/5.0 (Windows NT 10.0; Win64; x64) AppleWebKit/537.36 (KHTML, like Gecko) Chrome/81.0.4044.122 Safari/537.36',
  'upgrade-insecure-requests' => '1',
  'cache-control' => 'no-cache',
  'pragma' => 'no-cache',
  'connection' => 'close',
  'host' => 'ccc.tp51.cn',
)
[ info ] [ PARAM ] array (
)
[ info ] [ VIEW ] D:\phpstudy_pro\WWW\tp5.1\application/admin/view\initialize\loginsucceed.html [ array (
) ]
[ info ] [ LOG ] INIT File
---------------------------------------------------------------
[ 2020-05-18T09:16:43+08:00 ] 127.0.0.1 GET /admin/Initialize/static/jquery/jquery.min.js
[ info ] ccc.tp51.cn/admin/Initialize/static/jquery/jquery.min.js [运行时间：0.033978s][吞吐率：29.43req/s] [内存消耗：1,273.92kb] [文件加载：55]
[ info ] [ LANG ] D:\phpstudy_pro\WWW\tp5.1\thinkphp/lang/zh-cn.php
[ info ] [ ROUTE ] array (
)
[ info ] [ HEADER ] array (
  'cookie' => 'pgv_pvi=3164481536; pgv_si=s6278050816',
  'accept-language' => 'zh-CN,zh;q=0.9',
  'accept-encoding' => 'gzip, deflate',
  'referer' => 'http://ccc.tp51.cn/admin/Initialize/loginSucceed',
  'accept' => '*/*',
  'user-agent' => 'Mozilla/5.0 (Windows NT 10.0; Win64; x64) AppleWebKit/537.36 (KHTML, like Gecko) Chrome/81.0.4044.122 Safari/537.36',
  'cache-control' => 'no-cache',
  'pragma' => 'no-cache',
  'connection' => 'close',
  'host' => 'ccc.tp51.cn',
)
[ info ] [ PARAM ] array (
)
[ info ] [ LOG ] INIT File
---------------------------------------------------------------
[ 2020-05-18T09:16:53+08:00 ] 127.0.0.1 GET /admin/Initialize/loginSucceed
[ info ] ccc.tp51.cn/admin/Initialize/loginSucceed [运行时间：0.034278s][吞吐率：29.17req/s] [内存消耗：1,500.95kb] [文件加载：57]
[ info ] [ LANG ] D:\phpstudy_pro\WWW\tp5.1\thinkphp/lang/zh-cn.php
[ info ] [ ROUTE ] array (
)
[ info ] [ HEADER ] array (
  'cookie' => 'pgv_pvi=3164481536; pgv_si=s6278050816',
  'accept-language' => 'zh-CN,zh;q=0.9',
  'accept-encoding' => 'gzip, deflate',
  'accept' => 'text/html,application/xhtml+xml,application/xml;q=0.9,image/webp,image/apng,*/*;q=0.8,application/signed-exchange;v=b3;q=0.9',
  'user-agent' => 'Mozilla/5.0 (Windows NT 10.0; Win64; x64) AppleWebKit/537.36 (KHTML, like Gecko) Chrome/81.0.4044.122 Safari/537.36',
  'upgrade-insecure-requests' => '1',
  'cache-control' => 'no-cache',
  'pragma' => 'no-cache',
  'connection' => 'close',
  'host' => 'ccc.tp51.cn',
)
[ info ] [ PARAM ] array (
)
[ info ] [ VIEW ] D:\phpstudy_pro\WWW\tp5.1\application/admin/view\initialize\loginsucceed.html [ array (
) ]
[ info ] [ LOG ] INIT File
---------------------------------------------------------------
[ 2020-05-18T09:17:18+08:00 ] 127.0.0.1 GET /admin/Initialize/loginSucceed
[ info ] ccc.tp51.cn/admin/Initialize/loginSucceed [运行时间：0.027001s][吞吐率：37.04req/s] [内存消耗：1,500.95kb] [文件加载：57]
[ info ] [ LANG ] D:\phpstudy_pro\WWW\tp5.1\thinkphp/lang/zh-cn.php
[ info ] [ ROUTE ] array (
)
[ info ] [ HEADER ] array (
  'cookie' => 'pgv_pvi=3164481536; pgv_si=s6278050816',
  'accept-language' => 'zh-CN,zh;q=0.9',
  'accept-encoding' => 'gzip, deflate',
  'accept' => 'text/html,application/xhtml+xml,application/xml;q=0.9,image/webp,image/apng,*/*;q=0.8,application/signed-exchange;v=b3;q=0.9',
  'user-agent' => 'Mozilla/5.0 (Windows NT 10.0; Win64; x64) AppleWebKit/537.36 (KHTML, like Gecko) Chrome/81.0.4044.122 Safari/537.36',
  'upgrade-insecure-requests' => '1',
  'cache-control' => 'no-cache',
  'pragma' => 'no-cache',
  'connection' => 'close',
  'host' => 'ccc.tp51.cn',
)
[ info ] [ PARAM ] array (
)
[ info ] [ VIEW ] D:\phpstudy_pro\WWW\tp5.1\application/admin/view\initialize\loginsucceed.html [ array (
) ]
[ info ] [ LOG ] INIT File
---------------------------------------------------------------
[ 2020-05-18T09:17:22+08:00 ] 127.0.0.1 POST /admin/initialize/loginsucceed.html
[ info ] ccc.tp51.cn/admin/initialize/loginsucceed.html [运行时间：0.037906s][吞吐率：26.38req/s] [内存消耗：1,295.77kb] [文件加载：56]
[ info ] [ LANG ] D:\phpstudy_pro\WWW\tp5.1\thinkphp/lang/zh-cn.php
[ info ] [ ROUTE ] array (
)
[ info ] [ HEADER ] array (
  'cookie' => 'pgv_pvi=3164481536; pgv_si=s6278050816',
  'accept-language' => 'zh-CN,zh;q=0.9',
  'accept-encoding' => 'gzip, deflate',
  'referer' => 'http://ccc.tp51.cn/admin/Initialize/loginSucceed',
  'origin' => 'http://ccc.tp51.cn',
  'x-requested-with' => 'XMLHttpRequest',
  'user-agent' => 'Mozilla/5.0 (Windows NT 10.0; Win64; x64) AppleWebKit/537.36 (KHTML, like Gecko) Chrome/81.0.4044.122 Safari/537.36',
  'accept' => '*/*',
  'cache-control' => 'no-cache',
  'pragma' => 'no-cache',
  'content-length' => '0',
  'connection' => 'close',
  'host' => 'ccc.tp51.cn',
)
[ info ] [ PARAM ] array (
)
[ info ] [ VIEW ] D:\phpstudy_pro\WWW\tp5.1\application/admin/view\initialize\loginsucceed.html [ array (
) ]
[ info ] [ LOG ] INIT File
---------------------------------------------------------------
[ 2020-05-18T09:17:23+08:00 ] 127.0.0.1 POST /admin/Initialize/Initialize/get
[ info ] ccc.tp51.cn/admin/Initialize/Initialize/get [运行时间：0.038684s][吞吐率：25.85req/s] [内存消耗：1,273.46kb] [文件加载：55]
[ info ] [ LANG ] D:\phpstudy_pro\WWW\tp5.1\thinkphp/lang/zh-cn.php
[ info ] [ ROUTE ] array (
)
[ info ] [ HEADER ] array (
  'cookie' => 'pgv_pvi=3164481536; pgv_si=s6278050816',
  'accept-language' => 'zh-CN,zh;q=0.9',
  'accept-encoding' => 'gzip, deflate',
  'referer' => 'http://ccc.tp51.cn/admin/Initialize/loginSucceed',
  'accept' => 'text/html,application/xhtml+xml,application/xml;q=0.9,image/webp,image/apng,*/*;q=0.8,application/signed-exchange;v=b3;q=0.9',
  'user-agent' => 'Mozilla/5.0 (Windows NT 10.0; Win64; x64) AppleWebKit/537.36 (KHTML, like Gecko) Chrome/81.0.4044.122 Safari/537.36',
  'content-type' => 'application/x-www-form-urlencoded',
  'origin' => 'http://ccc.tp51.cn',
  'upgrade-insecure-requests' => '1',
  'cache-control' => 'no-cache',
  'pragma' => 'no-cache',
  'content-length' => '17',
  'connection' => 'close',
  'host' => 'ccc.tp51.cn',
)
[ info ] [ PARAM ] array (
  'root' => '111',
  'pass' => '111',
)
[ info ] [ LOG ] INIT File
---------------------------------------------------------------
[ 2020-05-18T09:20:21+08:00 ] 127.0.0.1 GET /admin/Initialize/loginSucceed
[ info ] ccc.tp51.cn/admin/Initialize/loginSucceed [运行时间：0.039912s][吞吐率：25.06req/s] [内存消耗：1,500.88kb] [文件加载：57]
[ info ] [ LANG ] D:\phpstudy_pro\WWW\tp5.1\thinkphp/lang/zh-cn.php
[ info ] [ ROUTE ] array (
)
[ info ] [ HEADER ] array (
  'cookie' => 'pgv_pvi=3164481536; pgv_si=s6278050816',
  'accept-language' => 'zh-CN,zh;q=0.9',
  'accept-encoding' => 'gzip, deflate',
  'accept' => 'text/html,application/xhtml+xml,application/xml;q=0.9,image/webp,image/apng,*/*;q=0.8,application/signed-exchange;v=b3;q=0.9',
  'user-agent' => 'Mozilla/5.0 (Windows NT 10.0; Win64; x64) AppleWebKit/537.36 (KHTML, like Gecko) Chrome/81.0.4044.122 Safari/537.36',
  'upgrade-insecure-requests' => '1',
  'cache-control' => 'max-age=0',
  'connection' => 'close',
  'host' => 'ccc.tp51.cn',
)
[ info ] [ PARAM ] array (
)
[ info ] [ VIEW ] D:\phpstudy_pro\WWW\tp5.1\application/admin/view\initialize\loginsucceed.html [ array (
) ]
[ info ] [ LOG ] INIT File
---------------------------------------------------------------
[ 2020-05-18T09:20:25+08:00 ] 127.0.0.1 POST /admin/initialize/loginsucceed.html
[ info ] ccc.tp51.cn/admin/initialize/loginsucceed.html [运行时间：0.024049s][吞吐率：41.58req/s] [内存消耗：1,295.50kb] [文件加载：56]
[ info ] [ LANG ] D:\phpstudy_pro\WWW\tp5.1\thinkphp/lang/zh-cn.php
[ info ] [ ROUTE ] array (
)
[ info ] [ HEADER ] array (
  'cookie' => 'pgv_pvi=3164481536; pgv_si=s6278050816',
  'accept-language' => 'zh-CN,zh;q=0.9',
  'accept-encoding' => 'gzip, deflate',
  'referer' => 'http://ccc.tp51.cn/admin/Initialize/loginSucceed',
  'origin' => 'http://ccc.tp51.cn',
  'x-requested-with' => 'XMLHttpRequest',
  'user-agent' => 'Mozilla/5.0 (Windows NT 10.0; Win64; x64) AppleWebKit/537.36 (KHTML, like Gecko) Chrome/81.0.4044.122 Safari/537.36',
  'accept' => '*/*',
  'content-length' => '0',
  'connection' => 'close',
  'host' => 'ccc.tp51.cn',
)
[ info ] [ PARAM ] array (
)
[ info ] [ VIEW ] D:\phpstudy_pro\WWW\tp5.1\application/admin/view\initialize\loginsucceed.html [ array (
) ]
[ info ] [ LOG ] INIT File
---------------------------------------------------------------
[ 2020-05-18T09:20:26+08:00 ] 127.0.0.1 POST /admin/Initialize/loginSucceed
[ info ] ccc.tp51.cn/admin/Initialize/loginSucceed [运行时间：0.046546s][吞吐率：21.48req/s] [内存消耗：1,291.90kb] [文件加载：55]
[ info ] [ LANG ] D:\phpstudy_pro\WWW\tp5.1\thinkphp/lang/zh-cn.php
[ info ] [ ROUTE ] array (
)
[ info ] [ HEADER ] array (
  'cookie' => 'pgv_pvi=3164481536; pgv_si=s6278050816',
  'accept-language' => 'zh-CN,zh;q=0.9',
  'accept-encoding' => 'gzip, deflate',
  'referer' => 'http://ccc.tp51.cn/admin/Initialize/loginSucceed',
  'accept' => 'text/html,application/xhtml+xml,application/xml;q=0.9,image/webp,image/apng,*/*;q=0.8,application/signed-exchange;v=b3;q=0.9',
  'user-agent' => 'Mozilla/5.0 (Windows NT 10.0; Win64; x64) AppleWebKit/537.36 (KHTML, like Gecko) Chrome/81.0.4044.122 Safari/537.36',
  'content-type' => 'application/x-www-form-urlencoded',
  'origin' => 'http://ccc.tp51.cn',
  'upgrade-insecure-requests' => '1',
  'cache-control' => 'max-age=0',
  'content-length' => '17',
  'connection' => 'close',
  'host' => 'ccc.tp51.cn',
)
[ info ] [ PARAM ] array (
  'root' => '111',
  'pass' => '111',
)
[ info ] [ VIEW ] D:\phpstudy_pro\WWW\tp5.1\application/admin/view\initialize\loginsucceed.html [ array (
) ]
[ info ] [ LOG ] INIT File
---------------------------------------------------------------
[ 2020-05-18T09:21:02+08:00 ] 127.0.0.1 POST /admin/Initialize/loginSucceed
[ info ] ccc.tp51.cn/admin/Initialize/loginSucceed [运行时间：0.036737s][吞吐率：27.22req/s] [内存消耗：1,292.00kb] [文件加载：55]
[ info ] [ LANG ] D:\phpstudy_pro\WWW\tp5.1\thinkphp/lang/zh-cn.php
[ info ] [ ROUTE ] array (
)
[ info ] [ HEADER ] array (
  'cookie' => 'pgv_pvi=3164481536; pgv_si=s6278050816',
  'accept-language' => 'zh-CN,zh;q=0.9',
  'accept-encoding' => 'gzip, deflate',
  'referer' => 'http://ccc.tp51.cn/admin/Initialize/loginSucceed',
  'accept' => 'text/html,application/xhtml+xml,application/xml;q=0.9,image/webp,image/apng,*/*;q=0.8,application/signed-exchange;v=b3;q=0.9',
  'content-type' => 'application/x-www-form-urlencoded',
  'origin' => 'http://ccc.tp51.cn',
  'user-agent' => 'Mozilla/5.0 (Windows NT 10.0; Win64; x64) AppleWebKit/537.36 (KHTML, like Gecko) Chrome/81.0.4044.122 Safari/537.36',
  'upgrade-insecure-requests' => '1',
  'cache-control' => 'no-cache',
  'pragma' => 'no-cache',
  'content-length' => '17',
  'connection' => 'close',
  'host' => 'ccc.tp51.cn',
)
[ info ] [ PARAM ] array (
  'root' => '111',
  'pass' => '111',
)
[ info ] [ VIEW ] D:\phpstudy_pro\WWW\tp5.1\application/admin/view\initialize\loginsucceed.html [ array (
) ]
[ info ] [ LOG ] INIT File
---------------------------------------------------------------
[ 2020-05-18T09:24:09+08:00 ] 127.0.0.1 POST /admin/Initialize/loginSucceed
[ info ] ccc.tp51.cn/admin/Initialize/loginSucceed [运行时间：0.025596s][吞吐率：39.07req/s] [内存消耗：1,293.01kb] [文件加载：55]
[ info ] [ LANG ] D:\phpstudy_pro\WWW\tp5.1\thinkphp/lang/zh-cn.php
[ info ] [ ROUTE ] array (
)
[ info ] [ HEADER ] array (
  'cookie' => 'pgv_pvi=3164481536; pgv_si=s6278050816',
  'accept-language' => 'zh-CN,zh;q=0.9',
  'accept-encoding' => 'gzip, deflate',
  'referer' => 'http://ccc.tp51.cn/admin/Initialize/loginSucceed',
  'accept' => 'text/html,application/xhtml+xml,application/xml;q=0.9,image/webp,image/apng,*/*;q=0.8,application/signed-exchange;v=b3;q=0.9',
  'content-type' => 'application/x-www-form-urlencoded',
  'origin' => 'http://ccc.tp51.cn',
  'user-agent' => 'Mozilla/5.0 (Windows NT 10.0; Win64; x64) AppleWebKit/537.36 (KHTML, like Gecko) Chrome/81.0.4044.122 Safari/537.36',
  'upgrade-insecure-requests' => '1',
  'cache-control' => 'no-cache',
  'pragma' => 'no-cache',
  'content-length' => '17',
  'connection' => 'close',
  'host' => 'ccc.tp51.cn',
)
[ info ] [ PARAM ] array (
  'root' => '111',
  'pass' => '111',
)
[ info ] [ VIEW ] D:\phpstudy_pro\WWW\tp5.1\application/admin/view\initialize\loginsucceed.html [ array (
) ]
[ info ] [ LOG ] INIT File
---------------------------------------------------------------
[ 2020-05-18T09:24:13+08:00 ] 127.0.0.1 POST /admin/initialize/loginsucceed.html
[ info ] ccc.tp51.cn/admin/initialize/loginsucceed.html [运行时间：0.042161s][吞吐率：23.72req/s] [内存消耗：1,296.81kb] [文件加载：56]
[ info ] [ LANG ] D:\phpstudy_pro\WWW\tp5.1\thinkphp/lang/zh-cn.php
[ info ] [ ROUTE ] array (
)
[ info ] [ HEADER ] array (
  'cookie' => 'pgv_pvi=3164481536; pgv_si=s6278050816',
  'accept-language' => 'zh-CN,zh;q=0.9',
  'accept-encoding' => 'gzip, deflate',
  'referer' => 'http://ccc.tp51.cn/admin/Initialize/loginSucceed',
  'origin' => 'http://ccc.tp51.cn',
  'x-requested-with' => 'XMLHttpRequest',
  'user-agent' => 'Mozilla/5.0 (Windows NT 10.0; Win64; x64) AppleWebKit/537.36 (KHTML, like Gecko) Chrome/81.0.4044.122 Safari/537.36',
  'accept' => '*/*',
  'cache-control' => 'no-cache',
  'pragma' => 'no-cache',
  'content-length' => '0',
  'connection' => 'close',
  'host' => 'ccc.tp51.cn',
)
[ info ] [ PARAM ] array (
)
[ info ] [ VIEW ] D:\phpstudy_pro\WWW\tp5.1\application/admin/view\initialize\loginsucceed.html [ array (
) ]
[ info ] [ LOG ] INIT File
---------------------------------------------------------------
[ 2020-05-18T09:24:14+08:00 ] 127.0.0.1 POST /admin/Initialize/loginSucceed
[ info ] ccc.tp51.cn/admin/Initialize/loginSucceed [运行时间：0.034773s][吞吐率：28.76req/s] [内存消耗：1,293.01kb] [文件加载：55]
[ info ] [ LANG ] D:\phpstudy_pro\WWW\tp5.1\thinkphp/lang/zh-cn.php
[ info ] [ ROUTE ] array (
)
[ info ] [ HEADER ] array (
  'cookie' => 'pgv_pvi=3164481536; pgv_si=s6278050816',
  'accept-language' => 'zh-CN,zh;q=0.9',
  'accept-encoding' => 'gzip, deflate',
  'referer' => 'http://ccc.tp51.cn/admin/Initialize/loginSucceed',
  'accept' => 'text/html,application/xhtml+xml,application/xml;q=0.9,image/webp,image/apng,*/*;q=0.8,application/signed-exchange;v=b3;q=0.9',
  'user-agent' => 'Mozilla/5.0 (Windows NT 10.0; Win64; x64) AppleWebKit/537.36 (KHTML, like Gecko) Chrome/81.0.4044.122 Safari/537.36',
  'content-type' => 'application/x-www-form-urlencoded',
  'origin' => 'http://ccc.tp51.cn',
  'upgrade-insecure-requests' => '1',
  'cache-control' => 'no-cache',
  'pragma' => 'no-cache',
  'content-length' => '17',
  'connection' => 'close',
  'host' => 'ccc.tp51.cn',
)
[ info ] [ PARAM ] array (
  'root' => '111',
  'pass' => '111',
)
[ info ] [ VIEW ] D:\phpstudy_pro\WWW\tp5.1\application/admin/view\initialize\loginsucceed.html [ array (
) ]
[ info ] [ LOG ] INIT File
---------------------------------------------------------------
[ 2020-05-18T09:24:25+08:00 ] 127.0.0.1 POST /admin/Initialize/loginSucceed
[ info ] ccc.tp51.cn/admin/Initialize/loginSucceed [运行时间：0.023363s][吞吐率：42.80req/s] [内存消耗：1,293.01kb] [文件加载：55]
[ info ] [ LANG ] D:\phpstudy_pro\WWW\tp5.1\thinkphp/lang/zh-cn.php
[ info ] [ ROUTE ] array (
)
[ info ] [ HEADER ] array (
  'cookie' => 'pgv_pvi=3164481536; pgv_si=s6278050816',
  'accept-language' => 'zh-CN,zh;q=0.9',
  'accept-encoding' => 'gzip, deflate',
  'referer' => 'http://ccc.tp51.cn/admin/Initialize/loginSucceed',
  'accept' => 'text/html,application/xhtml+xml,application/xml;q=0.9,image/webp,image/apng,*/*;q=0.8,application/signed-exchange;v=b3;q=0.9',
  'content-type' => 'application/x-www-form-urlencoded',
  'origin' => 'http://ccc.tp51.cn',
  'user-agent' => 'Mozilla/5.0 (Windows NT 10.0; Win64; x64) AppleWebKit/537.36 (KHTML, like Gecko) Chrome/81.0.4044.122 Safari/537.36',
  'upgrade-insecure-requests' => '1',
  'cache-control' => 'no-cache',
  'pragma' => 'no-cache',
  'content-length' => '17',
  'connection' => 'close',
  'host' => 'ccc.tp51.cn',
)
[ info ] [ PARAM ] array (
  'root' => '111',
  'pass' => '111',
)
[ info ] [ VIEW ] D:\phpstudy_pro\WWW\tp5.1\application/admin/view\initialize\loginsucceed.html [ array (
) ]
[ info ] [ LOG ] INIT File
---------------------------------------------------------------
[ 2020-05-18T09:24:29+08:00 ] 127.0.0.1 POST /admin/initialize/loginsucceed.html
[ info ] ccc.tp51.cn/admin/initialize/loginsucceed.html [运行时间：0.032447s][吞吐率：30.82req/s] [内存消耗：1,296.81kb] [文件加载：56]
[ info ] [ LANG ] D:\phpstudy_pro\WWW\tp5.1\thinkphp/lang/zh-cn.php
[ info ] [ ROUTE ] array (
)
[ info ] [ HEADER ] array (
  'cookie' => 'pgv_pvi=3164481536; pgv_si=s6278050816',
  'accept-language' => 'zh-CN,zh;q=0.9',
  'accept-encoding' => 'gzip, deflate',
  'referer' => 'http://ccc.tp51.cn/admin/Initialize/loginSucceed',
  'origin' => 'http://ccc.tp51.cn',
  'x-requested-with' => 'XMLHttpRequest',
  'user-agent' => 'Mozilla/5.0 (Windows NT 10.0; Win64; x64) AppleWebKit/537.36 (KHTML, like Gecko) Chrome/81.0.4044.122 Safari/537.36',
  'accept' => '*/*',
  'cache-control' => 'no-cache',
  'pragma' => 'no-cache',
  'content-length' => '0',
  'connection' => 'close',
  'host' => 'ccc.tp51.cn',
)
[ info ] [ PARAM ] array (
)
[ info ] [ VIEW ] D:\phpstudy_pro\WWW\tp5.1\application/admin/view\initialize\loginsucceed.html [ array (
) ]
[ info ] [ LOG ] INIT File
---------------------------------------------------------------
[ 2020-05-18T09:24:30+08:00 ] 127.0.0.1 POST /admin/Initialize/loginSucceed
[ info ] ccc.tp51.cn/admin/Initialize/loginSucceed [运行时间：0.039024s][吞吐率：25.63req/s] [内存消耗：1,293.01kb] [文件加载：55]
[ info ] [ LANG ] D:\phpstudy_pro\WWW\tp5.1\thinkphp/lang/zh-cn.php
[ info ] [ ROUTE ] array (
)
[ info ] [ HEADER ] array (
  'cookie' => 'pgv_pvi=3164481536; pgv_si=s6278050816',
  'accept-language' => 'zh-CN,zh;q=0.9',
  'accept-encoding' => 'gzip, deflate',
  'referer' => 'http://ccc.tp51.cn/admin/Initialize/loginSucceed',
  'accept' => 'text/html,application/xhtml+xml,application/xml;q=0.9,image/webp,image/apng,*/*;q=0.8,application/signed-exchange;v=b3;q=0.9',
  'user-agent' => 'Mozilla/5.0 (Windows NT 10.0; Win64; x64) AppleWebKit/537.36 (KHTML, like Gecko) Chrome/81.0.4044.122 Safari/537.36',
  'content-type' => 'application/x-www-form-urlencoded',
  'origin' => 'http://ccc.tp51.cn',
  'upgrade-insecure-requests' => '1',
  'cache-control' => 'no-cache',
  'pragma' => 'no-cache',
  'content-length' => '17',
  'connection' => 'close',
  'host' => 'ccc.tp51.cn',
)
[ info ] [ PARAM ] array (
  'root' => '111',
  'pass' => '111',
)
[ info ] [ VIEW ] D:\phpstudy_pro\WWW\tp5.1\application/admin/view\initialize\loginsucceed.html [ array (
) ]
[ info ] [ LOG ] INIT File
---------------------------------------------------------------
[ 2020-05-18T09:26:17+08:00 ] 127.0.0.1 POST /admin/Initialize/loginSucceed
[ info ] ccc.tp51.cn/admin/Initialize/loginSucceed [运行时间：0.027621s][吞吐率：36.20req/s] [内存消耗：1,501.67kb] [文件加载：57]
[ info ] [ LANG ] D:\phpstudy_pro\WWW\tp5.1\thinkphp/lang/zh-cn.php
[ info ] [ ROUTE ] array (
)
[ info ] [ HEADER ] array (
  'cookie' => 'pgv_pvi=3164481536; pgv_si=s6278050816',
  'accept-language' => 'zh-CN,zh;q=0.9',
  'accept-encoding' => 'gzip, deflate',
  'referer' => 'http://ccc.tp51.cn/admin/Initialize/loginSucceed',
  'accept' => 'text/html,application/xhtml+xml,application/xml;q=0.9,image/webp,image/apng,*/*;q=0.8,application/signed-exchange;v=b3;q=0.9',
  'content-type' => 'application/x-www-form-urlencoded',
  'origin' => 'http://ccc.tp51.cn',
  'user-agent' => 'Mozilla/5.0 (Windows NT 10.0; Win64; x64) AppleWebKit/537.36 (KHTML, like Gecko) Chrome/81.0.4044.122 Safari/537.36',
  'upgrade-insecure-requests' => '1',
  'cache-control' => 'no-cache',
  'pragma' => 'no-cache',
  'content-length' => '17',
  'connection' => 'close',
  'host' => 'ccc.tp51.cn',
)
[ info ] [ PARAM ] array (
  'root' => '111',
  'pass' => '111',
)
[ info ] [ VIEW ] D:\phpstudy_pro\WWW\tp5.1\application/admin/view\initialize\loginsucceed.html [ array (
) ]
[ info ] [ LOG ] INIT File
---------------------------------------------------------------
[ 2020-05-18T09:26:20+08:00 ] 127.0.0.1 POST /admin/initialize/loginsucceed.html
[ info ] ccc.tp51.cn/admin/initialize/loginsucceed.html [运行时间：0.035642s][吞吐率：28.06req/s] [内存消耗：1,297.05kb] [文件加载：56]
[ info ] [ LANG ] D:\phpstudy_pro\WWW\tp5.1\thinkphp/lang/zh-cn.php
[ info ] [ ROUTE ] array (
)
[ info ] [ HEADER ] array (
  'cookie' => 'pgv_pvi=3164481536; pgv_si=s6278050816',
  'accept-language' => 'zh-CN,zh;q=0.9',
  'accept-encoding' => 'gzip, deflate',
  'referer' => 'http://ccc.tp51.cn/admin/Initialize/loginSucceed',
  'origin' => 'http://ccc.tp51.cn',
  'x-requested-with' => 'XMLHttpRequest',
  'user-agent' => 'Mozilla/5.0 (Windows NT 10.0; Win64; x64) AppleWebKit/537.36 (KHTML, like Gecko) Chrome/81.0.4044.122 Safari/537.36',
  'accept' => 'application/json, text/javascript, */*; q=0.01',
  'cache-control' => 'no-cache',
  'pragma' => 'no-cache',
  'content-length' => '0',
  'connection' => 'close',
  'host' => 'ccc.tp51.cn',
)
[ info ] [ PARAM ] array (
)
[ info ] [ VIEW ] D:\phpstudy_pro\WWW\tp5.1\application/admin/view\initialize\loginsucceed.html [ array (
) ]
[ info ] [ LOG ] INIT File
---------------------------------------------------------------
[ 2020-05-18T09:26:21+08:00 ] 127.0.0.1 POST /admin/Initialize/loginSucceed
[ info ] ccc.tp51.cn/admin/Initialize/loginSucceed [运行时间：0.048686s][吞吐率：20.54req/s] [内存消耗：1,293.07kb] [文件加载：55]
[ info ] [ LANG ] D:\phpstudy_pro\WWW\tp5.1\thinkphp/lang/zh-cn.php
[ info ] [ ROUTE ] array (
)
[ info ] [ HEADER ] array (
  'cookie' => 'pgv_pvi=3164481536; pgv_si=s6278050816',
  'accept-language' => 'zh-CN,zh;q=0.9',
  'accept-encoding' => 'gzip, deflate',
  'referer' => 'http://ccc.tp51.cn/admin/Initialize/loginSucceed',
  'accept' => 'text/html,application/xhtml+xml,application/xml;q=0.9,image/webp,image/apng,*/*;q=0.8,application/signed-exchange;v=b3;q=0.9',
  'user-agent' => 'Mozilla/5.0 (Windows NT 10.0; Win64; x64) AppleWebKit/537.36 (KHTML, like Gecko) Chrome/81.0.4044.122 Safari/537.36',
  'content-type' => 'application/x-www-form-urlencoded',
  'origin' => 'http://ccc.tp51.cn',
  'upgrade-insecure-requests' => '1',
  'cache-control' => 'no-cache',
  'pragma' => 'no-cache',
  'content-length' => '17',
  'connection' => 'close',
  'host' => 'ccc.tp51.cn',
)
[ info ] [ PARAM ] array (
  'root' => '111',
  'pass' => '111',
)
[ info ] [ VIEW ] D:\phpstudy_pro\WWW\tp5.1\application/admin/view\initialize\loginsucceed.html [ array (
) ]
[ info ] [ LOG ] INIT File
---------------------------------------------------------------
[ 2020-05-18T09:26:29+08:00 ] 127.0.0.1 POST /admin/initialize/loginsucceed.html
[ info ] ccc.tp51.cn/admin/initialize/loginsucceed.html [运行时间：0.040391s][吞吐率：24.76req/s] [内存消耗：1,297.05kb] [文件加载：56]
[ info ] [ LANG ] D:\phpstudy_pro\WWW\tp5.1\thinkphp/lang/zh-cn.php
[ info ] [ ROUTE ] array (
)
[ info ] [ HEADER ] array (
  'cookie' => 'pgv_pvi=3164481536; pgv_si=s6278050816',
  'accept-language' => 'zh-CN,zh;q=0.9',
  'accept-encoding' => 'gzip, deflate',
  'referer' => 'http://ccc.tp51.cn/admin/Initialize/loginSucceed',
  'origin' => 'http://ccc.tp51.cn',
  'x-requested-with' => 'XMLHttpRequest',
  'user-agent' => 'Mozilla/5.0 (Windows NT 10.0; Win64; x64) AppleWebKit/537.36 (KHTML, like Gecko) Chrome/81.0.4044.122 Safari/537.36',
  'accept' => 'application/json, text/javascript, */*; q=0.01',
  'cache-control' => 'no-cache',
  'pragma' => 'no-cache',
  'content-length' => '0',
  'connection' => 'close',
  'host' => 'ccc.tp51.cn',
)
[ info ] [ PARAM ] array (
)
[ info ] [ VIEW ] D:\phpstudy_pro\WWW\tp5.1\application/admin/view\initialize\loginsucceed.html [ array (
) ]
[ info ] [ LOG ] INIT File
---------------------------------------------------------------
[ 2020-05-18T09:26:30+08:00 ] 127.0.0.1 POST /admin/Initialize/loginSucceed
[ info ] ccc.tp51.cn/admin/Initialize/loginSucceed [运行时间：0.041961s][吞吐率：23.83req/s] [内存消耗：1,293.05kb] [文件加载：55]
[ info ] [ LANG ] D:\phpstudy_pro\WWW\tp5.1\thinkphp/lang/zh-cn.php
[ info ] [ ROUTE ] array (
)
[ info ] [ HEADER ] array (
  'cookie' => 'pgv_pvi=3164481536; pgv_si=s6278050816',
  'accept-language' => 'zh-CN,zh;q=0.9',
  'accept-encoding' => 'gzip, deflate',
  'referer' => 'http://ccc.tp51.cn/admin/Initialize/loginSucceed',
  'accept' => 'text/html,application/xhtml+xml,application/xml;q=0.9,image/webp,image/apng,*/*;q=0.8,application/signed-exchange;v=b3;q=0.9',
  'user-agent' => 'Mozilla/5.0 (Windows NT 10.0; Win64; x64) AppleWebKit/537.36 (KHTML, like Gecko) Chrome/81.0.4044.122 Safari/537.36',
  'content-type' => 'application/x-www-form-urlencoded',
  'origin' => 'http://ccc.tp51.cn',
  'upgrade-insecure-requests' => '1',
  'cache-control' => 'no-cache',
  'pragma' => 'no-cache',
  'content-length' => '15',
  'connection' => 'close',
  'host' => 'ccc.tp51.cn',
)
[ info ] [ PARAM ] array (
  'root' => '11',
  'pass' => '11',
)
[ info ] [ VIEW ] D:\phpstudy_pro\WWW\tp5.1\application/admin/view\initialize\loginsucceed.html [ array (
) ]
[ info ] [ LOG ] INIT File
---------------------------------------------------------------
[ 2020-05-18T09:28:34+08:00 ] 127.0.0.1 POST /admin/Initialize/loginSucceed
[ info ] ccc.tp51.cn/admin/Initialize/loginSucceed [运行时间：0.036119s][吞吐率：27.69req/s] [内存消耗：1,501.65kb] [文件加载：57]
[ info ] [ LANG ] D:\phpstudy_pro\WWW\tp5.1\thinkphp/lang/zh-cn.php
[ info ] [ ROUTE ] array (
)
[ info ] [ HEADER ] array (
  'cookie' => 'pgv_pvi=3164481536; pgv_si=s6278050816',
  'accept-language' => 'zh-CN,zh;q=0.9',
  'accept-encoding' => 'gzip, deflate',
  'referer' => 'http://ccc.tp51.cn/admin/Initialize/loginSucceed',
  'accept' => 'text/html,application/xhtml+xml,application/xml;q=0.9,image/webp,image/apng,*/*;q=0.8,application/signed-exchange;v=b3;q=0.9',
  'content-type' => 'application/x-www-form-urlencoded',
  'origin' => 'http://ccc.tp51.cn',
  'user-agent' => 'Mozilla/5.0 (Windows NT 10.0; Win64; x64) AppleWebKit/537.36 (KHTML, like Gecko) Chrome/81.0.4044.122 Safari/537.36',
  'upgrade-insecure-requests' => '1',
  'cache-control' => 'no-cache',
  'pragma' => 'no-cache',
  'content-length' => '15',
  'connection' => 'close',
  'host' => 'ccc.tp51.cn',
)
[ info ] [ PARAM ] array (
  'root' => '11',
  'pass' => '11',
)
[ info ] [ VIEW ] D:\phpstudy_pro\WWW\tp5.1\application/admin/view\initialize\loginsucceed.html [ array (
) ]
[ info ] [ LOG ] INIT File
---------------------------------------------------------------
[ 2020-05-18T09:28:38+08:00 ] 127.0.0.1 POST /admin/initialize/loginsucceed.html
[ info ] ccc.tp51.cn/admin/initialize/loginsucceed.html [运行时间：0.036081s][吞吐率：27.72req/s] [内存消耗：1,297.44kb] [文件加载：56]
[ info ] [ LANG ] D:\phpstudy_pro\WWW\tp5.1\thinkphp/lang/zh-cn.php
[ info ] [ ROUTE ] array (
)
[ info ] [ HEADER ] array (
  'cookie' => 'pgv_pvi=3164481536; pgv_si=s6278050816',
  'accept-language' => 'zh-CN,zh;q=0.9',
  'accept-encoding' => 'gzip, deflate',
  'referer' => 'http://ccc.tp51.cn/admin/Initialize/loginSucceed',
  'origin' => 'http://ccc.tp51.cn',
  'content-type' => 'application/x-www-form-urlencoded; charset=UTF-8',
  'user-agent' => 'Mozilla/5.0 (Windows NT 10.0; Win64; x64) AppleWebKit/537.36 (KHTML, like Gecko) Chrome/81.0.4044.122 Safari/537.36',
  'x-requested-with' => 'XMLHttpRequest',
  'accept' => 'application/json, text/javascript, */*; q=0.01',
  'cache-control' => 'no-cache',
  'pragma' => 'no-cache',
  'content-length' => '17',
  'connection' => 'close',
  'host' => 'ccc.tp51.cn',
)
[ info ] [ PARAM ] array (
  'root' => '111',
  'pass' => '111',
)
[ info ] [ VIEW ] D:\phpstudy_pro\WWW\tp5.1\application/admin/view\initialize\loginsucceed.html [ array (
) ]
[ info ] [ LOG ] INIT File
---------------------------------------------------------------
[ 2020-05-18T09:28:39+08:00 ] 127.0.0.1 POST /admin/Initialize/loginSucceed
[ info ] ccc.tp51.cn/admin/Initialize/loginSucceed [运行时间：0.051888s][吞吐率：19.27req/s] [内存消耗：1,293.07kb] [文件加载：55]
[ info ] [ LANG ] D:\phpstudy_pro\WWW\tp5.1\thinkphp/lang/zh-cn.php
[ info ] [ ROUTE ] array (
)
[ info ] [ HEADER ] array (
  'cookie' => 'pgv_pvi=3164481536; pgv_si=s6278050816',
  'accept-language' => 'zh-CN,zh;q=0.9',
  'accept-encoding' => 'gzip, deflate',
  'referer' => 'http://ccc.tp51.cn/admin/Initialize/loginSucceed',
  'accept' => 'text/html,application/xhtml+xml,application/xml;q=0.9,image/webp,image/apng,*/*;q=0.8,application/signed-exchange;v=b3;q=0.9',
  'user-agent' => 'Mozilla/5.0 (Windows NT 10.0; Win64; x64) AppleWebKit/537.36 (KHTML, like Gecko) Chrome/81.0.4044.122 Safari/537.36',
  'content-type' => 'application/x-www-form-urlencoded',
  'origin' => 'http://ccc.tp51.cn',
  'upgrade-insecure-requests' => '1',
  'cache-control' => 'no-cache',
  'pragma' => 'no-cache',
  'content-length' => '17',
  'connection' => 'close',
  'host' => 'ccc.tp51.cn',
)
[ info ] [ PARAM ] array (
  'root' => '111',
  'pass' => '111',
)
[ info ] [ VIEW ] D:\phpstudy_pro\WWW\tp5.1\application/admin/view\initialize\loginsucceed.html [ array (
) ]
[ info ] [ LOG ] INIT File
---------------------------------------------------------------
[ 2020-05-18T09:29:03+08:00 ] 127.0.0.1 POST /admin/Initialize/loginSucceed
[ info ] ccc.tp51.cn/admin/Initialize/loginSucceed [运行时间：0.022834s][吞吐率：43.79req/s] [内存消耗：1,293.07kb] [文件加载：55]
[ info ] [ LANG ] D:\phpstudy_pro\WWW\tp5.1\thinkphp/lang/zh-cn.php
[ info ] [ ROUTE ] array (
)
[ info ] [ HEADER ] array (
  'cookie' => 'pgv_pvi=3164481536; pgv_si=s6278050816',
  'accept-language' => 'zh-CN,zh;q=0.9',
  'accept-encoding' => 'gzip, deflate',
  'referer' => 'http://ccc.tp51.cn/admin/Initialize/loginSucceed',
  'accept' => 'text/html,application/xhtml+xml,application/xml;q=0.9,image/webp,image/apng,*/*;q=0.8,application/signed-exchange;v=b3;q=0.9',
  'content-type' => 'application/x-www-form-urlencoded',
  'origin' => 'http://ccc.tp51.cn',
  'user-agent' => 'Mozilla/5.0 (Windows NT 10.0; Win64; x64) AppleWebKit/537.36 (KHTML, like Gecko) Chrome/81.0.4044.122 Safari/537.36',
  'upgrade-insecure-requests' => '1',
  'cache-control' => 'no-cache',
  'pragma' => 'no-cache',
  'content-length' => '17',
  'connection' => 'close',
  'host' => 'ccc.tp51.cn',
)
[ info ] [ PARAM ] array (
  'root' => '111',
  'pass' => '111',
)
[ info ] [ VIEW ] D:\phpstudy_pro\WWW\tp5.1\application/admin/view\initialize\loginsucceed.html [ array (
) ]
[ info ] [ LOG ] INIT File
---------------------------------------------------------------
[ 2020-05-18T09:29:56+08:00 ] 127.0.0.1 POST /admin/Initialize/loginSucceed
[ info ] ccc.tp51.cn/admin/Initialize/loginSucceed [运行时间：0.026326s][吞吐率：37.99req/s] [内存消耗：1,501.67kb] [文件加载：57]
[ info ] [ LANG ] D:\phpstudy_pro\WWW\tp5.1\thinkphp/lang/zh-cn.php
[ info ] [ ROUTE ] array (
)
[ info ] [ HEADER ] array (
  'cookie' => 'pgv_pvi=3164481536; pgv_si=s6278050816',
  'accept-language' => 'zh-CN,zh;q=0.9',
  'accept-encoding' => 'gzip, deflate',
  'referer' => 'http://ccc.tp51.cn/admin/Initialize/loginSucceed',
  'accept' => 'text/html,application/xhtml+xml,application/xml;q=0.9,image/webp,image/apng,*/*;q=0.8,application/signed-exchange;v=b3;q=0.9',
  'content-type' => 'application/x-www-form-urlencoded',
  'origin' => 'http://ccc.tp51.cn',
  'user-agent' => 'Mozilla/5.0 (Windows NT 10.0; Win64; x64) AppleWebKit/537.36 (KHTML, like Gecko) Chrome/81.0.4044.122 Safari/537.36',
  'upgrade-insecure-requests' => '1',
  'cache-control' => 'no-cache',
  'pragma' => 'no-cache',
  'content-length' => '17',
  'connection' => 'close',
  'host' => 'ccc.tp51.cn',
)
[ info ] [ PARAM ] array (
  'root' => '111',
  'pass' => '111',
)
[ info ] [ VIEW ] D:\phpstudy_pro\WWW\tp5.1\application/admin/view\initialize\loginsucceed.html [ array (
) ]
[ info ] [ LOG ] INIT File
---------------------------------------------------------------
[ 2020-05-18T09:30:02+08:00 ] 127.0.0.1 POST /admin/initialize/loginsucceed.html
[ info ] ccc.tp51.cn/admin/initialize/loginsucceed.html [运行时间：0.031618s][吞吐率：31.63req/s] [内存消耗：1,297.44kb] [文件加载：56]
[ info ] [ LANG ] D:\phpstudy_pro\WWW\tp5.1\thinkphp/lang/zh-cn.php
[ info ] [ ROUTE ] array (
)
[ info ] [ HEADER ] array (
  'cookie' => 'pgv_pvi=3164481536; pgv_si=s6278050816',
  'accept-language' => 'zh-CN,zh;q=0.9',
  'accept-encoding' => 'gzip, deflate',
  'referer' => 'http://ccc.tp51.cn/admin/Initialize/loginSucceed',
  'origin' => 'http://ccc.tp51.cn',
  'content-type' => 'application/x-www-form-urlencoded; charset=UTF-8',
  'user-agent' => 'Mozilla/5.0 (Windows NT 10.0; Win64; x64) AppleWebKit/537.36 (KHTML, like Gecko) Chrome/81.0.4044.122 Safari/537.36',
  'x-requested-with' => 'XMLHttpRequest',
  'accept' => 'application/json, text/javascript, */*; q=0.01',
  'cache-control' => 'no-cache',
  'pragma' => 'no-cache',
  'content-length' => '19',
  'connection' => 'close',
  'host' => 'ccc.tp51.cn',
)
[ info ] [ PARAM ] array (
  'root' => '1111',
  'pass' => '1111',
)
[ info ] [ VIEW ] D:\phpstudy_pro\WWW\tp5.1\application/admin/view\initialize\loginsucceed.html [ array (
) ]
[ info ] [ LOG ] INIT File
---------------------------------------------------------------
[ 2020-05-18T09:30:03+08:00 ] 127.0.0.1 POST /admin/Initialize/loginSucceed
[ info ] ccc.tp51.cn/admin/Initialize/loginSucceed [运行时间：0.040474s][吞吐率：24.71req/s] [内存消耗：1,293.07kb] [文件加载：55]
[ info ] [ LANG ] D:\phpstudy_pro\WWW\tp5.1\thinkphp/lang/zh-cn.php
[ info ] [ ROUTE ] array (
)
[ info ] [ HEADER ] array (
  'cookie' => 'pgv_pvi=3164481536; pgv_si=s6278050816',
  'accept-language' => 'zh-CN,zh;q=0.9',
  'accept-encoding' => 'gzip, deflate',
  'referer' => 'http://ccc.tp51.cn/admin/Initialize/loginSucceed',
  'accept' => 'text/html,application/xhtml+xml,application/xml;q=0.9,image/webp,image/apng,*/*;q=0.8,application/signed-exchange;v=b3;q=0.9',
  'user-agent' => 'Mozilla/5.0 (Windows NT 10.0; Win64; x64) AppleWebKit/537.36 (KHTML, like Gecko) Chrome/81.0.4044.122 Safari/537.36',
  'content-type' => 'application/x-www-form-urlencoded',
  'origin' => 'http://ccc.tp51.cn',
  'upgrade-insecure-requests' => '1',
  'cache-control' => 'no-cache',
  'pragma' => 'no-cache',
  'content-length' => '19',
  'connection' => 'close',
  'host' => 'ccc.tp51.cn',
)
[ info ] [ PARAM ] array (
  'root' => '1111',
  'pass' => '1111',
)
[ info ] [ VIEW ] D:\phpstudy_pro\WWW\tp5.1\application/admin/view\initialize\loginsucceed.html [ array (
) ]
[ info ] [ LOG ] INIT File
---------------------------------------------------------------
[ 2020-05-18T09:30:14+08:00 ] 127.0.0.1 POST /admin/Initialize/loginSucceed
[ info ] ccc.tp51.cn/admin/Initialize/loginSucceed [运行时间：0.023143s][吞吐率：43.21req/s] [内存消耗：1,501.67kb] [文件加载：57]
[ info ] [ LANG ] D:\phpstudy_pro\WWW\tp5.1\thinkphp/lang/zh-cn.php
[ info ] [ ROUTE ] array (
)
[ info ] [ HEADER ] array (
  'cookie' => 'pgv_pvi=3164481536; pgv_si=s6278050816',
  'accept-language' => 'zh-CN,zh;q=0.9',
  'accept-encoding' => 'gzip, deflate',
  'referer' => 'http://ccc.tp51.cn/admin/Initialize/loginSucceed',
  'accept' => 'text/html,application/xhtml+xml,application/xml;q=0.9,image/webp,image/apng,*/*;q=0.8,application/signed-exchange;v=b3;q=0.9',
  'content-type' => 'application/x-www-form-urlencoded',
  'origin' => 'http://ccc.tp51.cn',
  'user-agent' => 'Mozilla/5.0 (Windows NT 10.0; Win64; x64) AppleWebKit/537.36 (KHTML, like Gecko) Chrome/81.0.4044.122 Safari/537.36',
  'upgrade-insecure-requests' => '1',
  'cache-control' => 'no-cache',
  'pragma' => 'no-cache',
  'content-length' => '19',
  'connection' => 'close',
  'host' => 'ccc.tp51.cn',
)
[ info ] [ PARAM ] array (
  'root' => '1111',
  'pass' => '1111',
)
[ info ] [ VIEW ] D:\phpstudy_pro\WWW\tp5.1\application/admin/view\initialize\loginsucceed.html [ array (
) ]
[ info ] [ LOG ] INIT File
---------------------------------------------------------------
[ 2020-05-18T09:30:40+08:00 ] 127.0.0.1 POST /admin/initialize/loginsucceed.html
[ info ] ccc.tp51.cn/admin/initialize/loginsucceed.html [运行时间：0.036979s][吞吐率：27.04req/s] [内存消耗：1,297.44kb] [文件加载：56]
[ info ] [ LANG ] D:\phpstudy_pro\WWW\tp5.1\thinkphp/lang/zh-cn.php
[ info ] [ ROUTE ] array (
)
[ info ] [ HEADER ] array (
  'cookie' => 'pgv_pvi=3164481536; pgv_si=s6278050816',
  'accept-language' => 'zh-CN,zh;q=0.9',
  'accept-encoding' => 'gzip, deflate',
  'referer' => 'http://ccc.tp51.cn/admin/Initialize/loginSucceed',
  'origin' => 'http://ccc.tp51.cn',
  'content-type' => 'application/x-www-form-urlencoded; charset=UTF-8',
  'user-agent' => 'Mozilla/5.0 (Windows NT 10.0; Win64; x64) AppleWebKit/537.36 (KHTML, like Gecko) Chrome/81.0.4044.122 Safari/537.36',
  'x-requested-with' => 'XMLHttpRequest',
  'accept' => 'application/json, text/javascript, */*; q=0.01',
  'cache-control' => 'no-cache',
  'pragma' => 'no-cache',
  'content-length' => '17',
  'connection' => 'close',
  'host' => 'ccc.tp51.cn',
)
[ info ] [ PARAM ] array (
  'root' => '111',
  'pass' => '111',
)
[ info ] [ VIEW ] D:\phpstudy_pro\WWW\tp5.1\application/admin/view\initialize\loginsucceed.html [ array (
) ]
[ info ] [ LOG ] INIT File
---------------------------------------------------------------
[ 2020-05-18T09:30:41+08:00 ] 127.0.0.1 POST /admin/Initialize/loginSucceed
[ info ] ccc.tp51.cn/admin/Initialize/loginSucceed [运行时间：0.031404s][吞吐率：31.84req/s] [内存消耗：1,293.07kb] [文件加载：55]
[ info ] [ LANG ] D:\phpstudy_pro\WWW\tp5.1\thinkphp/lang/zh-cn.php
[ info ] [ ROUTE ] array (
)
[ info ] [ HEADER ] array (
  'cookie' => 'pgv_pvi=3164481536; pgv_si=s6278050816',
  'accept-language' => 'zh-CN,zh;q=0.9',
  'accept-encoding' => 'gzip, deflate',
  'referer' => 'http://ccc.tp51.cn/admin/Initialize/loginSucceed',
  'accept' => 'text/html,application/xhtml+xml,application/xml;q=0.9,image/webp,image/apng,*/*;q=0.8,application/signed-exchange;v=b3;q=0.9',
  'user-agent' => 'Mozilla/5.0 (Windows NT 10.0; Win64; x64) AppleWebKit/537.36 (KHTML, like Gecko) Chrome/81.0.4044.122 Safari/537.36',
  'content-type' => 'application/x-www-form-urlencoded',
  'origin' => 'http://ccc.tp51.cn',
  'upgrade-insecure-requests' => '1',
  'cache-control' => 'no-cache',
  'pragma' => 'no-cache',
  'content-length' => '17',
  'connection' => 'close',
  'host' => 'ccc.tp51.cn',
)
[ info ] [ PARAM ] array (
  'root' => '111',
  'pass' => '111',
)
[ info ] [ VIEW ] D:\phpstudy_pro\WWW\tp5.1\application/admin/view\initialize\loginsucceed.html [ array (
) ]
[ info ] [ LOG ] INIT File
---------------------------------------------------------------
[ 2020-05-18T09:31:10+08:00 ] 127.0.0.1 POST /admin/initialize/loginsucceed.html
[ info ] ccc.tp51.cn/admin/initialize/loginsucceed.html [运行时间：0.034993s][吞吐率：28.58req/s] [内存消耗：1,506.04kb] [文件加载：58]
[ info ] [ LANG ] D:\phpstudy_pro\WWW\tp5.1\thinkphp/lang/zh-cn.php
[ info ] [ ROUTE ] array (
)
[ info ] [ HEADER ] array (
  'cookie' => 'pgv_pvi=3164481536; pgv_si=s6278050816',
  'accept-language' => 'zh-CN,zh;q=0.9',
  'accept-encoding' => 'gzip, deflate',
  'referer' => 'http://ccc.tp51.cn/admin/Initialize/loginSucceed',
  'origin' => 'http://ccc.tp51.cn',
  'content-type' => 'application/x-www-form-urlencoded; charset=UTF-8',
  'user-agent' => 'Mozilla/5.0 (Windows NT 10.0; Win64; x64) AppleWebKit/537.36 (KHTML, like Gecko) Chrome/81.0.4044.122 Safari/537.36',
  'x-requested-with' => 'XMLHttpRequest',
  'accept' => 'application/json, text/javascript, */*; q=0.01',
  'cache-control' => 'no-cache',
  'pragma' => 'no-cache',
  'content-length' => '17',
  'connection' => 'close',
  'host' => 'ccc.tp51.cn',
)
[ info ] [ PARAM ] array (
  'root' => '111',
  'pass' => '111',
)
[ info ] [ VIEW ] D:\phpstudy_pro\WWW\tp5.1\application/admin/view\initialize\loginsucceed.html [ array (
) ]
[ info ] [ LOG ] INIT File
---------------------------------------------------------------
[ 2020-05-18T09:31:11+08:00 ] 127.0.0.1 POST /admin/Initialize/loginSucceed
[ info ] ccc.tp51.cn/admin/Initialize/loginSucceed [运行时间：0.030354s][吞吐率：32.94req/s] [内存消耗：1,293.07kb] [文件加载：55]
[ info ] [ LANG ] D:\phpstudy_pro\WWW\tp5.1\thinkphp/lang/zh-cn.php
[ info ] [ ROUTE ] array (
)
[ info ] [ HEADER ] array (
  'cookie' => 'pgv_pvi=3164481536; pgv_si=s6278050816',
  'accept-language' => 'zh-CN,zh;q=0.9',
  'accept-encoding' => 'gzip, deflate',
  'referer' => 'http://ccc.tp51.cn/admin/Initialize/loginSucceed',
  'accept' => 'text/html,application/xhtml+xml,application/xml;q=0.9,image/webp,image/apng,*/*;q=0.8,application/signed-exchange;v=b3;q=0.9',
  'user-agent' => 'Mozilla/5.0 (Windows NT 10.0; Win64; x64) AppleWebKit/537.36 (KHTML, like Gecko) Chrome/81.0.4044.122 Safari/537.36',
  'content-type' => 'application/x-www-form-urlencoded',
  'origin' => 'http://ccc.tp51.cn',
  'upgrade-insecure-requests' => '1',
  'cache-control' => 'no-cache',
  'pragma' => 'no-cache',
  'content-length' => '17',
  'connection' => 'close',
  'host' => 'ccc.tp51.cn',
)
[ info ] [ PARAM ] array (
  'root' => '111',
  'pass' => '111',
)
[ info ] [ VIEW ] D:\phpstudy_pro\WWW\tp5.1\application/admin/view\initialize\loginsucceed.html [ array (
) ]
[ info ] [ LOG ] INIT File
---------------------------------------------------------------
[ 2020-05-18T09:32:27+08:00 ] 127.0.0.1 POST /admin/initialize/loginsucceed.html
[ info ] ccc.tp51.cn/admin/initialize/loginsucceed.html [运行时间：0.032529s][吞吐率：30.74req/s] [内存消耗：1,505.95kb] [文件加载：58]
[ info ] [ LANG ] D:\phpstudy_pro\WWW\tp5.1\thinkphp/lang/zh-cn.php
[ info ] [ ROUTE ] array (
)
[ info ] [ HEADER ] array (
  'cookie' => 'pgv_pvi=3164481536; pgv_si=s6278050816',
  'accept-language' => 'zh-CN,zh;q=0.9',
  'accept-encoding' => 'gzip, deflate',
  'referer' => 'http://ccc.tp51.cn/admin/Initialize/loginSucceed',
  'origin' => 'http://ccc.tp51.cn',
  'content-type' => 'application/x-www-form-urlencoded; charset=UTF-8',
  'user-agent' => 'Mozilla/5.0 (Windows NT 10.0; Win64; x64) AppleWebKit/537.36 (KHTML, like Gecko) Chrome/81.0.4044.122 Safari/537.36',
  'x-requested-with' => 'XMLHttpRequest',
  'accept' => 'application/json, text/javascript, */*; q=0.01',
  'cache-control' => 'no-cache',
  'pragma' => 'no-cache',
  'content-length' => '15',
  'connection' => 'close',
  'host' => 'ccc.tp51.cn',
)
[ info ] [ PARAM ] array (
  'root' => '111',
  'pass' => '1',
)
[ info ] [ VIEW ] D:\phpstudy_pro\WWW\tp5.1\application/admin/view\initialize\loginsucceed.html [ array (
) ]
[ info ] [ LOG ] INIT File
---------------------------------------------------------------
[ 2020-05-18T09:32:28+08:00 ] 127.0.0.1 POST /admin/Initialize/loginSucceed
[ info ] ccc.tp51.cn/admin/Initialize/loginSucceed [运行时间：0.037950s][吞吐率：26.35req/s] [内存消耗：1,293.01kb] [文件加载：55]
[ info ] [ LANG ] D:\phpstudy_pro\WWW\tp5.1\thinkphp/lang/zh-cn.php
[ info ] [ ROUTE ] array (
)
[ info ] [ HEADER ] array (
  'cookie' => 'pgv_pvi=3164481536; pgv_si=s6278050816',
  'accept-language' => 'zh-CN,zh;q=0.9',
  'accept-encoding' => 'gzip, deflate',
  'referer' => 'http://ccc.tp51.cn/admin/Initialize/loginSucceed',
  'accept' => 'text/html,application/xhtml+xml,application/xml;q=0.9,image/webp,image/apng,*/*;q=0.8,application/signed-exchange;v=b3;q=0.9',
  'user-agent' => 'Mozilla/5.0 (Windows NT 10.0; Win64; x64) AppleWebKit/537.36 (KHTML, like Gecko) Chrome/81.0.4044.122 Safari/537.36',
  'content-type' => 'application/x-www-form-urlencoded',
  'origin' => 'http://ccc.tp51.cn',
  'upgrade-insecure-requests' => '1',
  'cache-control' => 'no-cache',
  'pragma' => 'no-cache',
  'content-length' => '17',
  'connection' => 'close',
  'host' => 'ccc.tp51.cn',
)
[ info ] [ PARAM ] array (
  'root' => '111',
  'pass' => '111',
)
[ info ] [ VIEW ] D:\phpstudy_pro\WWW\tp5.1\application/admin/view\initialize\loginsucceed.html [ array (
) ]
[ info ] [ LOG ] INIT File
---------------------------------------------------------------
[ 2020-05-18T09:32:33+08:00 ] 127.0.0.1 POST /admin/initialize/loginsucceed.html
[ info ] ccc.tp51.cn/admin/initialize/loginsucceed.html [运行时间：0.042719s][吞吐率：23.41req/s] [内存消耗：1,505.98kb] [文件加载：58]
[ info ] [ LANG ] D:\phpstudy_pro\WWW\tp5.1\thinkphp/lang/zh-cn.php
[ info ] [ ROUTE ] array (
)
[ info ] [ HEADER ] array (
  'cookie' => 'pgv_pvi=3164481536; pgv_si=s6278050816',
  'accept-language' => 'zh-CN,zh;q=0.9',
  'accept-encoding' => 'gzip, deflate',
  'referer' => 'http://ccc.tp51.cn/admin/Initialize/loginSucceed',
  'origin' => 'http://ccc.tp51.cn',
  'content-type' => 'application/x-www-form-urlencoded; charset=UTF-8',
  'user-agent' => 'Mozilla/5.0 (Windows NT 10.0; Win64; x64) AppleWebKit/537.36 (KHTML, like Gecko) Chrome/81.0.4044.122 Safari/537.36',
  'x-requested-with' => 'XMLHttpRequest',
  'accept' => 'application/json, text/javascript, */*; q=0.01',
  'cache-control' => 'no-cache',
  'pragma' => 'no-cache',
  'content-length' => '16',
  'connection' => 'close',
  'host' => 'ccc.tp51.cn',
)
[ info ] [ PARAM ] array (
  'root' => '1111',
  'pass' => '1',
)
[ info ] [ VIEW ] D:\phpstudy_pro\WWW\tp5.1\application/admin/view\initialize\loginsucceed.html [ array (
) ]
[ info ] [ LOG ] INIT File
---------------------------------------------------------------
[ 2020-05-18T09:32:34+08:00 ] 127.0.0.1 POST /admin/Initialize/loginSucceed
[ info ] ccc.tp51.cn/admin/Initialize/loginSucceed [运行时间：0.039690s][吞吐率：25.20req/s] [内存消耗：1,293.01kb] [文件加载：55]
[ info ] [ LANG ] D:\phpstudy_pro\WWW\tp5.1\thinkphp/lang/zh-cn.php
[ info ] [ ROUTE ] array (
)
[ info ] [ HEADER ] array (
  'cookie' => 'pgv_pvi=3164481536; pgv_si=s6278050816',
  'accept-language' => 'zh-CN,zh;q=0.9',
  'accept-encoding' => 'gzip, deflate',
  'referer' => 'http://ccc.tp51.cn/admin/Initialize/loginSucceed',
  'accept' => 'text/html,application/xhtml+xml,application/xml;q=0.9,image/webp,image/apng,*/*;q=0.8,application/signed-exchange;v=b3;q=0.9',
  'user-agent' => 'Mozilla/5.0 (Windows NT 10.0; Win64; x64) AppleWebKit/537.36 (KHTML, like Gecko) Chrome/81.0.4044.122 Safari/537.36',
  'content-type' => 'application/x-www-form-urlencoded',
  'origin' => 'http://ccc.tp51.cn',
  'upgrade-insecure-requests' => '1',
  'cache-control' => 'no-cache',
  'pragma' => 'no-cache',
  'content-length' => '18',
  'connection' => 'close',
  'host' => 'ccc.tp51.cn',
)
[ info ] [ PARAM ] array (
  'root' => '1111',
  'pass' => '111',
)
[ info ] [ VIEW ] D:\phpstudy_pro\WWW\tp5.1\application/admin/view\initialize\loginsucceed.html [ array (
) ]
[ info ] [ LOG ] INIT File
---------------------------------------------------------------
[ 2020-05-18T09:33:36+08:00 ] 127.0.0.1 POST /admin/Initialize/loginSucceed
[ info ] ccc.tp51.cn/admin/Initialize/loginSucceed [运行时间：0.035414s][吞吐率：28.24req/s] [内存消耗：1,501.77kb] [文件加载：57]
[ info ] [ LANG ] D:\phpstudy_pro\WWW\tp5.1\thinkphp/lang/zh-cn.php
[ info ] [ ROUTE ] array (
)
[ info ] [ HEADER ] array (
  'cookie' => 'pgv_pvi=3164481536; pgv_si=s6278050816',
  'accept-language' => 'zh-CN,zh;q=0.9',
  'accept-encoding' => 'gzip, deflate',
  'referer' => 'http://ccc.tp51.cn/admin/Initialize/loginSucceed',
  'accept' => 'text/html,application/xhtml+xml,application/xml;q=0.9,image/webp,image/apng,*/*;q=0.8,application/signed-exchange;v=b3;q=0.9',
  'content-type' => 'application/x-www-form-urlencoded',
  'origin' => 'http://ccc.tp51.cn',
  'user-agent' => 'Mozilla/5.0 (Windows NT 10.0; Win64; x64) AppleWebKit/537.36 (KHTML, like Gecko) Chrome/81.0.4044.122 Safari/537.36',
  'upgrade-insecure-requests' => '1',
  'cache-control' => 'no-cache',
  'pragma' => 'no-cache',
  'content-length' => '18',
  'connection' => 'close',
  'host' => 'ccc.tp51.cn',
)
[ info ] [ PARAM ] array (
  'root' => '1111',
  'pass' => '111',
)
[ info ] [ VIEW ] D:\phpstudy_pro\WWW\tp5.1\application/admin/view\initialize\loginsucceed.html [ array (
) ]
[ info ] [ LOG ] INIT File
---------------------------------------------------------------
[ 2020-05-18T09:33:49+08:00 ] 127.0.0.1 POST /admin/initialize/loginsucceed.html
[ info ] ccc.tp51.cn/admin/initialize/loginsucceed.html [运行时间：0.032641s][吞吐率：30.64req/s] [内存消耗：1,297.53kb] [文件加载：56]
[ info ] [ LANG ] D:\phpstudy_pro\WWW\tp5.1\thinkphp/lang/zh-cn.php
[ info ] [ ROUTE ] array (
)
[ info ] [ HEADER ] array (
  'cookie' => 'pgv_pvi=3164481536; pgv_si=s6278050816',
  'accept-language' => 'zh-CN,zh;q=0.9',
  'accept-encoding' => 'gzip, deflate',
  'referer' => 'http://ccc.tp51.cn/admin/Initialize/loginSucceed',
  'origin' => 'http://ccc.tp51.cn',
  'content-type' => 'application/x-www-form-urlencoded; charset=UTF-8',
  'user-agent' => 'Mozilla/5.0 (Windows NT 10.0; Win64; x64) AppleWebKit/537.36 (KHTML, like Gecko) Chrome/81.0.4044.122 Safari/537.36',
  'x-requested-with' => 'XMLHttpRequest',
  'accept' => 'application/json, text/javascript, */*; q=0.01',
  'cache-control' => 'no-cache',
  'pragma' => 'no-cache',
  'content-length' => '18',
  'connection' => 'close',
  'host' => 'ccc.tp51.cn',
)
[ info ] [ PARAM ] array (
  'root' => '1234567',
  'pass' => '',
)
[ info ] [ VIEW ] D:\phpstudy_pro\WWW\tp5.1\application/admin/view\initialize\loginsucceed.html [ array (
) ]
[ info ] [ LOG ] INIT File
---------------------------------------------------------------
[ 2020-05-18T09:33:50+08:00 ] 127.0.0.1 POST /admin/Initialize/loginSucceed
[ info ] ccc.tp51.cn/admin/Initialize/loginSucceed [运行时间：0.033534s][吞吐率：29.82req/s] [内存消耗：1,293.16kb] [文件加载：55]
[ info ] [ LANG ] D:\phpstudy_pro\WWW\tp5.1\thinkphp/lang/zh-cn.php
[ info ] [ ROUTE ] array (
)
[ info ] [ HEADER ] array (
  'cookie' => 'pgv_pvi=3164481536; pgv_si=s6278050816',
  'accept-language' => 'zh-CN,zh;q=0.9',
  'accept-encoding' => 'gzip, deflate',
  'referer' => 'http://ccc.tp51.cn/admin/Initialize/loginSucceed',
  'accept' => 'text/html,application/xhtml+xml,application/xml;q=0.9,image/webp,image/apng,*/*;q=0.8,application/signed-exchange;v=b3;q=0.9',
  'user-agent' => 'Mozilla/5.0 (Windows NT 10.0; Win64; x64) AppleWebKit/537.36 (KHTML, like Gecko) Chrome/81.0.4044.122 Safari/537.36',
  'content-type' => 'application/x-www-form-urlencoded',
  'origin' => 'http://ccc.tp51.cn',
  'upgrade-insecure-requests' => '1',
  'cache-control' => 'no-cache',
  'pragma' => 'no-cache',
  'content-length' => '18',
  'connection' => 'close',
  'host' => 'ccc.tp51.cn',
)
[ info ] [ PARAM ] array (
  'root' => '1234567',
  'pass' => '',
)
[ info ] [ VIEW ] D:\phpstudy_pro\WWW\tp5.1\application/admin/view\initialize\loginsucceed.html [ array (
) ]
[ info ] [ LOG ] INIT File
---------------------------------------------------------------
[ 2020-05-18T09:35:34+08:00 ] 127.0.0.1 POST /admin/Initialize/loginSucceed
[ info ] ccc.tp51.cn/admin/Initialize/loginSucceed [运行时间：0.026248s][吞吐率：38.10req/s] [内存消耗：1,501.39kb] [文件加载：57]
[ info ] [ LANG ] D:\phpstudy_pro\WWW\tp5.1\thinkphp/lang/zh-cn.php
[ info ] [ ROUTE ] array (
)
[ info ] [ HEADER ] array (
  'cookie' => 'pgv_pvi=3164481536; pgv_si=s6278050816',
  'accept-language' => 'zh-CN,zh;q=0.9',
  'accept-encoding' => 'gzip, deflate',
  'referer' => 'http://ccc.tp51.cn/admin/Initialize/loginSucceed',
  'accept' => 'text/html,application/xhtml+xml,application/xml;q=0.9,image/webp,image/apng,*/*;q=0.8,application/signed-exchange;v=b3;q=0.9',
  'content-type' => 'application/x-www-form-urlencoded',
  'origin' => 'http://ccc.tp51.cn',
  'user-agent' => 'Mozilla/5.0 (Windows NT 10.0; Win64; x64) AppleWebKit/537.36 (KHTML, like Gecko) Chrome/81.0.4044.122 Safari/537.36',
  'upgrade-insecure-requests' => '1',
  'cache-control' => 'no-cache',
  'pragma' => 'no-cache',
  'content-length' => '18',
  'connection' => 'close',
  'host' => 'ccc.tp51.cn',
)
[ info ] [ PARAM ] array (
  'root' => '1234567',
  'pass' => '',
)
[ info ] [ VIEW ] D:\phpstudy_pro\WWW\tp5.1\application/admin/view\initialize\loginsucceed.html [ array (
) ]
[ info ] [ LOG ] INIT File
