---------------------------------------------------------------
[ 2020-05-20T08:30:01+08:00 ] 127.0.0.1 GET /admin/Insertall/test
[ info ] ccc.tp51.cn/admin/Insertall/test [运行时间：0.032541s][吞吐率：30.73req/s] [内存消耗：984.24kb] [文件加载：45]
[ info ] [ LANG ] D:\phpstudy_pro\WWW\tp5.1\thinkphp/lang/zh-cn.php
[ info ] [ ROUTE ] array (
)
[ info ] [ HEADER ] array (
  'cookie' => 'pgv_pvi=3164481536; pgv_si=s3923909632; PHPSESSID=an4nlm702csc1ocu9hhq22c7a3; session_id=6ejcacstaka9v18siobrjkfump; PHPSESSID=an4nlm702csc1ocu9hhq22c7a3; session_id=6ejcacstaka9v18siobrjkfump',
  'accept-language' => 'zh-CN,zh;q=0.9',
  'accept-encoding' => 'gzip, deflate',
  'accept' => 'text/html,application/xhtml+xml,application/xml;q=0.9,image/webp,image/apng,*/*;q=0.8,application/signed-exchange;v=b3;q=0.9',
  'user-agent' => 'Mozilla/5.0 (Windows NT 10.0; Win64; x64) AppleWebKit/537.36 (KHTML, like Gecko) Chrome/81.0.4044.122 Safari/537.36',
  'upgrade-insecure-requests' => '1',
  'cache-control' => 'max-age=0',
  'connection' => 'close',
  'host' => 'ccc.tp51.cn',
)
[ info ] [ PARAM ] array (
)
[ info ] [ LOG ] INIT File
---------------------------------------------------------------
[ 2020-05-20T10:22:59+08:00 ] 127.0.0.1 GET /
[ info ] ccc.tp51.cn/ [运行时间：0.032590s][吞吐率：30.68req/s] [内存消耗：978.28kb] [文件加载：45]
[ info ] [ LANG ] D:\phpstudy_pro\WWW\tp5.1\thinkphp/lang/zh-cn.php
[ info ] [ ROUTE ] array (
)
[ info ] [ HEADER ] array (
  'cookie' => 'pgv_pvi=3164481536; pgv_si=s3923909632; PHPSESSID=an4nlm702csc1ocu9hhq22c7a3; session_id=6ejcacstaka9v18siobrjkfump; PHPSESSID=an4nlm702csc1ocu9hhq22c7a3; session_id=6ejcacstaka9v18siobrjkfump',
  'accept-language' => 'zh-CN,zh;q=0.9',
  'accept-encoding' => 'gzip, deflate',
  'purpose' => 'prefetch',
  'accept' => 'text/html,application/xhtml+xml,application/xml;q=0.9,image/webp,image/apng,*/*;q=0.8,application/signed-exchange;v=b3;q=0.9',
  'user-agent' => 'Mozilla/5.0 (Windows NT 10.0; Win64; x64) AppleWebKit/537.36 (KHTML, like Gecko) Chrome/81.0.4044.122 Safari/537.36',
  'upgrade-insecure-requests' => '1',
  'connection' => 'close',
  'host' => 'ccc.tp51.cn',
)
[ info ] [ PARAM ] array (
)
[ info ] [ LOG ] INIT File
---------------------------------------------------------------
[ 2020-05-20T10:23:22+08:00 ] 127.0.0.1 GET /curd/index
[ info ] ccc.tp51.cn/curd/index [运行时间：0.018915s][吞吐率：52.87req/s] [内存消耗：1,024.97kb] [文件加载：48]
[ info ] [ LANG ] D:\phpstudy_pro\WWW\tp5.1\thinkphp/lang/zh-cn.php
[ info ] [ ROUTE ] array (
)
[ info ] [ HEADER ] array (
  'cookie' => 'pgv_pvi=3164481536; pgv_si=s3923909632; PHPSESSID=an4nlm702csc1ocu9hhq22c7a3; session_id=6ejcacstaka9v18siobrjkfump; PHPSESSID=an4nlm702csc1ocu9hhq22c7a3; session_id=6ejcacstaka9v18siobrjkfump',
  'accept-language' => 'zh-CN,zh;q=0.9',
  'accept-encoding' => 'gzip, deflate',
  'accept' => 'text/html,application/xhtml+xml,application/xml;q=0.9,image/webp,image/apng,*/*;q=0.8,application/signed-exchange;v=b3;q=0.9',
  'user-agent' => 'Mozilla/5.0 (Windows NT 10.0; Win64; x64) AppleWebKit/537.36 (KHTML, like Gecko) Chrome/81.0.4044.122 Safari/537.36',
  'upgrade-insecure-requests' => '1',
  'connection' => 'close',
  'host' => 'ccc.tp51.cn',
)
[ info ] [ PARAM ] array (
)
[ info ] [ LOG ] INIT File
---------------------------------------------------------------
[ 2020-05-20T10:23:28+08:00 ] 127.0.0.1 GET /curd/index
[ info ] ccc.tp51.cn/curd/index [运行时间：0.017455s][吞吐率：57.29req/s] [内存消耗：1,025.48kb] [文件加载：48]
[ info ] [ LANG ] D:\phpstudy_pro\WWW\tp5.1\thinkphp/lang/zh-cn.php
[ info ] [ ROUTE ] array (
)
[ info ] [ HEADER ] array (
  'cookie' => 'pgv_pvi=3164481536; pgv_si=s3923909632; PHPSESSID=an4nlm702csc1ocu9hhq22c7a3; session_id=6ejcacstaka9v18siobrjkfump; PHPSESSID=an4nlm702csc1ocu9hhq22c7a3; session_id=6ejcacstaka9v18siobrjkfump',
  'accept-language' => 'zh-CN,zh;q=0.9',
  'accept-encoding' => 'gzip, deflate',
  'accept' => 'text/html,application/xhtml+xml,application/xml;q=0.9,image/webp,image/apng,*/*;q=0.8,application/signed-exchange;v=b3;q=0.9',
  'user-agent' => 'Mozilla/5.0 (Windows NT 10.0; Win64; x64) AppleWebKit/537.36 (KHTML, like Gecko) Chrome/81.0.4044.122 Safari/537.36',
  'upgrade-insecure-requests' => '1',
  'cache-control' => 'max-age=0',
  'connection' => 'close',
  'host' => 'ccc.tp51.cn',
)
[ info ] [ PARAM ] array (
)
[ info ] [ LOG ] INIT File
---------------------------------------------------------------
[ 2020-05-20T10:23:34+08:00 ] 127.0.0.1 GET /curd/index
[ info ] ccc.tp51.cn/curd/index [运行时间：0.016508s][吞吐率：60.58req/s] [内存消耗：1,025.48kb] [文件加载：48]
[ info ] [ LANG ] D:\phpstudy_pro\WWW\tp5.1\thinkphp/lang/zh-cn.php
[ info ] [ ROUTE ] array (
)
[ info ] [ HEADER ] array (
  'cookie' => 'pgv_pvi=3164481536; pgv_si=s3923909632; PHPSESSID=an4nlm702csc1ocu9hhq22c7a3; session_id=6ejcacstaka9v18siobrjkfump; PHPSESSID=an4nlm702csc1ocu9hhq22c7a3; session_id=6ejcacstaka9v18siobrjkfump',
  'accept-language' => 'zh-CN,zh;q=0.9',
  'accept-encoding' => 'gzip, deflate',
  'accept' => 'text/html,application/xhtml+xml,application/xml;q=0.9,image/webp,image/apng,*/*;q=0.8,application/signed-exchange;v=b3;q=0.9',
  'user-agent' => 'Mozilla/5.0 (Windows NT 10.0; Win64; x64) AppleWebKit/537.36 (KHTML, like Gecko) Chrome/81.0.4044.122 Safari/537.36',
  'upgrade-insecure-requests' => '1',
  'cache-control' => 'max-age=0',
  'connection' => 'close',
  'host' => 'ccc.tp51.cn',
)
[ info ] [ PARAM ] array (
)
[ info ] [ LOG ] INIT File
---------------------------------------------------------------
[ 2020-05-20T10:24:07+08:00 ] 127.0.0.1 GET /crud/index
[ info ] ccc.tp51.cn/crud/index [运行时间：0.025021s][吞吐率：39.97req/s] [内存消耗：1,365.17kb] [文件加载：55]
[ info ] [ LANG ] D:\phpstudy_pro\WWW\tp5.1\thinkphp/lang/zh-cn.php
[ info ] [ ROUTE ] array (
)
[ info ] [ HEADER ] array (
  'cookie' => 'pgv_pvi=3164481536; pgv_si=s3923909632; PHPSESSID=an4nlm702csc1ocu9hhq22c7a3; session_id=6ejcacstaka9v18siobrjkfump; PHPSESSID=an4nlm702csc1ocu9hhq22c7a3; session_id=6ejcacstaka9v18siobrjkfump',
  'accept-language' => 'zh-CN,zh;q=0.9',
  'accept-encoding' => 'gzip, deflate',
  'accept' => 'text/html,application/xhtml+xml,application/xml;q=0.9,image/webp,image/apng,*/*;q=0.8,application/signed-exchange;v=b3;q=0.9',
  'user-agent' => 'Mozilla/5.0 (Windows NT 10.0; Win64; x64) AppleWebKit/537.36 (KHTML, like Gecko) Chrome/81.0.4044.122 Safari/537.36',
  'upgrade-insecure-requests' => '1',
  'connection' => 'close',
  'host' => 'ccc.tp51.cn',
)
[ info ] [ PARAM ] array (
)
[ info ] [ VIEW ] D:\phpstudy_pro\WWW\tp5.1\application/crud/view\index\index.html [ array (
) ]
[ info ] [ LOG ] INIT File
---------------------------------------------------------------
[ 2020-05-20T10:29:21+08:00 ] 127.0.0.1 GET /crud/index/UpdateSql
[ info ] ccc.tp51.cn/crud/index/UpdateSql [运行时间：0.032831s][吞吐率：30.46req/s] [内存消耗：1,274.25kb] [文件加载：55]
[ info ] [ LANG ] D:\phpstudy_pro\WWW\tp5.1\thinkphp/lang/zh-cn.php
[ info ] [ ROUTE ] array (
)
[ info ] [ HEADER ] array (
  'cookie' => 'pgv_pvi=3164481536; pgv_si=s3923909632; PHPSESSID=an4nlm702csc1ocu9hhq22c7a3; session_id=6ejcacstaka9v18siobrjkfump; PHPSESSID=an4nlm702csc1ocu9hhq22c7a3; session_id=6ejcacstaka9v18siobrjkfump',
  'accept-language' => 'zh-CN,zh;q=0.9',
  'accept-encoding' => 'gzip, deflate',
  'accept' => 'text/html,application/xhtml+xml,application/xml;q=0.9,image/webp,image/apng,*/*;q=0.8,application/signed-exchange;v=b3;q=0.9',
  'user-agent' => 'Mozilla/5.0 (Windows NT 10.0; Win64; x64) AppleWebKit/537.36 (KHTML, like Gecko) Chrome/81.0.4044.122 Safari/537.36',
  'upgrade-insecure-requests' => '1',
  'connection' => 'close',
  'host' => 'ccc.tp51.cn',
)
[ info ] [ PARAM ] array (
)
[ info ] [ LOG ] INIT File
---------------------------------------------------------------
[ 2020-05-20T10:29:33+08:00 ] 127.0.0.1 GET /crud/index/UpdateSql
[ info ] ccc.tp51.cn/crud/index/UpdateSql [运行时间：0.020796s][吞吐率：48.09req/s] [内存消耗：1,274.77kb] [文件加载：55]
[ info ] [ LANG ] D:\phpstudy_pro\WWW\tp5.1\thinkphp/lang/zh-cn.php
[ info ] [ ROUTE ] array (
)
[ info ] [ HEADER ] array (
  'cookie' => 'pgv_pvi=3164481536; pgv_si=s3923909632; PHPSESSID=an4nlm702csc1ocu9hhq22c7a3; session_id=6ejcacstaka9v18siobrjkfump; PHPSESSID=an4nlm702csc1ocu9hhq22c7a3; session_id=6ejcacstaka9v18siobrjkfump',
  'accept-language' => 'zh-CN,zh;q=0.9',
  'accept-encoding' => 'gzip, deflate',
  'accept' => 'text/html,application/xhtml+xml,application/xml;q=0.9,image/webp,image/apng,*/*;q=0.8,application/signed-exchange;v=b3;q=0.9',
  'user-agent' => 'Mozilla/5.0 (Windows NT 10.0; Win64; x64) AppleWebKit/537.36 (KHTML, like Gecko) Chrome/81.0.4044.122 Safari/537.36',
  'upgrade-insecure-requests' => '1',
  'cache-control' => 'max-age=0',
  'connection' => 'close',
  'host' => 'ccc.tp51.cn',
)
[ info ] [ PARAM ] array (
)
[ info ] [ LOG ] INIT File
---------------------------------------------------------------
[ 2020-05-20T10:29:39+08:00 ] 127.0.0.1 GET /crud/index/UpdateSql
[ info ] ccc.tp51.cn/crud/index/UpdateSql [运行时间：0.026441s][吞吐率：37.82req/s] [内存消耗：1,274.77kb] [文件加载：55]
[ info ] [ LANG ] D:\phpstudy_pro\WWW\tp5.1\thinkphp/lang/zh-cn.php
[ info ] [ ROUTE ] array (
)
[ info ] [ HEADER ] array (
  'cookie' => 'pgv_pvi=3164481536; pgv_si=s3923909632; PHPSESSID=an4nlm702csc1ocu9hhq22c7a3; session_id=6ejcacstaka9v18siobrjkfump; PHPSESSID=an4nlm702csc1ocu9hhq22c7a3; session_id=6ejcacstaka9v18siobrjkfump',
  'accept-language' => 'zh-CN,zh;q=0.9',
  'accept-encoding' => 'gzip, deflate',
  'accept' => 'text/html,application/xhtml+xml,application/xml;q=0.9,image/webp,image/apng,*/*;q=0.8,application/signed-exchange;v=b3;q=0.9',
  'user-agent' => 'Mozilla/5.0 (Windows NT 10.0; Win64; x64) AppleWebKit/537.36 (KHTML, like Gecko) Chrome/81.0.4044.122 Safari/537.36',
  'upgrade-insecure-requests' => '1',
  'cache-control' => 'max-age=0',
  'connection' => 'close',
  'host' => 'ccc.tp51.cn',
)
[ info ] [ PARAM ] array (
)
[ info ] [ LOG ] INIT File
---------------------------------------------------------------
[ 2020-05-20T10:29:49+08:00 ] 127.0.0.1 GET /crud/index/Updatesql
[ info ] ccc.tp51.cn/crud/index/Updatesql [运行时间：0.026621s][吞吐率：37.56req/s] [内存消耗：1,274.25kb] [文件加载：55]
[ info ] [ LANG ] D:\phpstudy_pro\WWW\tp5.1\thinkphp/lang/zh-cn.php
[ info ] [ ROUTE ] array (
)
[ info ] [ HEADER ] array (
  'cookie' => 'pgv_pvi=3164481536; pgv_si=s3923909632; PHPSESSID=an4nlm702csc1ocu9hhq22c7a3; session_id=6ejcacstaka9v18siobrjkfump; PHPSESSID=an4nlm702csc1ocu9hhq22c7a3; session_id=6ejcacstaka9v18siobrjkfump',
  'accept-language' => 'zh-CN,zh;q=0.9',
  'accept-encoding' => 'gzip, deflate',
  'accept' => 'text/html,application/xhtml+xml,application/xml;q=0.9,image/webp,image/apng,*/*;q=0.8,application/signed-exchange;v=b3;q=0.9',
  'user-agent' => 'Mozilla/5.0 (Windows NT 10.0; Win64; x64) AppleWebKit/537.36 (KHTML, like Gecko) Chrome/81.0.4044.122 Safari/537.36',
  'upgrade-insecure-requests' => '1',
  'connection' => 'close',
  'host' => 'ccc.tp51.cn',
)
[ info ] [ PARAM ] array (
)
[ info ] [ LOG ] INIT File
---------------------------------------------------------------
[ 2020-05-20T10:30:02+08:00 ] 127.0.0.1 GET /crud/index/updatesql
[ info ] ccc.tp51.cn/crud/index/updatesql [运行时间：0.019986s][吞吐率：50.03req/s] [内存消耗：1,274.25kb] [文件加载：55]
[ info ] [ LANG ] D:\phpstudy_pro\WWW\tp5.1\thinkphp/lang/zh-cn.php
[ info ] [ ROUTE ] array (
)
[ info ] [ HEADER ] array (
  'cookie' => 'pgv_pvi=3164481536; pgv_si=s3923909632; PHPSESSID=an4nlm702csc1ocu9hhq22c7a3; session_id=6ejcacstaka9v18siobrjkfump; PHPSESSID=an4nlm702csc1ocu9hhq22c7a3; session_id=6ejcacstaka9v18siobrjkfump',
  'accept-language' => 'zh-CN,zh;q=0.9',
  'accept-encoding' => 'gzip, deflate',
  'accept' => 'text/html,application/xhtml+xml,application/xml;q=0.9,image/webp,image/apng,*/*;q=0.8,application/signed-exchange;v=b3;q=0.9',
  'user-agent' => 'Mozilla/5.0 (Windows NT 10.0; Win64; x64) AppleWebKit/537.36 (KHTML, like Gecko) Chrome/81.0.4044.122 Safari/537.36',
  'upgrade-insecure-requests' => '1',
  'connection' => 'close',
  'host' => 'ccc.tp51.cn',
)
[ info ] [ PARAM ] array (
)
[ info ] [ LOG ] INIT File
---------------------------------------------------------------
[ 2020-05-20T10:30:18+08:00 ] 127.0.0.1 GET /crud/index/updatesql
[ info ] ccc.tp51.cn/crud/index/updatesql [运行时间：0.021473s][吞吐率：46.57req/s] [内存消耗：1,274.77kb] [文件加载：55]
[ info ] [ LANG ] D:\phpstudy_pro\WWW\tp5.1\thinkphp/lang/zh-cn.php
[ info ] [ ROUTE ] array (
)
[ info ] [ HEADER ] array (
  'cookie' => 'pgv_pvi=3164481536; pgv_si=s3923909632; PHPSESSID=an4nlm702csc1ocu9hhq22c7a3; session_id=6ejcacstaka9v18siobrjkfump; PHPSESSID=an4nlm702csc1ocu9hhq22c7a3; session_id=6ejcacstaka9v18siobrjkfump',
  'accept-language' => 'zh-CN,zh;q=0.9',
  'accept-encoding' => 'gzip, deflate',
  'accept' => 'text/html,application/xhtml+xml,application/xml;q=0.9,image/webp,image/apng,*/*;q=0.8,application/signed-exchange;v=b3;q=0.9',
  'user-agent' => 'Mozilla/5.0 (Windows NT 10.0; Win64; x64) AppleWebKit/537.36 (KHTML, like Gecko) Chrome/81.0.4044.122 Safari/537.36',
  'upgrade-insecure-requests' => '1',
  'cache-control' => 'max-age=0',
  'connection' => 'close',
  'host' => 'ccc.tp51.cn',
)
[ info ] [ PARAM ] array (
)
[ info ] [ LOG ] INIT File
---------------------------------------------------------------
[ 2020-05-20T10:30:23+08:00 ] 127.0.0.1 GET /crud/index/updatesql
[ info ] ccc.tp51.cn/crud/index/updatesql [运行时间：0.015195s][吞吐率：65.81req/s] [内存消耗：1,227.58kb] [文件加载：51]
[ info ] [ LANG ] D:\phpstudy_pro\WWW\tp5.1\thinkphp/lang/zh-cn.php
[ info ] [ ROUTE ] array (
)
[ info ] [ HEADER ] array (
  'cookie' => 'pgv_pvi=3164481536; pgv_si=s3923909632; PHPSESSID=an4nlm702csc1ocu9hhq22c7a3; session_id=6ejcacstaka9v18siobrjkfump; PHPSESSID=an4nlm702csc1ocu9hhq22c7a3; session_id=6ejcacstaka9v18siobrjkfump',
  'accept-language' => 'zh-CN,zh;q=0.9',
  'accept-encoding' => 'gzip, deflate',
  'accept' => 'text/html,application/xhtml+xml,application/xml;q=0.9,image/webp,image/apng,*/*;q=0.8,application/signed-exchange;v=b3;q=0.9',
  'user-agent' => 'Mozilla/5.0 (Windows NT 10.0; Win64; x64) AppleWebKit/537.36 (KHTML, like Gecko) Chrome/81.0.4044.122 Safari/537.36',
  'upgrade-insecure-requests' => '1',
  'cache-control' => 'max-age=0',
  'connection' => 'close',
  'host' => 'ccc.tp51.cn',
)
[ info ] [ PARAM ] array (
)
[ info ] [ LOG ] INIT File
---------------------------------------------------------------
[ 2020-05-20T10:30:31+08:00 ] 127.0.0.1 GET /crud/index/updatesql
[ info ] ccc.tp51.cn/crud/index/updatesql [运行时间：0.024295s][吞吐率：41.16req/s] [内存消耗：1,227.58kb] [文件加载：51]
[ info ] [ LANG ] D:\phpstudy_pro\WWW\tp5.1\thinkphp/lang/zh-cn.php
[ info ] [ ROUTE ] array (
)
[ info ] [ HEADER ] array (
  'cookie' => 'pgv_pvi=3164481536; pgv_si=s3923909632; PHPSESSID=an4nlm702csc1ocu9hhq22c7a3; session_id=6ejcacstaka9v18siobrjkfump; PHPSESSID=an4nlm702csc1ocu9hhq22c7a3; session_id=6ejcacstaka9v18siobrjkfump',
  'accept-language' => 'zh-CN,zh;q=0.9',
  'accept-encoding' => 'gzip, deflate',
  'accept' => 'text/html,application/xhtml+xml,application/xml;q=0.9,image/webp,image/apng,*/*;q=0.8,application/signed-exchange;v=b3;q=0.9',
  'user-agent' => 'Mozilla/5.0 (Windows NT 10.0; Win64; x64) AppleWebKit/537.36 (KHTML, like Gecko) Chrome/81.0.4044.122 Safari/537.36',
  'upgrade-insecure-requests' => '1',
  'cache-control' => 'max-age=0',
  'connection' => 'close',
  'host' => 'ccc.tp51.cn',
)
[ info ] [ PARAM ] array (
)
[ info ] [ LOG ] INIT File
---------------------------------------------------------------
[ 2020-05-20T10:30:32+08:00 ] 127.0.0.1 GET /crud/index/updatesql
[ info ] ccc.tp51.cn/crud/index/updatesql [运行时间：0.033498s][吞吐率：29.85req/s] [内存消耗：1,227.06kb] [文件加载：51]
[ info ] [ LANG ] D:\phpstudy_pro\WWW\tp5.1\thinkphp/lang/zh-cn.php
[ info ] [ ROUTE ] array (
)
[ info ] [ HEADER ] array (
  'cookie' => 'pgv_pvi=3164481536; pgv_si=s3923909632; PHPSESSID=an4nlm702csc1ocu9hhq22c7a3; session_id=6ejcacstaka9v18siobrjkfump; PHPSESSID=an4nlm702csc1ocu9hhq22c7a3; session_id=6ejcacstaka9v18siobrjkfump',
  'accept-language' => 'zh-CN,zh;q=0.9',
  'accept-encoding' => 'gzip, deflate',
  'accept' => 'text/html,application/xhtml+xml,application/xml;q=0.9,image/webp,image/apng,*/*;q=0.8,application/signed-exchange;v=b3;q=0.9',
  'user-agent' => 'Mozilla/5.0 (Windows NT 10.0; Win64; x64) AppleWebKit/537.36 (KHTML, like Gecko) Chrome/81.0.4044.122 Safari/537.36',
  'upgrade-insecure-requests' => '1',
  'connection' => 'close',
  'host' => 'ccc.tp51.cn',
)
[ info ] [ PARAM ] array (
)
[ info ] [ LOG ] INIT File
---------------------------------------------------------------
[ 2020-05-20T10:30:36+08:00 ] 127.0.0.1 GET /crud/index/updatesql
[ info ] ccc.tp51.cn/crud/index/updatesql [运行时间：0.018342s][吞吐率：54.52req/s] [内存消耗：1,227.58kb] [文件加载：51]
[ info ] [ LANG ] D:\phpstudy_pro\WWW\tp5.1\thinkphp/lang/zh-cn.php
[ info ] [ ROUTE ] array (
)
[ info ] [ HEADER ] array (
  'cookie' => 'pgv_pvi=3164481536; pgv_si=s3923909632; PHPSESSID=an4nlm702csc1ocu9hhq22c7a3; session_id=6ejcacstaka9v18siobrjkfump; PHPSESSID=an4nlm702csc1ocu9hhq22c7a3; session_id=6ejcacstaka9v18siobrjkfump',
  'accept-language' => 'zh-CN,zh;q=0.9',
  'accept-encoding' => 'gzip, deflate',
  'accept' => 'text/html,application/xhtml+xml,application/xml;q=0.9,image/webp,image/apng,*/*;q=0.8,application/signed-exchange;v=b3;q=0.9',
  'user-agent' => 'Mozilla/5.0 (Windows NT 10.0; Win64; x64) AppleWebKit/537.36 (KHTML, like Gecko) Chrome/81.0.4044.122 Safari/537.36',
  'upgrade-insecure-requests' => '1',
  'cache-control' => 'max-age=0',
  'connection' => 'close',
  'host' => 'ccc.tp51.cn',
)
[ info ] [ PARAM ] array (
)
[ info ] [ LOG ] INIT File
---------------------------------------------------------------
[ 2020-05-20T11:12:10+08:00 ] 127.0.0.1 GET /crud/index
[ info ] ccc.tp51.cn/crud/index [运行时间：0.042832s][吞吐率：23.35req/s] [内存消耗：2,124.56kb] [文件加载：62]
[ info ] [ LANG ] D:\phpstudy_pro\WWW\tp5.1\thinkphp/lang/zh-cn.php
[ info ] [ ROUTE ] array (
)
[ info ] [ HEADER ] array (
  'cookie' => 'pgv_pvi=3164481536; pgv_si=s3923909632; PHPSESSID=an4nlm702csc1ocu9hhq22c7a3; session_id=6ejcacstaka9v18siobrjkfump; PHPSESSID=an4nlm702csc1ocu9hhq22c7a3; session_id=6ejcacstaka9v18siobrjkfump',
  'accept-language' => 'zh-CN,zh;q=0.9',
  'accept-encoding' => 'gzip, deflate',
  'accept' => 'text/html,application/xhtml+xml,application/xml;q=0.9,image/webp,image/apng,*/*;q=0.8,application/signed-exchange;v=b3;q=0.9',
  'user-agent' => 'Mozilla/5.0 (Windows NT 10.0; Win64; x64) AppleWebKit/537.36 (KHTML, like Gecko) Chrome/81.0.4044.122 Safari/537.36',
  'upgrade-insecure-requests' => '1',
  'connection' => 'close',
  'host' => 'ccc.tp51.cn',
)
[ info ] [ PARAM ] array (
)
[ info ] [ DB ] INIT mysql
[ info ] [ LOG ] INIT File
[ error ] [0]method not exist:think\db\Query->selesct[D:\phpstudy_pro\WWW\tp5.1\thinkphp\library\think\db\Query.php:177]
---------------------------------------------------------------
[ 2020-05-20T11:12:29+08:00 ] 127.0.0.1 GET /crud/index
[ info ] ccc.tp51.cn/crud/index [运行时间：0.041596s][吞吐率：24.04req/s] [内存消耗：2,242.48kb] [文件加载：65]
[ info ] [ LANG ] D:\phpstudy_pro\WWW\tp5.1\thinkphp/lang/zh-cn.php
[ info ] [ ROUTE ] array (
)
[ info ] [ HEADER ] array (
  'cookie' => 'pgv_pvi=3164481536; pgv_si=s3923909632; PHPSESSID=an4nlm702csc1ocu9hhq22c7a3; session_id=6ejcacstaka9v18siobrjkfump; PHPSESSID=an4nlm702csc1ocu9hhq22c7a3; session_id=6ejcacstaka9v18siobrjkfump',
  'accept-language' => 'zh-CN,zh;q=0.9',
  'accept-encoding' => 'gzip, deflate',
  'accept' => 'text/html,application/xhtml+xml,application/xml;q=0.9,image/webp,image/apng,*/*;q=0.8,application/signed-exchange;v=b3;q=0.9',
  'user-agent' => 'Mozilla/5.0 (Windows NT 10.0; Win64; x64) AppleWebKit/537.36 (KHTML, like Gecko) Chrome/81.0.4044.122 Safari/537.36',
  'upgrade-insecure-requests' => '1',
  'cache-control' => 'max-age=0',
  'connection' => 'close',
  'host' => 'ccc.tp51.cn',
)
[ info ] [ PARAM ] array (
)
[ info ] [ DB ] INIT mysql
[ info ] [ LOG ] INIT File
[ sql ] [ DB ] CONNECT:[ UseTime:0.001170s ] mysql:host=127.0.0.1;dbname=Myku;charset=utf8
[ error ] [10501]SQLSTATE[42S02]: Base table or view not found: 1146 Table 'myku.tp_staff' doesn't exist[D:\phpstudy_pro\WWW\tp5.1\thinkphp\library\think\db\Connection.php:675]
---------------------------------------------------------------
[ 2020-05-20T11:14:36+08:00 ] 127.0.0.1 GET /crud/index
[ info ] ccc.tp51.cn/crud/index [运行时间：0.065973s][吞吐率：15.16req/s] [内存消耗：2,242.48kb] [文件加载：65]
[ info ] [ LANG ] D:\phpstudy_pro\WWW\tp5.1\thinkphp/lang/zh-cn.php
[ info ] [ ROUTE ] array (
)
[ info ] [ HEADER ] array (
  'cookie' => 'pgv_pvi=3164481536; pgv_si=s3923909632; PHPSESSID=an4nlm702csc1ocu9hhq22c7a3; session_id=6ejcacstaka9v18siobrjkfump; PHPSESSID=an4nlm702csc1ocu9hhq22c7a3; session_id=6ejcacstaka9v18siobrjkfump',
  'accept-language' => 'zh-CN,zh;q=0.9',
  'accept-encoding' => 'gzip, deflate',
  'accept' => 'text/html,application/xhtml+xml,application/xml;q=0.9,image/webp,image/apng,*/*;q=0.8,application/signed-exchange;v=b3;q=0.9',
  'user-agent' => 'Mozilla/5.0 (Windows NT 10.0; Win64; x64) AppleWebKit/537.36 (KHTML, like Gecko) Chrome/81.0.4044.122 Safari/537.36',
  'upgrade-insecure-requests' => '1',
  'cache-control' => 'max-age=0',
  'connection' => 'close',
  'host' => 'ccc.tp51.cn',
)
[ info ] [ PARAM ] array (
)
[ info ] [ DB ] INIT mysql
[ info ] [ LOG ] INIT File
[ sql ] [ DB ] CONNECT:[ UseTime:0.011111s ] mysql:host=127.0.0.1;dbname=Myku;charset=utf8
[ error ] [10501]SQLSTATE[42S02]: Base table or view not found: 1146 Table 'myku.tp_staff' doesn't exist[D:\phpstudy_pro\WWW\tp5.1\thinkphp\library\think\db\Connection.php:675]
---------------------------------------------------------------
[ 2020-05-20T11:15:38+08:00 ] 127.0.0.1 GET /crud/index
[ info ] ccc.tp51.cn/crud/index [运行时间：0.047156s][吞吐率：21.21req/s] [内存消耗：2,336.79kb] [文件加载：63]
[ info ] [ LANG ] D:\phpstudy_pro\WWW\tp5.1\thinkphp/lang/zh-cn.php
[ info ] [ ROUTE ] array (
)
[ info ] [ HEADER ] array (
  'cookie' => 'pgv_pvi=3164481536; pgv_si=s3923909632; PHPSESSID=an4nlm702csc1ocu9hhq22c7a3; session_id=6ejcacstaka9v18siobrjkfump; PHPSESSID=an4nlm702csc1ocu9hhq22c7a3; session_id=6ejcacstaka9v18siobrjkfump',
  'accept-language' => 'zh-CN,zh;q=0.9',
  'accept-encoding' => 'gzip, deflate',
  'accept' => 'text/html,application/xhtml+xml,application/xml;q=0.9,image/webp,image/apng,*/*;q=0.8,application/signed-exchange;v=b3;q=0.9',
  'user-agent' => 'Mozilla/5.0 (Windows NT 10.0; Win64; x64) AppleWebKit/537.36 (KHTML, like Gecko) Chrome/81.0.4044.122 Safari/537.36',
  'upgrade-insecure-requests' => '1',
  'cache-control' => 'max-age=0',
  'connection' => 'close',
  'host' => 'ccc.tp51.cn',
)
[ info ] [ PARAM ] array (
)
[ info ] [ DB ] INIT mysql
[ info ] [ VIEW ] D:\phpstudy_pro\WWW\tp5.1\application/crud/view\index\index.html [ array (
  0 => 'selectArr',
) ]
[ info ] [ LOG ] INIT File
[ sql ] [ DB ] CONNECT:[ UseTime:0.003361s ] mysql:host=127.0.0.1;dbname=Myku;charset=utf8
[ sql ] [ SQL ] SHOW COLUMNS FROM `staff` [ RunTime:0.001595s ]
[ sql ] [ SQL ] SELECT * FROM `staff` [ RunTime:0.000405s ]
---------------------------------------------------------------
[ 2020-05-20T11:15:59+08:00 ] 127.0.0.1 GET /crud/index
[ info ] ccc.tp51.cn/crud/index [运行时间：0.046249s][吞吐率：21.62req/s] [内存消耗：2,336.79kb] [文件加载：63]
[ info ] [ LANG ] D:\phpstudy_pro\WWW\tp5.1\thinkphp/lang/zh-cn.php
[ info ] [ ROUTE ] array (
)
[ info ] [ HEADER ] array (
  'cookie' => 'pgv_pvi=3164481536; pgv_si=s3923909632; PHPSESSID=an4nlm702csc1ocu9hhq22c7a3; session_id=6ejcacstaka9v18siobrjkfump; PHPSESSID=an4nlm702csc1ocu9hhq22c7a3; session_id=6ejcacstaka9v18siobrjkfump',
  'accept-language' => 'zh-CN,zh;q=0.9',
  'accept-encoding' => 'gzip, deflate',
  'accept' => 'text/html,application/xhtml+xml,application/xml;q=0.9,image/webp,image/apng,*/*;q=0.8,application/signed-exchange;v=b3;q=0.9',
  'user-agent' => 'Mozilla/5.0 (Windows NT 10.0; Win64; x64) AppleWebKit/537.36 (KHTML, like Gecko) Chrome/81.0.4044.122 Safari/537.36',
  'upgrade-insecure-requests' => '1',
  'cache-control' => 'max-age=0',
  'connection' => 'close',
  'host' => 'ccc.tp51.cn',
)
[ info ] [ PARAM ] array (
)
[ info ] [ DB ] INIT mysql
[ info ] [ VIEW ] D:\phpstudy_pro\WWW\tp5.1\application/crud/view\index\index.html [ array (
  0 => 'selectArr',
) ]
[ info ] [ LOG ] INIT File
[ sql ] [ DB ] CONNECT:[ UseTime:0.000847s ] mysql:host=127.0.0.1;dbname=Myku;charset=utf8
[ sql ] [ SQL ] SHOW COLUMNS FROM `staff` [ RunTime:0.000938s ]
[ sql ] [ SQL ] SELECT * FROM `staff` [ RunTime:0.002368s ]
---------------------------------------------------------------
[ 2020-05-20T11:16:06+08:00 ] 127.0.0.1 GET /crud/index
[ info ] ccc.tp51.cn/crud/index [运行时间：0.039373s][吞吐率：25.40req/s] [内存消耗：2,336.79kb] [文件加载：63]
[ info ] [ LANG ] D:\phpstudy_pro\WWW\tp5.1\thinkphp/lang/zh-cn.php
[ info ] [ ROUTE ] array (
)
[ info ] [ HEADER ] array (
  'cookie' => 'pgv_pvi=3164481536; pgv_si=s3923909632; PHPSESSID=an4nlm702csc1ocu9hhq22c7a3; session_id=6ejcacstaka9v18siobrjkfump; PHPSESSID=an4nlm702csc1ocu9hhq22c7a3; session_id=6ejcacstaka9v18siobrjkfump',
  'accept-language' => 'zh-CN,zh;q=0.9',
  'accept-encoding' => 'gzip, deflate',
  'accept' => 'text/html,application/xhtml+xml,application/xml;q=0.9,image/webp,image/apng,*/*;q=0.8,application/signed-exchange;v=b3;q=0.9',
  'user-agent' => 'Mozilla/5.0 (Windows NT 10.0; Win64; x64) AppleWebKit/537.36 (KHTML, like Gecko) Chrome/81.0.4044.122 Safari/537.36',
  'upgrade-insecure-requests' => '1',
  'cache-control' => 'max-age=0',
  'connection' => 'close',
  'host' => 'ccc.tp51.cn',
)
[ info ] [ PARAM ] array (
)
[ info ] [ DB ] INIT mysql
[ info ] [ VIEW ] D:\phpstudy_pro\WWW\tp5.1\application/crud/view\index\index.html [ array (
  0 => 'selectArr',
) ]
[ info ] [ LOG ] INIT File
[ sql ] [ DB ] CONNECT:[ UseTime:0.000818s ] mysql:host=127.0.0.1;dbname=Myku;charset=utf8
[ sql ] [ SQL ] SHOW COLUMNS FROM `staff` [ RunTime:0.002277s ]
[ sql ] [ SQL ] SELECT * FROM `staff` [ RunTime:0.001707s ]
---------------------------------------------------------------
[ 2020-05-20T11:16:22+08:00 ] 127.0.0.1 GET /crud/index
[ info ] ccc.tp51.cn/crud/index [运行时间：0.030419s][吞吐率：32.87req/s] [内存消耗：2,209.32kb] [文件加载：61]
[ info ] [ LANG ] D:\phpstudy_pro\WWW\tp5.1\thinkphp/lang/zh-cn.php
[ info ] [ ROUTE ] array (
)
[ info ] [ HEADER ] array (
  'cookie' => 'pgv_pvi=3164481536; pgv_si=s3923909632; PHPSESSID=an4nlm702csc1ocu9hhq22c7a3; session_id=6ejcacstaka9v18siobrjkfump; PHPSESSID=an4nlm702csc1ocu9hhq22c7a3; session_id=6ejcacstaka9v18siobrjkfump',
  'accept-language' => 'zh-CN,zh;q=0.9',
  'accept-encoding' => 'gzip, deflate',
  'accept' => 'text/html,application/xhtml+xml,application/xml;q=0.9,image/webp,image/apng,*/*;q=0.8,application/signed-exchange;v=b3;q=0.9',
  'user-agent' => 'Mozilla/5.0 (Windows NT 10.0; Win64; x64) AppleWebKit/537.36 (KHTML, like Gecko) Chrome/81.0.4044.122 Safari/537.36',
  'upgrade-insecure-requests' => '1',
  'cache-control' => 'max-age=0',
  'connection' => 'close',
  'host' => 'ccc.tp51.cn',
)
[ info ] [ PARAM ] array (
)
[ info ] [ DB ] INIT mysql
[ info ] [ VIEW ] D:\phpstudy_pro\WWW\tp5.1\application/crud/view\index\index.html [ array (
  0 => 'selectArr',
) ]
[ info ] [ LOG ] INIT File
[ sql ] [ DB ] CONNECT:[ UseTime:0.000882s ] mysql:host=127.0.0.1;dbname=Myku;charset=utf8
[ sql ] [ SQL ] SHOW COLUMNS FROM `staff` [ RunTime:0.001292s ]
[ sql ] [ SQL ] SELECT * FROM `staff` [ RunTime:0.000377s ]
---------------------------------------------------------------
[ 2020-05-20T11:17:01+08:00 ] 127.0.0.1 GET /crud/index
[ info ] ccc.tp51.cn/crud/index [运行时间：0.041876s][吞吐率：23.88req/s] [内存消耗：2,338.16kb] [文件加载：63]
[ info ] [ LANG ] D:\phpstudy_pro\WWW\tp5.1\thinkphp/lang/zh-cn.php
[ info ] [ ROUTE ] array (
)
[ info ] [ HEADER ] array (
  'cookie' => 'pgv_pvi=3164481536; pgv_si=s3923909632; PHPSESSID=an4nlm702csc1ocu9hhq22c7a3; session_id=6ejcacstaka9v18siobrjkfump; PHPSESSID=an4nlm702csc1ocu9hhq22c7a3; session_id=6ejcacstaka9v18siobrjkfump',
  'accept-language' => 'zh-CN,zh;q=0.9',
  'accept-encoding' => 'gzip, deflate',
  'accept' => 'text/html,application/xhtml+xml,application/xml;q=0.9,image/webp,image/apng,*/*;q=0.8,application/signed-exchange;v=b3;q=0.9',
  'user-agent' => 'Mozilla/5.0 (Windows NT 10.0; Win64; x64) AppleWebKit/537.36 (KHTML, like Gecko) Chrome/81.0.4044.122 Safari/537.36',
  'upgrade-insecure-requests' => '1',
  'cache-control' => 'max-age=0',
  'connection' => 'close',
  'host' => 'ccc.tp51.cn',
)
[ info ] [ PARAM ] array (
)
[ info ] [ DB ] INIT mysql
[ info ] [ VIEW ] D:\phpstudy_pro\WWW\tp5.1\application/crud/view\index\index.html [ array (
  0 => 'selectArr',
) ]
[ info ] [ LOG ] INIT File
[ sql ] [ DB ] CONNECT:[ UseTime:0.000849s ] mysql:host=127.0.0.1;dbname=Myku;charset=utf8
[ sql ] [ SQL ] SHOW COLUMNS FROM `staff` [ RunTime:0.001058s ]
[ sql ] [ SQL ] SELECT * FROM `staff` [ RunTime:0.000357s ]
---------------------------------------------------------------
[ 2020-05-20T11:18:54+08:00 ] 127.0.0.1 GET /crud/index
[ info ] ccc.tp51.cn/crud/index [运行时间：0.048486s][吞吐率：20.62req/s] [内存消耗：2,337.79kb] [文件加载：63]
[ info ] [ LANG ] D:\phpstudy_pro\WWW\tp5.1\thinkphp/lang/zh-cn.php
[ info ] [ ROUTE ] array (
)
[ info ] [ HEADER ] array (
  'cookie' => 'pgv_pvi=3164481536; pgv_si=s3923909632; PHPSESSID=an4nlm702csc1ocu9hhq22c7a3; session_id=6ejcacstaka9v18siobrjkfump; PHPSESSID=an4nlm702csc1ocu9hhq22c7a3; session_id=6ejcacstaka9v18siobrjkfump',
  'accept-language' => 'zh-CN,zh;q=0.9',
  'accept-encoding' => 'gzip, deflate',
  'accept' => 'text/html,application/xhtml+xml,application/xml;q=0.9,image/webp,image/apng,*/*;q=0.8,application/signed-exchange;v=b3;q=0.9',
  'user-agent' => 'Mozilla/5.0 (Windows NT 10.0; Win64; x64) AppleWebKit/537.36 (KHTML, like Gecko) Chrome/81.0.4044.122 Safari/537.36',
  'upgrade-insecure-requests' => '1',
  'cache-control' => 'max-age=0',
  'connection' => 'close',
  'host' => 'ccc.tp51.cn',
)
[ info ] [ PARAM ] array (
)
[ info ] [ DB ] INIT mysql
[ info ] [ VIEW ] D:\phpstudy_pro\WWW\tp5.1\application/crud/view\index\index.html [ array (
  0 => 'selectArr',
) ]
[ info ] [ LOG ] INIT File
[ sql ] [ DB ] CONNECT:[ UseTime:0.010563s ] mysql:host=127.0.0.1;dbname=Myku;charset=utf8
[ sql ] [ SQL ] SHOW COLUMNS FROM `staff` [ RunTime:0.001100s ]
[ sql ] [ SQL ] SELECT * FROM `staff` [ RunTime:0.000374s ]
---------------------------------------------------------------
[ 2020-05-20T11:22:32+08:00 ] 127.0.0.1 GET /crud/index
[ info ] ccc.tp51.cn/crud/index [运行时间：0.046674s][吞吐率：21.43req/s] [内存消耗：2,338.16kb] [文件加载：63]
[ info ] [ LANG ] D:\phpstudy_pro\WWW\tp5.1\thinkphp/lang/zh-cn.php
[ info ] [ ROUTE ] array (
)
[ info ] [ HEADER ] array (
  'cookie' => 'pgv_pvi=3164481536; pgv_si=s3923909632; PHPSESSID=an4nlm702csc1ocu9hhq22c7a3; session_id=6ejcacstaka9v18siobrjkfump; PHPSESSID=an4nlm702csc1ocu9hhq22c7a3; session_id=6ejcacstaka9v18siobrjkfump',
  'accept-language' => 'zh-CN,zh;q=0.9',
  'accept-encoding' => 'gzip, deflate',
  'accept' => 'text/html,application/xhtml+xml,application/xml;q=0.9,image/webp,image/apng,*/*;q=0.8,application/signed-exchange;v=b3;q=0.9',
  'user-agent' => 'Mozilla/5.0 (Windows NT 10.0; Win64; x64) AppleWebKit/537.36 (KHTML, like Gecko) Chrome/81.0.4044.122 Safari/537.36',
  'upgrade-insecure-requests' => '1',
  'cache-control' => 'max-age=0',
  'connection' => 'close',
  'host' => 'ccc.tp51.cn',
)
[ info ] [ PARAM ] array (
)
[ info ] [ DB ] INIT mysql
[ info ] [ VIEW ] D:\phpstudy_pro\WWW\tp5.1\application/crud/view\index\index.html [ array (
  0 => 'selectArr',
) ]
[ info ] [ LOG ] INIT File
[ sql ] [ DB ] CONNECT:[ UseTime:0.009925s ] mysql:host=127.0.0.1;dbname=Myku;charset=utf8
[ sql ] [ SQL ] SHOW COLUMNS FROM `staff` [ RunTime:0.001157s ]
[ sql ] [ SQL ] SELECT * FROM `staff` [ RunTime:0.000369s ]
---------------------------------------------------------------
[ 2020-05-20T11:28:08+08:00 ] 127.0.0.1 GET /crud/index
[ info ] ccc.tp51.cn/crud/index [运行时间：0.039998s][吞吐率：25.00req/s] [内存消耗：2,337.94kb] [文件加载：63]
[ info ] [ LANG ] D:\phpstudy_pro\WWW\tp5.1\thinkphp/lang/zh-cn.php
[ info ] [ ROUTE ] array (
)
[ info ] [ HEADER ] array (
  'cookie' => 'pgv_pvi=3164481536; pgv_si=s3923909632; PHPSESSID=an4nlm702csc1ocu9hhq22c7a3; session_id=6ejcacstaka9v18siobrjkfump; PHPSESSID=an4nlm702csc1ocu9hhq22c7a3; session_id=6ejcacstaka9v18siobrjkfump',
  'accept-language' => 'zh-CN,zh;q=0.9',
  'accept-encoding' => 'gzip, deflate',
  'accept' => 'text/html,application/xhtml+xml,application/xml;q=0.9,image/webp,image/apng,*/*;q=0.8,application/signed-exchange;v=b3;q=0.9',
  'user-agent' => 'Mozilla/5.0 (Windows NT 10.0; Win64; x64) AppleWebKit/537.36 (KHTML, like Gecko) Chrome/81.0.4044.122 Safari/537.36',
  'upgrade-insecure-requests' => '1',
  'cache-control' => 'max-age=0',
  'connection' => 'close',
  'host' => 'ccc.tp51.cn',
)
[ info ] [ PARAM ] array (
)
[ info ] [ DB ] INIT mysql
[ info ] [ VIEW ] D:\phpstudy_pro\WWW\tp5.1\application/crud/view\index\index.html [ array (
  0 => 'selectArr',
) ]
[ info ] [ LOG ] INIT File
[ sql ] [ DB ] CONNECT:[ UseTime:0.001233s ] mysql:host=127.0.0.1;dbname=Myku;charset=utf8
[ sql ] [ SQL ] SHOW COLUMNS FROM `staff` [ RunTime:0.001216s ]
[ sql ] [ SQL ] SELECT * FROM `staff` [ RunTime:0.000477s ]
