---------------------------------------------------------------
[ 2020-06-01T08:30:14+08:00 ] 127.0.0.1 GET /baidu/Index/Judgelogin?name=%E5%93%AA%E9%87%8C%E5%8F%AF%E4%BB%A5%E4%B9%B0%E3%80%8A%E4%B8%89%E5%9B%BD%E6%BC%94%E4%B9%89%E3%80%8B%EF%BC%9F
[ info ] ccc.tp51.cn/baidu/Index/Judgelogin?name=%E5%93%AA%E9%87%8C%E5%8F%AF%E4%BB%A5%E4%B9%B0%E3%80%8A%E4%B8%89%E5%9B%BD%E6%BC%94%E4%B9%89%E3%80%8B%EF%BC%9F [运行时间：0.068678s][吞吐率：14.56req/s] [内存消耗：2,337.35kb] [文件加载：66]
[ info ] [ LANG ] D:\phpstudy_pro\WWW\tp5.1\thinkphp/lang/zh-cn.php
[ info ] [ ROUTE ] array (
)
[ info ] [ HEADER ] array (
  'cookie' => 'thinkphp_show_page_trace=0|0; thinkphp_show_page_trace=0|0; PHPSESSID=t57i7b07nmunb09er7s26if1ev',
  'accept-language' => 'zh-CN,zh;q=0.9',
  'accept-encoding' => 'gzip, deflate',
  'referer' => 'http://ccc.tp51.cn/baidu/Index/search?search=%E4%B8%89%E5%9B%BD',
  'accept' => 'text/html,application/xhtml+xml,application/xml;q=0.9,image/webp,image/apng,*/*;q=0.8,application/signed-exchange;v=b3;q=0.9',
  'user-agent' => 'Mozilla/5.0 (Windows NT 10.0; Win64; x64) AppleWebKit/537.36 (KHTML, like Gecko) Chrome/81.0.4044.122 Safari/537.36',
  'upgrade-insecure-requests' => '1',
  'connection' => 'close',
  'host' => 'ccc.tp51.cn',
)
[ info ] [ PARAM ] array (
  'name' => '哪里可以买《三国演义》？',
)
[ info ] [ SESSION ] INIT array (
  'id' => '',
  'var_session_id' => '',
  'prefix' => 'think',
  'type' => '',
  'auto_start' => true,
  'httponly' => true,
  'secure' => false,
)
[ info ] [ DB ] INIT mysql
[ info ] [ VIEW ] D:\phpstudy_pro\WWW\tp5.1\application/baidu/view\.\showall.html [ array (
  0 => 'Arr',
) ]
[ info ] [ CACHE ] INIT File
[ info ] [ LOG ] INIT File
[ sql ] [ DB ] CONNECT:[ UseTime:0.001285s ] mysql:host=127.0.0.1;dbname=Myku;charset=utf8
[ sql ] [ SQL ] SHOW COLUMNS FROM `test_article` [ RunTime:0.002064s ]
[ sql ] [ SQL ] SELECT * FROM `test_article` WHERE  `title` = '哪里可以买《三国演义》？' LIMIT 1 [ RunTime:0.001276s ]
---------------------------------------------------------------
[ 2020-06-01T08:30:15+08:00 ] 127.0.0.1 GET /baidu/Index/index
[ info ] ccc.tp51.cn/baidu/Index/index [运行时间：0.028676s][吞吐率：34.87req/s] [内存消耗：1,386.34kb] [文件加载：60]
[ info ] [ LANG ] D:\phpstudy_pro\WWW\tp5.1\thinkphp/lang/zh-cn.php
[ info ] [ ROUTE ] array (
)
[ info ] [ HEADER ] array (
  'cookie' => 'thinkphp_show_page_trace=0|0; thinkphp_show_page_trace=0|0; PHPSESSID=t57i7b07nmunb09er7s26if1ev',
  'accept-language' => 'zh-CN,zh;q=0.9',
  'accept-encoding' => 'gzip, deflate',
  'referer' => 'http://ccc.tp51.cn/baidu/Index/search?search=%E4%B8%89%E5%9B%BD',
  'accept' => 'text/html,application/xhtml+xml,application/xml;q=0.9,image/webp,image/apng,*/*;q=0.8,application/signed-exchange;v=b3;q=0.9',
  'user-agent' => 'Mozilla/5.0 (Windows NT 10.0; Win64; x64) AppleWebKit/537.36 (KHTML, like Gecko) Chrome/81.0.4044.122 Safari/537.36',
  'upgrade-insecure-requests' => '1',
  'connection' => 'close',
  'host' => 'ccc.tp51.cn',
)
[ info ] [ PARAM ] array (
)
[ info ] [ SESSION ] INIT array (
  'id' => '',
  'var_session_id' => '',
  'prefix' => 'think',
  'type' => '',
  'auto_start' => true,
  'httponly' => true,
  'secure' => false,
)
[ info ] [ VIEW ] D:\phpstudy_pro\WWW\tp5.1\application/baidu/view\.\index.html [ array (
  0 => 'res',
) ]
[ info ] [ CACHE ] INIT File
[ info ] [ LOG ] INIT File
