---------------------------------------------------------------
[ 2020-06-04T09:32:32+08:00 ] 127.0.0.1 GET /crud/Index/amend/id/1
[ info ] ccc.tp51.cn/crud/Index/amend/id/1 [运行时间：0.102913s][吞吐率：9.72req/s] [内存消耗：2,384.52kb] [文件加载：67]
[ info ] [ LANG ] D:\phpstudy_pro\WWW\tp5.1\thinkphp/lang/zh-cn.php
[ info ] [ ROUTE ] array (
)
[ info ] [ HEADER ] array (
  'cookie' => 'thinkphp_show_page_trace=0|4; thinkphp_show_page_trace=0|4; thinkphp_show_page_trace=1|0; PHPSESSID=t57i7b07nmunb09er7s26if1ev',
  'accept-language' => 'zh-CN,zh;q=0.9',
  'accept-encoding' => 'gzip, deflate',
  'referer' => 'http://ccc.tp51.cn/crud/',
  'accept' => 'text/html,application/xhtml+xml,application/xml;q=0.9,image/webp,image/apng,*/*;q=0.8,application/signed-exchange;v=b3;q=0.9',
  'user-agent' => 'Mozilla/5.0 (Windows NT 10.0; Win64; x64) AppleWebKit/537.36 (KHTML, like Gecko) Chrome/81.0.4044.122 Safari/537.36',
  'upgrade-insecure-requests' => '1',
  'cache-control' => 'no-cache',
  'pragma' => 'no-cache',
  'connection' => 'close',
  'host' => 'ccc.tp51.cn',
)
[ info ] [ PARAM ] array (
)
[ info ] [ DB ] INIT mysql
[ info ] [ VIEW ] D:\phpstudy_pro\WWW\tp5.1\application/crud/view\index\update.html [ array (
  0 => 'UpArr',
) ]
[ info ] [ CACHE ] INIT File
[ info ] [ LOG ] INIT File
[ sql ] [ DB ] CONNECT:[ UseTime:0.003360s ] mysql:host=127.0.0.1;dbname=Myku;charset=utf8
[ sql ] [ SQL ] SHOW COLUMNS FROM `staff` [ RunTime:0.005652s ]
[ sql ] [ SQL ] SELECT * FROM `staff` WHERE  `id` = 1 [ RunTime:0.001763s ]
---------------------------------------------------------------
[ 2020-06-04T09:32:36+08:00 ] 127.0.0.1 POST /crud/index/amend.html
[ info ] ccc.tp51.cn/crud/index/amend.html [运行时间：0.027272s][吞吐率：36.67req/s] [内存消耗：1,284.94kb] [文件加载：54]
[ info ] [ LANG ] D:\phpstudy_pro\WWW\tp5.1\thinkphp/lang/zh-cn.php
[ info ] [ ROUTE ] array (
)
[ info ] [ HEADER ] array (
  'cookie' => 'thinkphp_show_page_trace=1|0; thinkphp_show_page_trace=1|0; PHPSESSID=t57i7b07nmunb09er7s26if1ev',
  'accept-language' => 'zh-CN,zh;q=0.9',
  'accept-encoding' => 'gzip, deflate',
  'referer' => 'http://ccc.tp51.cn/crud/Index/amend/id/1',
  'origin' => 'http://ccc.tp51.cn',
  'content-type' => 'application/x-www-form-urlencoded; charset=UTF-8',
  'user-agent' => 'Mozilla/5.0 (Windows NT 10.0; Win64; x64) AppleWebKit/537.36 (KHTML, like Gecko) Chrome/81.0.4044.122 Safari/537.36',
  'x-requested-with' => 'XMLHttpRequest',
  'accept' => 'application/json, text/javascript, */*; q=0.01',
  'cache-control' => 'no-cache',
  'pragma' => 'no-cache',
  'content-length' => '36',
  'connection' => 'close',
  'host' => 'ccc.tp51.cn',
)
[ info ] [ PARAM ] array (
  'name' => '小刚',
  'age' => '16',
  'sex' => '1',
)
[ info ] [ LOG ] INIT File
---------------------------------------------------------------
[ 2020-06-04T09:32:41+08:00 ] 127.0.0.1 POST /crud/index/amend.html
[ info ] ccc.tp51.cn/crud/index/amend.html [运行时间：0.026415s][吞吐率：37.86req/s] [内存消耗：1,284.94kb] [文件加载：54]
[ info ] [ LANG ] D:\phpstudy_pro\WWW\tp5.1\thinkphp/lang/zh-cn.php
[ info ] [ ROUTE ] array (
)
[ info ] [ HEADER ] array (
  'cookie' => 'thinkphp_show_page_trace=1|0; thinkphp_show_page_trace=1|0; PHPSESSID=t57i7b07nmunb09er7s26if1ev',
  'accept-language' => 'zh-CN,zh;q=0.9',
  'accept-encoding' => 'gzip, deflate',
  'referer' => 'http://ccc.tp51.cn/crud/Index/amend/id/1',
  'origin' => 'http://ccc.tp51.cn',
  'content-type' => 'application/x-www-form-urlencoded; charset=UTF-8',
  'user-agent' => 'Mozilla/5.0 (Windows NT 10.0; Win64; x64) AppleWebKit/537.36 (KHTML, like Gecko) Chrome/81.0.4044.122 Safari/537.36',
  'x-requested-with' => 'XMLHttpRequest',
  'accept' => 'application/json, text/javascript, */*; q=0.01',
  'cache-control' => 'no-cache',
  'pragma' => 'no-cache',
  'content-length' => '36',
  'connection' => 'close',
  'host' => 'ccc.tp51.cn',
)
[ info ] [ PARAM ] array (
  'name' => '小刚',
  'age' => '16',
  'sex' => '1',
)
[ info ] [ LOG ] INIT File
---------------------------------------------------------------
[ 2020-06-04T09:32:45+08:00 ] 127.0.0.1 GET /crud/Index/amend/id/1
[ info ] ccc.tp51.cn/crud/Index/amend/id/1 [运行时间：0.070242s][吞吐率：14.24req/s] [内存消耗：2,384.52kb] [文件加载：67]
[ info ] [ LANG ] D:\phpstudy_pro\WWW\tp5.1\thinkphp/lang/zh-cn.php
[ info ] [ ROUTE ] array (
)
[ info ] [ HEADER ] array (
  'cookie' => 'thinkphp_show_page_trace=0|4; thinkphp_show_page_trace=0|4; thinkphp_show_page_trace=1|0; PHPSESSID=t57i7b07nmunb09er7s26if1ev',
  'accept-language' => 'zh-CN,zh;q=0.9',
  'accept-encoding' => 'gzip, deflate',
  'referer' => 'http://ccc.tp51.cn/crud/',
  'accept' => 'text/html,application/xhtml+xml,application/xml;q=0.9,image/webp,image/apng,*/*;q=0.8,application/signed-exchange;v=b3;q=0.9',
  'user-agent' => 'Mozilla/5.0 (Windows NT 10.0; Win64; x64) AppleWebKit/537.36 (KHTML, like Gecko) Chrome/81.0.4044.122 Safari/537.36',
  'upgrade-insecure-requests' => '1',
  'cache-control' => 'no-cache',
  'pragma' => 'no-cache',
  'connection' => 'close',
  'host' => 'ccc.tp51.cn',
)
[ info ] [ PARAM ] array (
)
[ info ] [ DB ] INIT mysql
[ info ] [ VIEW ] D:\phpstudy_pro\WWW\tp5.1\application/crud/view\index\update.html [ array (
  0 => 'UpArr',
) ]
[ info ] [ CACHE ] INIT File
[ info ] [ LOG ] INIT File
[ sql ] [ DB ] CONNECT:[ UseTime:0.001170s ] mysql:host=127.0.0.1;dbname=Myku;charset=utf8
[ sql ] [ SQL ] SHOW COLUMNS FROM `staff` [ RunTime:0.001757s ]
[ sql ] [ SQL ] SELECT * FROM `staff` WHERE  `id` = 1 [ RunTime:0.000945s ]
---------------------------------------------------------------
[ 2020-06-04T09:32:46+08:00 ] 127.0.0.1 GET /crud/
[ info ] ccc.tp51.cn/crud/ [运行时间：0.057406s][吞吐率：17.42req/s] [内存消耗：2,328.63kb] [文件加载：65]
[ info ] [ LANG ] D:\phpstudy_pro\WWW\tp5.1\thinkphp/lang/zh-cn.php
[ info ] [ ROUTE ] array (
)
[ info ] [ HEADER ] array (
  'cookie' => 'thinkphp_show_page_trace=1|0; PHPSESSID=t57i7b07nmunb09er7s26if1ev',
  'accept-language' => 'zh-CN,zh;q=0.9',
  'accept-encoding' => 'gzip, deflate',
  'accept' => 'text/html,application/xhtml+xml,application/xml;q=0.9,image/webp,image/apng,*/*;q=0.8,application/signed-exchange;v=b3;q=0.9',
  'user-agent' => 'Mozilla/5.0 (Windows NT 10.0; Win64; x64) AppleWebKit/537.36 (KHTML, like Gecko) Chrome/81.0.4044.122 Safari/537.36',
  'upgrade-insecure-requests' => '1',
  'cache-control' => 'no-cache',
  'pragma' => 'no-cache',
  'connection' => 'close',
  'host' => 'ccc.tp51.cn',
)
[ info ] [ PARAM ] array (
)
[ info ] [ DB ] INIT mysql
[ info ] [ VIEW ] D:\phpstudy_pro\WWW\tp5.1\application/crud/view\index\index.html [ array (
  0 => 'selectArr',
) ]
[ info ] [ CACHE ] INIT File
[ info ] [ LOG ] INIT File
[ sql ] [ DB ] CONNECT:[ UseTime:0.001087s ] mysql:host=127.0.0.1;dbname=Myku;charset=utf8
[ sql ] [ SQL ] SHOW COLUMNS FROM `staff` [ RunTime:0.001812s ]
[ sql ] [ SQL ] SELECT * FROM `staff` [ RunTime:0.001918s ]
