---------------------------------------------------------------
[ 2020-06-12T08:55:17+08:00 ] 127.0.0.1 GET /
[ info ] ccc.tp51.cn/ [运行时间：0.069764s][吞吐率：14.33req/s] [内存消耗：1,118.52kb] [文件加载：52]
[ info ] [ LANG ] D:\phpstudy_pro\WWW\tp5.1\thinkphp/lang/zh-cn.php
[ info ] [ ROUTE ] array (
)
[ info ] [ HEADER ] array (
  'cookie' => 'PHPSESSID=t57i7b07nmunb09er7s26if1ev; pgv_pvi=3933973504; pgv_si=s1704187904; thinkphp_show_page_trace=0|0',
  'accept-language' => 'zh-CN,zh;q=0.9',
  'accept-encoding' => 'gzip, deflate',
  'purpose' => 'prefetch',
  'accept' => 'text/html,application/xhtml+xml,application/xml;q=0.9,image/webp,image/apng,*/*;q=0.8,application/signed-exchange;v=b3;q=0.9',
  'user-agent' => 'Mozilla/5.0 (Windows NT 10.0; Win64; x64) AppleWebKit/537.36 (KHTML, like Gecko) Chrome/81.0.4044.122 Safari/537.36',
  'upgrade-insecure-requests' => '1',
  'connection' => 'close',
  'host' => 'ccc.tp51.cn',
)
[ info ] [ PARAM ] array (
)
[ info ] [ CACHE ] INIT File
[ info ] [ LOG ] INIT File
---------------------------------------------------------------
[ 2020-06-12T09:52:55+08:00 ] 127.0.0.1 GET /
[ info ] ccc.tp51.cn/ [运行时间：0.029757s][吞吐率：33.61req/s] [内存消耗：1,119.36kb] [文件加载：52]
[ info ] [ LANG ] D:\phpstudy_pro\WWW\tp5.1\thinkphp/lang/zh-cn.php
[ info ] [ ROUTE ] array (
)
[ info ] [ HEADER ] array (
  'cookie' => 'PHPSESSID=t57i7b07nmunb09er7s26if1ev; pgv_pvi=3933973504; pgv_si=s1704187904; thinkphp_show_page_trace=0|0',
  'accept-language' => 'zh-CN,zh;q=0.9',
  'accept-encoding' => 'gzip, deflate',
  'purpose' => 'prefetch',
  'accept' => 'text/html,application/xhtml+xml,application/xml;q=0.9,image/webp,image/apng,*/*;q=0.8,application/signed-exchange;v=b3;q=0.9',
  'user-agent' => 'Mozilla/5.0 (Windows NT 10.0; Win64; x64) AppleWebKit/537.36 (KHTML, like Gecko) Chrome/81.0.4044.122 Safari/537.36',
  'upgrade-insecure-requests' => '1',
  'connection' => 'close',
  'host' => 'ccc.tp51.cn',
)
[ info ] [ PARAM ] array (
)
[ info ] [ CACHE ] INIT File
[ info ] [ LOG ] INIT File
---------------------------------------------------------------
[ 2020-06-12T10:25:27+08:00 ] 127.0.0.1 GET /
[ info ] ccc.tp51.cn/ [运行时间：0.036375s][吞吐率：27.49req/s] [内存消耗：1,118.52kb] [文件加载：52]
[ info ] [ LANG ] D:\phpstudy_pro\WWW\tp5.1\thinkphp/lang/zh-cn.php
[ info ] [ ROUTE ] array (
)
[ info ] [ HEADER ] array (
  'cookie' => 'PHPSESSID=t57i7b07nmunb09er7s26if1ev; pgv_pvi=3933973504; pgv_si=s1704187904; thinkphp_show_page_trace=0|0',
  'accept-language' => 'zh-CN,zh;q=0.9',
  'accept-encoding' => 'gzip, deflate',
  'purpose' => 'prefetch',
  'accept' => 'text/html,application/xhtml+xml,application/xml;q=0.9,image/webp,image/apng,*/*;q=0.8,application/signed-exchange;v=b3;q=0.9',
  'user-agent' => 'Mozilla/5.0 (Windows NT 10.0; Win64; x64) AppleWebKit/537.36 (KHTML, like Gecko) Chrome/81.0.4044.122 Safari/537.36',
  'upgrade-insecure-requests' => '1',
  'connection' => 'close',
  'host' => 'ccc.tp51.cn',
)
[ info ] [ PARAM ] array (
)
[ info ] [ CACHE ] INIT File
[ info ] [ LOG ] INIT File
