---------------------------------------------------------------
[ 2020-06-18T11:06:59+08:00 ] 127.0.0.1 GET /
[ info ] ccc.tp51.cn/ [运行时间：0.054902s][吞吐率：18.21req/s] [内存消耗：1,118.16kb] [文件加载：52]
[ info ] [ LANG ] D:\phpstudy_pro\WWW\tp5.1\thinkphp/lang/zh-cn.php
[ info ] [ ROUTE ] array (
)
[ info ] [ HEADER ] array (
  'cookie' => 'pgv_pvi=3933973504',
  'accept-language' => 'zh-CN,zh;q=0.9',
  'accept-encoding' => 'gzip, deflate',
  'purpose' => 'prefetch',
  'accept' => 'text/html,application/xhtml+xml,application/xml;q=0.9,image/webp,image/apng,*/*;q=0.8,application/signed-exchange;v=b3;q=0.9',
  'user-agent' => 'Mozilla/5.0 (Windows NT 10.0; Win64; x64) AppleWebKit/537.36 (KHTML, like Gecko) Chrome/81.0.4044.122 Safari/537.36',
  'upgrade-insecure-requests' => '1',
  'connection' => 'close',
  'host' => 'ccc.tp51.cn',
)
[ info ] [ PARAM ] array (
)
[ info ] [ CACHE ] INIT File
[ info ] [ LOG ] INIT File
