---------------------------------------------------------------
[ 2020-09-09T15:25:35+08:00 ] 127.0.0.1 GET /
[ info ] xiaomi.shop/ [运行时间：0.050460s][吞吐率：19.82req/s] [内存消耗：1,002.09kb] [文件加载：65]
[ info ] [ LANG ] D:\xiaomiShop\MilletShop\thinkphp/lang/zh-cn.php
[ info ] [ LANG ] D:\xiaomiShop\MilletShop\application/lang/zh-cn.php
[ info ] [ ROUTE ] array (
)
[ info ] [ HEADER ] array (
  'accept-language' => 'zh-CN,zh;q=0.9',
  'accept-encoding' => 'gzip, deflate',
  'accept' => 'text/html,application/xhtml+xml,application/xml;q=0.9,image/webp,image/apng,*/*;q=0.8,application/signed-exchange;v=b3;q=0.9',
  'user-agent' => 'Mozilla/5.0 (Windows NT 10.0; Win64; x64) AppleWebKit/537.36 (KHTML, like Gecko) Chrome/81.0.4044.122 Safari/537.36',
  'upgrade-insecure-requests' => '1',
  'connection' => 'close',
  'host' => 'xiaomi.shop',
)
[ info ] [ PARAM ] array (
)
[ info ] [ VIEW ] D:\xiaomiShop\MilletShop\application/index/view\.\index.html [ array (
) ]
[ info ] [ CACHE ] INIT File
[ info ] [ LOG ] INIT File
---------------------------------------------------------------
[ 2020-09-09T15:25:37+08:00 ] 127.0.0.1 GET /Index/index/login
[ info ] xiaomi.shop/Index/index/login [运行时间：0.025424s][吞吐率：39.33req/s] [内存消耗：958.09kb] [文件加载：67]
[ info ] [ LANG ] D:\xiaomiShop\MilletShop\thinkphp/lang/zh-cn.php
[ info ] [ LANG ] D:\xiaomiShop\MilletShop\application/lang/zh-cn.php
[ info ] [ ROUTE ] array (
)
[ info ] [ HEADER ] array (
  'cookie' => 'thinkphp_show_page_trace=0|0',
  'accept-language' => 'zh-CN,zh;q=0.9',
  'accept-encoding' => 'gzip, deflate',
  'referer' => 'http://xiaomi.shop/',
  'accept' => 'text/html,application/xhtml+xml,application/xml;q=0.9,image/webp,image/apng,*/*;q=0.8,application/signed-exchange;v=b3;q=0.9',
  'user-agent' => 'Mozilla/5.0 (Windows NT 10.0; Win64; x64) AppleWebKit/537.36 (KHTML, like Gecko) Chrome/81.0.4044.122 Safari/537.36',
  'upgrade-insecure-requests' => '1',
  'connection' => 'close',
  'host' => 'xiaomi.shop',
)
[ info ] [ PARAM ] array (
)
[ info ] [ VIEW ] D:\xiaomiShop\MilletShop\application/index/view\.\login.html [ array (
) ]
[ info ] [ CACHE ] INIT File
[ info ] [ LOG ] INIT File
---------------------------------------------------------------
[ 2020-09-09T15:25:37+08:00 ] 127.0.0.1 GET /captcha.html
[ info ] xiaomi.shop/captcha.html [运行时间：0.060103s][吞吐率：16.64req/s] [内存消耗：473.64kb] [文件加载：54]
[ info ] [ LANG ] D:\xiaomiShop\MilletShop\thinkphp/lang/zh-cn.php
[ info ] [ LANG ] D:\xiaomiShop\MilletShop\application/lang/zh-cn.php
[ info ] [ ROUTE ] array (
  'rule' => 'captcha/[:id]',
  'route' => '\\think\\captcha\\CaptchaController@index',
  'option' => 
  array (
  ),
  'var' => 
  array (
    'id' => '',
  ),
)
[ info ] [ HEADER ] array (
  'cookie' => 'thinkphp_show_page_trace=0|0',
  'accept-language' => 'zh-CN,zh;q=0.9',
  'accept-encoding' => 'gzip, deflate',
  'referer' => 'http://xiaomi.shop/Index/index/login',
  'accept' => 'image/webp,image/apng,image/*,*/*;q=0.8',
  'user-agent' => 'Mozilla/5.0 (Windows NT 10.0; Win64; x64) AppleWebKit/537.36 (KHTML, like Gecko) Chrome/81.0.4044.122 Safari/537.36',
  'connection' => 'close',
  'host' => 'xiaomi.shop',
)
[ info ] [ PARAM ] array (
  'id' => '',
)
[ info ] [ SESSION ] INIT array (
  'id' => '',
  'var_session_id' => '',
  'prefix' => 'think',
  'type' => '',
  'auto_start' => true,
  'httponly' => true,
  'secure' => false,
)
[ info ] [ LOG ] INIT File
---------------------------------------------------------------
[ 2020-09-09T15:25:39+08:00 ] 127.0.0.1 GET /captcha.html?
[ info ] xiaomi.shop/captcha.html? [运行时间：0.009925s][吞吐率：100.75req/s] [内存消耗：473.84kb] [文件加载：54]
[ info ] [ LANG ] D:\xiaomiShop\MilletShop\thinkphp/lang/zh-cn.php
[ info ] [ LANG ] D:\xiaomiShop\MilletShop\application/lang/zh-cn.php
[ info ] [ ROUTE ] array (
  'rule' => 'captcha/[:id]',
  'route' => '\\think\\captcha\\CaptchaController@index',
  'option' => 
  array (
  ),
  'var' => 
  array (
    'id' => '',
  ),
)
[ info ] [ HEADER ] array (
  'cookie' => 'thinkphp_show_page_trace=0|0; PHPSESSID=gkmhci9vcvd7mmt97ts8f48mi4',
  'accept-language' => 'zh-CN,zh;q=0.9',
  'accept-encoding' => 'gzip, deflate',
  'referer' => 'http://xiaomi.shop/Index/index/login',
  'accept' => 'image/webp,image/apng,image/*,*/*;q=0.8',
  'user-agent' => 'Mozilla/5.0 (Windows NT 10.0; Win64; x64) AppleWebKit/537.36 (KHTML, like Gecko) Chrome/81.0.4044.122 Safari/537.36',
  'connection' => 'close',
  'host' => 'xiaomi.shop',
)
[ info ] [ PARAM ] array (
  'id' => '',
)
[ info ] [ SESSION ] INIT array (
  'id' => '',
  'var_session_id' => '',
  'prefix' => 'think',
  'type' => '',
  'auto_start' => true,
  'httponly' => true,
  'secure' => false,
)
[ info ] [ LOG ] INIT File
---------------------------------------------------------------
[ 2020-09-09T15:25:40+08:00 ] 127.0.0.1 GET /captcha.html??
[ info ] xiaomi.shop/captcha.html?? [运行时间：0.014226s][吞吐率：70.29req/s] [内存消耗：473.86kb] [文件加载：54]
[ info ] [ LANG ] D:\xiaomiShop\MilletShop\thinkphp/lang/zh-cn.php
[ info ] [ LANG ] D:\xiaomiShop\MilletShop\application/lang/zh-cn.php
[ info ] [ ROUTE ] array (
  'rule' => 'captcha/[:id]',
  'route' => '\\think\\captcha\\CaptchaController@index',
  'option' => 
  array (
  ),
  'var' => 
  array (
    'id' => '',
  ),
)
[ info ] [ HEADER ] array (
  'cookie' => 'thinkphp_show_page_trace=0|0; PHPSESSID=gkmhci9vcvd7mmt97ts8f48mi4',
  'accept-language' => 'zh-CN,zh;q=0.9',
  'accept-encoding' => 'gzip, deflate',
  'referer' => 'http://xiaomi.shop/Index/index/login',
  'accept' => 'image/webp,image/apng,image/*,*/*;q=0.8',
  'user-agent' => 'Mozilla/5.0 (Windows NT 10.0; Win64; x64) AppleWebKit/537.36 (KHTML, like Gecko) Chrome/81.0.4044.122 Safari/537.36',
  'connection' => 'close',
  'host' => 'xiaomi.shop',
)
[ info ] [ PARAM ] array (
  '?' => '',
  'id' => '',
)
[ info ] [ SESSION ] INIT array (
  'id' => '',
  'var_session_id' => '',
  'prefix' => 'think',
  'type' => '',
  'auto_start' => true,
  'httponly' => true,
  'secure' => false,
)
[ info ] [ LOG ] INIT File
---------------------------------------------------------------
[ 2020-09-09T15:25:40+08:00 ] 127.0.0.1 GET /captcha.html???
[ info ] xiaomi.shop/captcha.html??? [运行时间：0.014525s][吞吐率：68.85req/s] [内存消耗：473.86kb] [文件加载：54]
[ info ] [ LANG ] D:\xiaomiShop\MilletShop\thinkphp/lang/zh-cn.php
[ info ] [ LANG ] D:\xiaomiShop\MilletShop\application/lang/zh-cn.php
[ info ] [ ROUTE ] array (
  'rule' => 'captcha/[:id]',
  'route' => '\\think\\captcha\\CaptchaController@index',
  'option' => 
  array (
  ),
  'var' => 
  array (
    'id' => '',
  ),
)
[ info ] [ HEADER ] array (
  'cookie' => 'thinkphp_show_page_trace=0|0; PHPSESSID=gkmhci9vcvd7mmt97ts8f48mi4',
  'accept-language' => 'zh-CN,zh;q=0.9',
  'accept-encoding' => 'gzip, deflate',
  'referer' => 'http://xiaomi.shop/Index/index/login',
  'accept' => 'image/webp,image/apng,image/*,*/*;q=0.8',
  'user-agent' => 'Mozilla/5.0 (Windows NT 10.0; Win64; x64) AppleWebKit/537.36 (KHTML, like Gecko) Chrome/81.0.4044.122 Safari/537.36',
  'connection' => 'close',
  'host' => 'xiaomi.shop',
)
[ info ] [ PARAM ] array (
  '??' => '',
  'id' => '',
)
[ info ] [ SESSION ] INIT array (
  'id' => '',
  'var_session_id' => '',
  'prefix' => 'think',
  'type' => '',
  'auto_start' => true,
  'httponly' => true,
  'secure' => false,
)
[ info ] [ LOG ] INIT File
---------------------------------------------------------------
[ 2020-09-09T15:25:40+08:00 ] 127.0.0.1 GET /captcha.html????
[ info ] xiaomi.shop/captcha.html???? [运行时间：0.010818s][吞吐率：92.44req/s] [内存消耗：473.86kb] [文件加载：54]
[ info ] [ LANG ] D:\xiaomiShop\MilletShop\thinkphp/lang/zh-cn.php
[ info ] [ LANG ] D:\xiaomiShop\MilletShop\application/lang/zh-cn.php
[ info ] [ ROUTE ] array (
  'rule' => 'captcha/[:id]',
  'route' => '\\think\\captcha\\CaptchaController@index',
  'option' => 
  array (
  ),
  'var' => 
  array (
    'id' => '',
  ),
)
[ info ] [ HEADER ] array (
  'cookie' => 'thinkphp_show_page_trace=0|0; PHPSESSID=gkmhci9vcvd7mmt97ts8f48mi4',
  'accept-language' => 'zh-CN,zh;q=0.9',
  'accept-encoding' => 'gzip, deflate',
  'referer' => 'http://xiaomi.shop/Index/index/login',
  'accept' => 'image/webp,image/apng,image/*,*/*;q=0.8',
  'user-agent' => 'Mozilla/5.0 (Windows NT 10.0; Win64; x64) AppleWebKit/537.36 (KHTML, like Gecko) Chrome/81.0.4044.122 Safari/537.36',
  'connection' => 'close',
  'host' => 'xiaomi.shop',
)
[ info ] [ PARAM ] array (
  '???' => '',
  'id' => '',
)
[ info ] [ SESSION ] INIT array (
  'id' => '',
  'var_session_id' => '',
  'prefix' => 'think',
  'type' => '',
  'auto_start' => true,
  'httponly' => true,
  'secure' => false,
)
[ info ] [ LOG ] INIT File
---------------------------------------------------------------
[ 2020-09-09T15:25:40+08:00 ] 127.0.0.1 GET /captcha.html?????
[ info ] xiaomi.shop/captcha.html????? [运行时间：0.015252s][吞吐率：65.57req/s] [内存消耗：473.86kb] [文件加载：54]
[ info ] [ LANG ] D:\xiaomiShop\MilletShop\thinkphp/lang/zh-cn.php
[ info ] [ LANG ] D:\xiaomiShop\MilletShop\application/lang/zh-cn.php
[ info ] [ ROUTE ] array (
  'rule' => 'captcha/[:id]',
  'route' => '\\think\\captcha\\CaptchaController@index',
  'option' => 
  array (
  ),
  'var' => 
  array (
    'id' => '',
  ),
)
[ info ] [ HEADER ] array (
  'cookie' => 'thinkphp_show_page_trace=0|0; PHPSESSID=gkmhci9vcvd7mmt97ts8f48mi4',
  'accept-language' => 'zh-CN,zh;q=0.9',
  'accept-encoding' => 'gzip, deflate',
  'referer' => 'http://xiaomi.shop/Index/index/login',
  'accept' => 'image/webp,image/apng,image/*,*/*;q=0.8',
  'user-agent' => 'Mozilla/5.0 (Windows NT 10.0; Win64; x64) AppleWebKit/537.36 (KHTML, like Gecko) Chrome/81.0.4044.122 Safari/537.36',
  'connection' => 'close',
  'host' => 'xiaomi.shop',
)
[ info ] [ PARAM ] array (
  '????' => '',
  'id' => '',
)
[ info ] [ SESSION ] INIT array (
  'id' => '',
  'var_session_id' => '',
  'prefix' => 'think',
  'type' => '',
  'auto_start' => true,
  'httponly' => true,
  'secure' => false,
)
[ info ] [ LOG ] INIT File
---------------------------------------------------------------
[ 2020-09-09T15:25:41+08:00 ] 127.0.0.1 GET /captcha.html??????
[ info ] xiaomi.shop/captcha.html?????? [运行时间：0.010359s][吞吐率：96.53req/s] [内存消耗：473.86kb] [文件加载：54]
[ info ] [ LANG ] D:\xiaomiShop\MilletShop\thinkphp/lang/zh-cn.php
[ info ] [ LANG ] D:\xiaomiShop\MilletShop\application/lang/zh-cn.php
[ info ] [ ROUTE ] array (
  'rule' => 'captcha/[:id]',
  'route' => '\\think\\captcha\\CaptchaController@index',
  'option' => 
  array (
  ),
  'var' => 
  array (
    'id' => '',
  ),
)
[ info ] [ HEADER ] array (
  'cookie' => 'thinkphp_show_page_trace=0|0; PHPSESSID=gkmhci9vcvd7mmt97ts8f48mi4',
  'accept-language' => 'zh-CN,zh;q=0.9',
  'accept-encoding' => 'gzip, deflate',
  'referer' => 'http://xiaomi.shop/Index/index/login',
  'accept' => 'image/webp,image/apng,image/*,*/*;q=0.8',
  'user-agent' => 'Mozilla/5.0 (Windows NT 10.0; Win64; x64) AppleWebKit/537.36 (KHTML, like Gecko) Chrome/81.0.4044.122 Safari/537.36',
  'connection' => 'close',
  'host' => 'xiaomi.shop',
)
[ info ] [ PARAM ] array (
  '?????' => '',
  'id' => '',
)
[ info ] [ SESSION ] INIT array (
  'id' => '',
  'var_session_id' => '',
  'prefix' => 'think',
  'type' => '',
  'auto_start' => true,
  'httponly' => true,
  'secure' => false,
)
[ info ] [ LOG ] INIT File
---------------------------------------------------------------
[ 2020-09-09T15:25:41+08:00 ] 127.0.0.1 GET /captcha.html???????
[ info ] xiaomi.shop/captcha.html??????? [运行时间：0.013855s][吞吐率：72.17req/s] [内存消耗：473.86kb] [文件加载：54]
[ info ] [ LANG ] D:\xiaomiShop\MilletShop\thinkphp/lang/zh-cn.php
[ info ] [ LANG ] D:\xiaomiShop\MilletShop\application/lang/zh-cn.php
[ info ] [ ROUTE ] array (
  'rule' => 'captcha/[:id]',
  'route' => '\\think\\captcha\\CaptchaController@index',
  'option' => 
  array (
  ),
  'var' => 
  array (
    'id' => '',
  ),
)
[ info ] [ HEADER ] array (
  'cookie' => 'thinkphp_show_page_trace=0|0; PHPSESSID=gkmhci9vcvd7mmt97ts8f48mi4',
  'accept-language' => 'zh-CN,zh;q=0.9',
  'accept-encoding' => 'gzip, deflate',
  'referer' => 'http://xiaomi.shop/Index/index/login',
  'accept' => 'image/webp,image/apng,image/*,*/*;q=0.8',
  'user-agent' => 'Mozilla/5.0 (Windows NT 10.0; Win64; x64) AppleWebKit/537.36 (KHTML, like Gecko) Chrome/81.0.4044.122 Safari/537.36',
  'connection' => 'close',
  'host' => 'xiaomi.shop',
)
[ info ] [ PARAM ] array (
  '??????' => '',
  'id' => '',
)
[ info ] [ SESSION ] INIT array (
  'id' => '',
  'var_session_id' => '',
  'prefix' => 'think',
  'type' => '',
  'auto_start' => true,
  'httponly' => true,
  'secure' => false,
)
[ info ] [ LOG ] INIT File
